2021/07/05 17:27:50 Multi Sale 0xde8957e950ca812dc82c2af56763a6c50fa759c9810ba1109f71cf0cc7cd2521 0x0C110D076E7f0CaEF33F1670945f4D8cA7D86793 0xDb89C1C66191E6B3Af2A299fbfF2E22EB1Fe1AE0 0 1 0.235750000000000000
2021/07/05 17:27:52 Multi 0x0C110D076E7f0CaEF33F1670945f4D8cA7D86793 0x980346287de09db852d5c97edbcd462e294d7f014bc3ec81af9c2dd5c09e9510 0xdf4837218075c62e1B631BEE0a3c6e8df66cF8C8 0x0000000000000000000000000000000000000000 0xA55a74B9a0e9F3e091CF56aC7241eC58BB2a323e 1 10
2021/07/05 17:27:52 Multi 0x0C110D076E7f0CaEF33F1670945f4D8cA7D86793 0x8f2ab0a8f95e7dd0c89859bb2c072f3de6dd26b15a303b9be401c872b75f4ac3 0xdf4837218075c62e1B631BEE0a3c6e8df66cF8C8 0x0000000000000000000000000000000000000000 0xA55a74B9a0e9F3e091CF56aC7241eC58BB2a323e 10 50
2021/07/05 17:27:53 Multi 0x0C110D076E7f0CaEF33F1670945f4D8cA7D86793 0xef838204bc223bb6acf0129fffde1eca36a908d55b766d3f66c66e186bf7f5f3 0xdf4837218075c62e1B631BEE0a3c6e8df66cF8C8 0x0000000000000000000000000000000000000000 0xA55a74B9a0e9F3e091CF56aC7241eC58BB2a323e 9 10
2021/07/05 17:27:53 Multi 0x0C110D076E7f0CaEF33F1670945f4D8cA7D86793 0xc5bdc447f3b678e15fe2fd1d130639afd6e66cd295de8ab00c08b02a5578465e 0xdf4837218075c62e1B631BEE0a3c6e8df66cF8C8 0x0000000000000000000000000000000000000000 0xA55a74B9a0e9F3e091CF56aC7241eC58BB2a323e 45 25
2021/07/05 17:27:53 Multi 0x0C110D076E7f0CaEF33F1670945f4D8cA7D86793 0xcd19e59f2f9c56cb2eb10255dd5c0cbc2b9352b7af56498b00e3a94ff8fbd76f 0xdf4837218075c62e1B631BEE0a3c6e8df66cF8C8 0x0000000000000000000000000000000000000000 0xA55a74B9a0e9F3e091CF56aC7241eC58BB2a323e 44 1
2021/07/05 17:27:53 Multi 0x0C110D076E7f0CaEF33F1670945f4D8cA7D86793 0xadd0a0cdd4d987c341b6f006c62c1ed01b1e90e801e43c13d6e6f85fd057d704 0xdf4837218075c62e1B631BEE0a3c6e8df66cF8C8 0x0000000000000000000000000000000000000000 0xA55a74B9a0e9F3e091CF56aC7241eC58BB2a323e 43 1
2021/07/05 17:27:56 Multi Sale 0xcfc1146c098fe6606896c6cf2d38e01f5e84e2e63041df39a5f2c4b5d8c9383a 0x0C110D076E7f0CaEF33F1670945f4D8cA7D86793 0xa1EFF0887B93e18bB0f59334a0CB57148BC2086f 0 1 0.589375000000000000
2021/07/05 17:28:00 Multi 0x0C110D076E7f0CaEF33F1670945f4D8cA7D86793 0xde8957e950ca812dc82c2af56763a6c50fa759c9810ba1109f71cf0cc7cd2521 0xF63FC5757cc8e2f290AfA0c8386c800dc7cc834d 0xA55a74B9a0e9F3e091CF56aC7241eC58BB2a323e 0xDb89C1C66191E6B3Af2A299fbfF2E22EB1Fe1AE0 1 1
2021/07/05 17:28:04 Multi 0x0C110D076E7f0CaEF33F1670945f4D8cA7D86793 0x7da671800f742095e8d686edd2fca555f5aae9db3aec9724ff6f2a9b623551e1 0xF63FC5757cc8e2f290AfA0c8386c800dc7cc834d 0x0000000000000000000000000000000000000000 0xA55a74B9a0e9F3e091CF56aC7241eC58BB2a323e 12 1
2021/07/05 17:28:05 Multi 0x0C110D076E7f0CaEF33F1670945f4D8cA7D86793 0xf667190a83026d8be7a559f9d2ee5e10aa91ef65169829bdf573dfdd73ec5731 0xF63FC5757cc8e2f290AfA0c8386c800dc7cc834d 0x0000000000000000000000000000000000000000 0xA55a74B9a0e9F3e091CF56aC7241eC58BB2a323e 13 1
2021/07/05 17:28:05 Multi 0x0C110D076E7f0CaEF33F1670945f4D8cA7D86793 0xabd328f3afe24020c845265e2e0c9f7f62c60e1273ef11f51d3980900cbefb43 0xF63FC5757cc8e2f290AfA0c8386c800dc7cc834d 0x0000000000000000000000000000000000000000 0xA55a74B9a0e9F3e091CF56aC7241eC58BB2a323e 14 1
2021/07/05 17:28:05 Multi 0x0C110D076E7f0CaEF33F1670945f4D8cA7D86793 0xcfc1146c098fe6606896c6cf2d38e01f5e84e2e63041df39a5f2c4b5d8c9383a 0xF63FC5757cc8e2f290AfA0c8386c800dc7cc834d 0xA55a74B9a0e9F3e091CF56aC7241eC58BB2a323e 0xa1EFF0887B93e18bB0f59334a0CB57148BC2086f 45 1
2021/07/05 17:28:05 Multi 0x0C110D076E7f0CaEF33F1670945f4D8cA7D86793 0x5e719895600fef70b4447d94a44ec5b6aa127e919d90b4545cc2ea39088f3910 0xF63FC5757cc8e2f290AfA0c8386c800dc7cc834d 0x0000000000000000000000000000000000000000 0xA55a74B9a0e9F3e091CF56aC7241eC58BB2a323e 15 1
2021/07/05 17:28:05 Multi 0x0C110D076E7f0CaEF33F1670945f4D8cA7D86793 0x56e4f3c9677a814dfea233e88a0ba5de997c8d0c62fb89a1d9ec89aeafe1f3ec 0xF63FC5757cc8e2f290AfA0c8386c800dc7cc834d 0x0000000000000000000000000000000000000000 0xA55a74B9a0e9F3e091CF56aC7241eC58BB2a323e 16 1
2021/07/05 17:28:06 Multi 0x0C110D076E7f0CaEF33F1670945f4D8cA7D86793 0xc3130b09933ca2f860f1a7b1f11adc1e54cc49d4ba2f09ffb907b8b30a05bd6c 0xF63FC5757cc8e2f290AfA0c8386c800dc7cc834d 0x0000000000000000000000000000000000000000 0xA55a74B9a0e9F3e091CF56aC7241eC58BB2a323e 17 1
2021/07/05 17:28:06 Multi 0x0C110D076E7f0CaEF33F1670945f4D8cA7D86793 0x45f6b123a11ea5230665bb26198ce7e12ef319256d3e7b47411e1ee98ed24a62 0xF63FC5757cc8e2f290AfA0c8386c800dc7cc834d 0x0000000000000000000000000000000000000000 0xA55a74B9a0e9F3e091CF56aC7241eC58BB2a323e 18 1
2021/07/05 17:28:08 Multi Sale 0x98a9c4cabb472122c5d5be910a158d146e0cf60dbbb0dcd4c0897b51d054086c 0x0C110D076E7f0CaEF33F1670945f4D8cA7D86793 0x16d9d13bFDee5012b5CE81a2e5E621a3362b94b9 0 1 0.353625000000000000
2021/07/05 17:28:08 Multi Sale 0x84a1bbe6aab669733bcd60467698daa757421e8069a35a1fd5674a76796aaeaa 0x0C110D076E7f0CaEF33F1670945f4D8cA7D86793 0x16d9d13bFDee5012b5CE81a2e5E621a3362b94b9 0 1 0.353625000000000000
2021/07/05 17:28:09 Multi Sale 0x0f477929896293be40c794ae79d3aa795b1489856bd6a75d3407d6c093ef1817 0x0C110D076E7f0CaEF33F1670945f4D8cA7D86793 0x16d9d13bFDee5012b5CE81a2e5E621a3362b94b9 0 1 0.353625000000000000
2021/07/05 17:28:10 Multi 0x0C110D076E7f0CaEF33F1670945f4D8cA7D86793 0x77880f1f32452e176e6541e37cbf9f24d1c69118308401aba7783afbb6db293d 0xF63FC5757cc8e2f290AfA0c8386c800dc7cc834d 0x0000000000000000000000000000000000000000 0xA55a74B9a0e9F3e091CF56aC7241eC58BB2a323e 19 1
2021/07/05 17:28:10 Multi 0x0C110D076E7f0CaEF33F1670945f4D8cA7D86793 0x905202c872c90ed8864b60fa550d7502bc761ba4514258d3d8fedb056f38e531 0xA55a74B9a0e9F3e091CF56aC7241eC58BB2a323e 0xA55a74B9a0e9F3e091CF56aC7241eC58BB2a323e 0x99cCdB3B9b96f8045939842FBA85a47ced5e61bB 13 1
2021/07/05 17:28:10 Multi 0x0C110D076E7f0CaEF33F1670945f4D8cA7D86793 0x18daa51d17f54a446347300f29a493064ed470d42104bd7d70553da4401fe6d7 0xA55a74B9a0e9F3e091CF56aC7241eC58BB2a323e 0xA55a74B9a0e9F3e091CF56aC7241eC58BB2a323e 0x99cCdB3B9b96f8045939842FBA85a47ced5e61bB 14 1
2021/07/05 17:28:10 Multi 0x0C110D076E7f0CaEF33F1670945f4D8cA7D86793 0x523aa6474e128569e1db912ca22ce9892cbb8ff6a183f2fbc74cc16630296ca4 0xA55a74B9a0e9F3e091CF56aC7241eC58BB2a323e 0xA55a74B9a0e9F3e091CF56aC7241eC58BB2a323e 0x99cCdB3B9b96f8045939842FBA85a47ced5e61bB 15 1
2021/07/05 17:28:11 Multi 0x0C110D076E7f0CaEF33F1670945f4D8cA7D86793 0x30de58976d713afcc0ebc710397dc3b9ebf3185a23beb98a69ddd0bfed2dda5f 0xF63FC5757cc8e2f290AfA0c8386c800dc7cc834d 0x0000000000000000000000000000000000000000 0xA55a74B9a0e9F3e091CF56aC7241eC58BB2a323e 20 1
2021/07/05 17:28:11 Multi 0x0C110D076E7f0CaEF33F1670945f4D8cA7D86793 0x68df226a8cdcf451eb202942e7cbae4b594f156ed3363480a59eb45fb0e3680e 0xA55a74B9a0e9F3e091CF56aC7241eC58BB2a323e 0xA55a74B9a0e9F3e091CF56aC7241eC58BB2a323e 0xa1EFF0887B93e18bB0f59334a0CB57148BC2086f 20 1
2021/07/05 17:28:11 Multi 0x0C110D076E7f0CaEF33F1670945f4D8cA7D86793 0xfac8398eec6b7914ec5c597e4ff22a23b792ca16d40e97817a9834070cf0491e 0xF63FC5757cc8e2f290AfA0c8386c800dc7cc834d 0x0000000000000000000000000000000000000000 0xA55a74B9a0e9F3e091CF56aC7241eC58BB2a323e 21 1
2021/07/05 17:28:11 Multi 0x0C110D076E7f0CaEF33F1670945f4D8cA7D86793 0xc7484b34f9cd4a0355650ce101a40accd52c666b0781193698ea3056921e5aa8 0xF63FC5757cc8e2f290AfA0c8386c800dc7cc834d 0x0000000000000000000000000000000000000000 0xA55a74B9a0e9F3e091CF56aC7241eC58BB2a323e 22 1
2021/07/05 17:28:12 Multi 0x0C110D076E7f0CaEF33F1670945f4D8cA7D86793 0xb90b48de331969fea84635d9e629d88cf6766189d129c3d5f98b69fe7359f57b 0xA55a74B9a0e9F3e091CF56aC7241eC58BB2a323e 0xA55a74B9a0e9F3e091CF56aC7241eC58BB2a323e 0xa1EFF0887B93e18bB0f59334a0CB57148BC2086f 22 1
2021/07/05 17:28:12 Multi 0x0C110D076E7f0CaEF33F1670945f4D8cA7D86793 0x799eb43a8cf7ba47b8d32add3f42bbd94706af149fef63c45e8a51cbb1d24252 0xF63FC5757cc8e2f290AfA0c8386c800dc7cc834d 0x0000000000000000000000000000000000000000 0xA55a74B9a0e9F3e091CF56aC7241eC58BB2a323e 23 1
2021/07/05 17:28:12 Multi 0x0C110D076E7f0CaEF33F1670945f4D8cA7D86793 0xdc2c4a777a32db48755caf1c4ac167bd59e215a47b620d1b9be3ce515337874e 0xF63FC5757cc8e2f290AfA0c8386c800dc7cc834d 0x0000000000000000000000000000000000000000 0xA55a74B9a0e9F3e091CF56aC7241eC58BB2a323e 24 1
2021/07/05 17:28:12 Multi 0x0C110D076E7f0CaEF33F1670945f4D8cA7D86793 0x23915b99c436b0cddee05c5456759d2cb5cb792c8a6518a71f9e31e2151503ad 0xA55a74B9a0e9F3e091CF56aC7241eC58BB2a323e 0xA55a74B9a0e9F3e091CF56aC7241eC58BB2a323e 0xa1EFF0887B93e18bB0f59334a0CB57148BC2086f 24 1
2021/07/05 17:28:13 Multi 0x0C110D076E7f0CaEF33F1670945f4D8cA7D86793 0x497c6333eee3f1c723c4678b64283bddeaf16d642f09ce60eab80f59e29cf169 0xF63FC5757cc8e2f290AfA0c8386c800dc7cc834d 0x0000000000000000000000000000000000000000 0xA55a74B9a0e9F3e091CF56aC7241eC58BB2a323e 25 1
2021/07/05 17:28:13 Multi 0x0C110D076E7f0CaEF33F1670945f4D8cA7D86793 0xeba46a00728cf3658c5d568a4c05b7ccae909e2febe9e07e4ae4b81da9dab5e7 0xA55a74B9a0e9F3e091CF56aC7241eC58BB2a323e 0xA55a74B9a0e9F3e091CF56aC7241eC58BB2a323e 0xa1EFF0887B93e18bB0f59334a0CB57148BC2086f 25 1
2021/07/05 17:28:13 Multi 0x0C110D076E7f0CaEF33F1670945f4D8cA7D86793 0x504f4f95d914543abf800889fdbed7fccb110173cb5086ff49af8307a71f8d76 0xF63FC5757cc8e2f290AfA0c8386c800dc7cc834d 0x0000000000000000000000000000000000000000 0xA55a74B9a0e9F3e091CF56aC7241eC58BB2a323e 26 1
2021/07/05 17:28:13 Multi 0x0C110D076E7f0CaEF33F1670945f4D8cA7D86793 0x99226c98e2a5992560d4f42fdbb16460b1469ab8a501105f2182fb18f95b789d 0xF63FC5757cc8e2f290AfA0c8386c800dc7cc834d 0x0000000000000000000000000000000000000000 0xA55a74B9a0e9F3e091CF56aC7241eC58BB2a323e 27 1
2021/07/05 17:28:13 Multi 0x0C110D076E7f0CaEF33F1670945f4D8cA7D86793 0x04d7fbc322aaaf38988be7eba0e0b847ce2892b313faadc9e632bced776f8c5f 0xF63FC5757cc8e2f290AfA0c8386c800dc7cc834d 0x0000000000000000000000000000000000000000 0xA55a74B9a0e9F3e091CF56aC7241eC58BB2a323e 28 1
2021/07/05 17:28:14 Multi 0x0C110D076E7f0CaEF33F1670945f4D8cA7D86793 0x9f619e712682992975cffdc90b286e40ff4111550da5091bf37d3b46c08b5ead 0xF63FC5757cc8e2f290AfA0c8386c800dc7cc834d 0x0000000000000000000000000000000000000000 0xA55a74B9a0e9F3e091CF56aC7241eC58BB2a323e 29 1
2021/07/05 17:28:14 Multi 0x0C110D076E7f0CaEF33F1670945f4D8cA7D86793 0x7ae231f85bb78dabc37f4551f4e34aabb1e0408da5e90cfceaa3f8b67b09fb76 0xA55a74B9a0e9F3e091CF56aC7241eC58BB2a323e 0xA55a74B9a0e9F3e091CF56aC7241eC58BB2a323e 0xa1EFF0887B93e18bB0f59334a0CB57148BC2086f 29 1
2021/07/05 17:28:14 Multi 0x0C110D076E7f0CaEF33F1670945f4D8cA7D86793 0x0a02504fcc506bca967d5066a4b0fe82b74701022e3acc4e21bbf4572d5ce34d 0xF63FC5757cc8e2f290AfA0c8386c800dc7cc834d 0x0000000000000000000000000000000000000000 0xA55a74B9a0e9F3e091CF56aC7241eC58BB2a323e 30 1
2021/07/05 17:28:14 Multi 0x0C110D076E7f0CaEF33F1670945f4D8cA7D86793 0x330e098c3aa3ff159d0a8821ed90e8637b0daafdc67251702aed821c0ea8776f 0xA55a74B9a0e9F3e091CF56aC7241eC58BB2a323e 0xA55a74B9a0e9F3e091CF56aC7241eC58BB2a323e 0xa1EFF0887B93e18bB0f59334a0CB57148BC2086f 30 1
2021/07/05 17:28:15 Multi 0x0C110D076E7f0CaEF33F1670945f4D8cA7D86793 0x820eee812d160b466454eed462273169f669794044298812db4e85cd8f17531d 0xF63FC5757cc8e2f290AfA0c8386c800dc7cc834d 0x0000000000000000000000000000000000000000 0xA55a74B9a0e9F3e091CF56aC7241eC58BB2a323e 31 1
2021/07/05 17:28:15 Multi 0x0C110D076E7f0CaEF33F1670945f4D8cA7D86793 0x435baac6e5f58c5f00f3d4112485b359950485b7d3942f20d24714515367188d 0xF63FC5757cc8e2f290AfA0c8386c800dc7cc834d 0x0000000000000000000000000000000000000000 0xA55a74B9a0e9F3e091CF56aC7241eC58BB2a323e 32 1
2021/07/05 17:28:15 Multi 0x0C110D076E7f0CaEF33F1670945f4D8cA7D86793 0x6a4665764f92fdfcc88f6b8c3a0a0e44a5c5a3b9a0e938125cb72f14691d4974 0xF63FC5757cc8e2f290AfA0c8386c800dc7cc834d 0x0000000000000000000000000000000000000000 0xA55a74B9a0e9F3e091CF56aC7241eC58BB2a323e 33 1
2021/07/05 17:28:15 Multi 0x0C110D076E7f0CaEF33F1670945f4D8cA7D86793 0x36d321c7644bd242b01b4d5c932d0e32e6b6c2a3c8570e2b7daa743f89dc5fe9 0xA55a74B9a0e9F3e091CF56aC7241eC58BB2a323e 0xA55a74B9a0e9F3e091CF56aC7241eC58BB2a323e 0xa1EFF0887B93e18bB0f59334a0CB57148BC2086f 33 1
2021/07/05 17:28:16 Multi 0x0C110D076E7f0CaEF33F1670945f4D8cA7D86793 0x2355014365a4379c6e966398cc71efcfdf0b8f6c830cd95fbc975e1c04604f99 0xF63FC5757cc8e2f290AfA0c8386c800dc7cc834d 0x0000000000000000000000000000000000000000 0xA55a74B9a0e9F3e091CF56aC7241eC58BB2a323e 34 1
2021/07/05 17:28:16 Multi 0x0C110D076E7f0CaEF33F1670945f4D8cA7D86793 0xa5aac718384a37a75ca6c52ee7047c9cf03970ec9b2c68ed1704d6d2ce21cb14 0xF63FC5757cc8e2f290AfA0c8386c800dc7cc834d 0x0000000000000000000000000000000000000000 0xA55a74B9a0e9F3e091CF56aC7241eC58BB2a323e 35 1
2021/07/05 17:28:16 Multi 0x0C110D076E7f0CaEF33F1670945f4D8cA7D86793 0x43983c584365408e228efe178a7c03d1a4503e981cf2b88719418e24124a02aa 0xF63FC5757cc8e2f290AfA0c8386c800dc7cc834d 0x0000000000000000000000000000000000000000 0xA55a74B9a0e9F3e091CF56aC7241eC58BB2a323e 36 1
2021/07/05 17:28:16 Multi 0x0C110D076E7f0CaEF33F1670945f4D8cA7D86793 0x4479f747b56e50efccde0a7bc6ba9a1d4d3a511d495bd988d082de6ab04bf88f 0xF63FC5757cc8e2f290AfA0c8386c800dc7cc834d 0x0000000000000000000000000000000000000000 0xA55a74B9a0e9F3e091CF56aC7241eC58BB2a323e 37 1
2021/07/05 17:28:16 Multi 0x0C110D076E7f0CaEF33F1670945f4D8cA7D86793 0x1ad96d4328ab77319e7854c354e6627b940897084e214890a12450bd5d7fd17e 0xF63FC5757cc8e2f290AfA0c8386c800dc7cc834d 0x0000000000000000000000000000000000000000 0xA55a74B9a0e9F3e091CF56aC7241eC58BB2a323e 38 1
2021/07/05 17:28:17 Multi 0x0C110D076E7f0CaEF33F1670945f4D8cA7D86793 0xfc0594be19f39f0db22e36f441903b05613a72c09ce0da6e44fd29de5ba86275 0xF63FC5757cc8e2f290AfA0c8386c800dc7cc834d 0x0000000000000000000000000000000000000000 0xA55a74B9a0e9F3e091CF56aC7241eC58BB2a323e 39 1
2021/07/05 17:28:17 Multi 0x0C110D076E7f0CaEF33F1670945f4D8cA7D86793 0xc63bfa277744bc38c9da3336782fc84b37a95c63f795c68e9bd02a75b28fc33c 0xF63FC5757cc8e2f290AfA0c8386c800dc7cc834d 0x0000000000000000000000000000000000000000 0xA55a74B9a0e9F3e091CF56aC7241eC58BB2a323e 41 1
2021/07/05 17:28:17 Multi 0x0C110D076E7f0CaEF33F1670945f4D8cA7D86793 0xf008fb1713dea46c5e152aac03d5d3ca53150a99b2deb4df261d4513ddc92d70 0xF63FC5757cc8e2f290AfA0c8386c800dc7cc834d 0x0000000000000000000000000000000000000000 0xA55a74B9a0e9F3e091CF56aC7241eC58BB2a323e 42 1
2021/07/05 17:28:17 Multi 0x0C110D076E7f0CaEF33F1670945f4D8cA7D86793 0x35531770311f5fbf98921030b7fd12b8d049733bc0c074c435e11c41946ad0da 0xF63FC5757cc8e2f290AfA0c8386c800dc7cc834d 0x0000000000000000000000000000000000000000 0xA55a74B9a0e9F3e091CF56aC7241eC58BB2a323e 46 1
2021/07/05 17:28:18 Multi 0x0C110D076E7f0CaEF33F1670945f4D8cA7D86793 0x175803e263c9e3517b3209ba4fea9edc27aee39238fe644dcf903cc63b83ca62 0xF63FC5757cc8e2f290AfA0c8386c800dc7cc834d 0x0000000000000000000000000000000000000000 0xA55a74B9a0e9F3e091CF56aC7241eC58BB2a323e 47 1
2021/07/05 17:28:18 Multi 0x0C110D076E7f0CaEF33F1670945f4D8cA7D86793 0xf4bf6004ac810f177d3d6d02ef225b36a08864c5c8d7b63fd95d766679324df9 0xF63FC5757cc8e2f290AfA0c8386c800dc7cc834d 0x0000000000000000000000000000000000000000 0xA55a74B9a0e9F3e091CF56aC7241eC58BB2a323e 48 1
2021/07/05 17:28:18 Multi 0x0C110D076E7f0CaEF33F1670945f4D8cA7D86793 0xc407ae4bdf41c371f62dccba879b517170690ce75f7f762648195d86b8a500ce 0xF63FC5757cc8e2f290AfA0c8386c800dc7cc834d 0x0000000000000000000000000000000000000000 0xA55a74B9a0e9F3e091CF56aC7241eC58BB2a323e 49 1
2021/07/05 17:28:18 Multi 0x0C110D076E7f0CaEF33F1670945f4D8cA7D86793 0x2fdedb33db713d452fb3e91a347843cabe29f107d3f979ec31a365c3ba2c8062 0xF63FC5757cc8e2f290AfA0c8386c800dc7cc834d 0x0000000000000000000000000000000000000000 0xA55a74B9a0e9F3e091CF56aC7241eC58BB2a323e 50 1
2021/07/05 17:28:22 Multi Sale 0xadbf91e08136365a1f82da0c9b04887aa438479fe66a8a1ae114c04e8745b531 0x0C110D076E7f0CaEF33F1670945f4D8cA7D86793 0xDb89C1C66191E6B3Af2A299fbfF2E22EB1Fe1AE0 0 1 1.178750000000000000
2021/07/05 17:28:24 Multi 0x0C110D076E7f0CaEF33F1670945f4D8cA7D86793 0x3c8a6e643dd70f569bbf64f335c595f71b682833f1b7bf4510414669f5fba967 0xA55a74B9a0e9F3e091CF56aC7241eC58BB2a323e 0xA55a74B9a0e9F3e091CF56aC7241eC58BB2a323e 0xa1EFF0887B93e18bB0f59334a0CB57148BC2086f 48 1
2021/07/05 17:28:25 Multi 0x0C110D076E7f0CaEF33F1670945f4D8cA7D86793 0x17dce2953a6b5358111ee4b9495a72176d3f5b68e67623bc2641b85726f2d92c 0xA55a74B9a0e9F3e091CF56aC7241eC58BB2a323e 0xA55a74B9a0e9F3e091CF56aC7241eC58BB2a323e 0x99cCdB3B9b96f8045939842FBA85a47ced5e61bB 49 1
2021/07/05 17:28:25 Multi 0x0C110D076E7f0CaEF33F1670945f4D8cA7D86793 0x98a9c4cabb472122c5d5be910a158d146e0cf60dbbb0dcd4c0897b51d054086c 0xF63FC5757cc8e2f290AfA0c8386c800dc7cc834d 0xA55a74B9a0e9F3e091CF56aC7241eC58BB2a323e 0x16d9d13bFDee5012b5CE81a2e5E621a3362b94b9 41 1
2021/07/05 17:28:25 Multi 0x0C110D076E7f0CaEF33F1670945f4D8cA7D86793 0x84a1bbe6aab669733bcd60467698daa757421e8069a35a1fd5674a76796aaeaa 0xF63FC5757cc8e2f290AfA0c8386c800dc7cc834d 0xA55a74B9a0e9F3e091CF56aC7241eC58BB2a323e 0x16d9d13bFDee5012b5CE81a2e5E621a3362b94b9 39 1
2021/07/05 17:28:25 Multi 0x0C110D076E7f0CaEF33F1670945f4D8cA7D86793 0x0f477929896293be40c794ae79d3aa795b1489856bd6a75d3407d6c093ef1817 0xF63FC5757cc8e2f290AfA0c8386c800dc7cc834d 0xA55a74B9a0e9F3e091CF56aC7241eC58BB2a323e 0x16d9d13bFDee5012b5CE81a2e5E621a3362b94b9 19 1
2021/07/05 17:28:29 Multi 0x0C110D076E7f0CaEF33F1670945f4D8cA7D86793 0xadbf91e08136365a1f82da0c9b04887aa438479fe66a8a1ae114c04e8745b531 0xF63FC5757cc8e2f290AfA0c8386c800dc7cc834d 0xA55a74B9a0e9F3e091CF56aC7241eC58BB2a323e 0xDb89C1C66191E6B3Af2A299fbfF2E22EB1Fe1AE0 47 1
2021/07/05 17:28:40 Multi 0x0C110D076E7f0CaEF33F1670945f4D8cA7D86793 0xc23b16d9dee481840c45629bf2f555f0aab66edadab0eaa70f87e9631112d248 0xF63FC5757cc8e2f290AfA0c8386c800dc7cc834d 0xA55a74B9a0e9F3e091CF56aC7241eC58BB2a323e 0x7bEED30332656CA4220CB2ce8E4508fb18013E8d 12 1
2021/07/05 17:28:40 Unique Offer New 0xe0b206448264b87af3c091c798cc29282712dafe7ff303c5cb8bf6f10d97ed53 0xd9f7FA14dA177ff68bAD47ab30fE933Db75c3e43 2 1.742500000000000000 QmfApTbrT6xAtkkzFZV1ctF59fNMhhpKT1tQqdWYbF7gAq
2021/07/05 17:28:41 Unique Offer New 0x376a5c30937aafef97a949525564b6ebb929d6c541d864d751485e1f53523761 0xd9f7FA14dA177ff68bAD47ab30fE933Db75c3e43 7 2.050000000000000000 QmeFcQwmYU7tqw3Mir6X3tQwSSgbFyHvuhDu8KYX97Ayo7
2021/07/05 17:28:41 Unique Offer New 0x5dcf7eaca61ef9c5a57d2d896a5d0bc1460bd8da47190cc0e73debd6af7bfef7 0xd9f7FA14dA177ff68bAD47ab30fE933Db75c3e43 13 2.050000000000000000 QmRRosEW1iRWziM9Djt6eZ3WmkkpKdocrRPLWqGAo9t9b4
2021/07/05 17:28:41 Unique Offer New 0x7247c2f4c322536e9ae4b4b4cb6c88095517d1500c6f9305d1bb0093330e39c5 0xd9f7FA14dA177ff68bAD47ab30fE933Db75c3e43 12 1.537500000000000000 QmUGVQouAgfiCYRb8dvvWRYHAbtojVukxrX19THge3joLD
2021/07/05 17:28:41 Unique Offer New 0xb63570378cf08ae56c0e47629aa84d487b15fb1bfa9c68bda9895c3e694e3ba5 0xd9f7FA14dA177ff68bAD47ab30fE933Db75c3e43 8 2.050000000000000000 QmZC31wxaNSRXVEnck9KUZKPmDn6Uunm47QYVYwLEeHHJS
2021/07/05 17:28:45 Multi 0x0C110D076E7f0CaEF33F1670945f4D8cA7D86793 0xf0a3c1ebc89c29d49a5d830cdb91064cc21a42ba4e5ddc71bb51df6db7102a89 0xF63FC5757cc8e2f290AfA0c8386c800dc7cc834d 0xA55a74B9a0e9F3e091CF56aC7241eC58BB2a323e 0xDb89C1C66191E6B3Af2A299fbfF2E22EB1Fe1AE0 17 1
2021/07/05 17:28:46 Multi 0x0C110D076E7f0CaEF33F1670945f4D8cA7D86793 0x6503452ad5a25c5d3951c2be7f4d7f4d1ff92ab9db8c3625f8c44e2b97e0412c 0xF63FC5757cc8e2f290AfA0c8386c800dc7cc834d 0xA55a74B9a0e9F3e091CF56aC7241eC58BB2a323e 0xa1EFF0887B93e18bB0f59334a0CB57148BC2086f 35 1
2021/07/05 17:28:47 Multi 0x0C110D076E7f0CaEF33F1670945f4D8cA7D86793 0x4fba400b22161df1cbea38fe6a7df348b6c39bca3e3989023e65a2fa5a9a22a6 0xF63FC5757cc8e2f290AfA0c8386c800dc7cc834d 0xA55a74B9a0e9F3e091CF56aC7241eC58BB2a323e 0xa1EFF0887B93e18bB0f59334a0CB57148BC2086f 1 1
2021/07/05 17:28:47 Multi 0x0C110D076E7f0CaEF33F1670945f4D8cA7D86793 0x2ef65af543277d5160e9c5add9539628a02d75f2fefae84c196eaea89d5702ab 0xF63FC5757cc8e2f290AfA0c8386c800dc7cc834d 0xA55a74B9a0e9F3e091CF56aC7241eC58BB2a323e 0xa1EFF0887B93e18bB0f59334a0CB57148BC2086f 10 1
2021/07/05 17:28:47 Multi 0x0C110D076E7f0CaEF33F1670945f4D8cA7D86793 0xb608532b90ecf906d9cd3510710ddf78908115596f64534bb9993f91c04a8db7 0xF63FC5757cc8e2f290AfA0c8386c800dc7cc834d 0xA55a74B9a0e9F3e091CF56aC7241eC58BB2a323e 0xa1EFF0887B93e18bB0f59334a0CB57148BC2086f 50 1
2021/07/05 17:28:52 Multi Sale 0xc23b16d9dee481840c45629bf2f555f0aab66edadab0eaa70f87e9631112d248 0x0C110D076E7f0CaEF33F1670945f4D8cA7D86793 0x7bEED30332656CA4220CB2ce8E4508fb18013E8d 0 1 0.353625000000000000
2021/07/05 17:28:52 Unique Offer New 0xa03d56c454a3113c2c5af1c0c4e655bbbcdd2363170c6156275d095def90cd1b 0x2f445C7B5416ff28BaECc6003838B12a30aA8025 33 3.413250000000000000 QmVMA7pZsH8puyWdPmWXTT2Uxz5d1d2gMnyVb5MuYmCBdk
2021/07/05 17:28:52 Unique Offer New 0x79010d6b79c12714a53274189824b1dc0192bd0f00aab6f457cc5a073c13a43c 0x2f445C7B5416ff28BaECc6003838B12a30aA8025 32 3.413250000000000000 QmeQHr2JuuNpeJTzUdieQWHVNTf1GndyYAhjorKQRcCbGy
2021/07/05 17:28:52 Multi Sale 0x8c7b2aa137d273c17e0390329b468fabc4e36afa0bfd74ce8f212f04bbdf8c97 0x0C110D076E7f0CaEF33F1670945f4D8cA7D86793 0xa1EFF0887B93e18bB0f59334a0CB57148BC2086f 45 1 1 1.025000000000000000
2021/07/05 17:28:59 Multi 0x0C110D076E7f0CaEF33F1670945f4D8cA7D86793 0xc862e1fe4243b4c5f2b4108de68d41343be75661a08492e838d918900082dd13 0xF63FC5757cc8e2f290AfA0c8386c800dc7cc834d 0xA55a74B9a0e9F3e091CF56aC7241eC58BB2a323e 0x6C6558DAB14054d950bdE08A659D4a9aF113b243 26 1
2021/07/05 17:29:06 Unique Offer New 0x48b321fda0b8b54cbf63d8481454c6f44a87384acfac3241a8e3dbdf10ca0b5d 0xd9f7FA14dA177ff68bAD47ab30fE933Db75c3e43 9 2.050000000000000000 QmeEdBd65kgRyQVPvvNFf5CYkSTm83EAQB4bHcZyivxT9c
2021/07/05 17:29:07 Multi Sale 0xf0a3c1ebc89c29d49a5d830cdb91064cc21a42ba4e5ddc71bb51df6db7102a89 0x0C110D076E7f0CaEF33F1670945f4D8cA7D86793 0xDb89C1C66191E6B3Af2A299fbfF2E22EB1Fe1AE0 0 1 0.353625000000000000
2021/07/05 17:29:09 Unique Offer New 0x0f07320db626c10c5bdc5b775106a411da6412d7f6aeabca2f4b4505e9bb9b4f 0x8AeeD6e54797E8646Fdf659ECD9A8501E359Ca75 23 0.102500000000000000 QmQJ3WZcMArSgc6PNVKqYfGvxsNPgAJmXYpBA7HRJR1YoQ
2021/07/05 17:29:09 Unique Offer New 0x387a873cd76fa10efa8d55feea68abff8ed2e4fe7fda3a2fc40fda85efa1e9a7 0x8AeeD6e54797E8646Fdf659ECD9A8501E359Ca75 24 0.102500000000000000 QmYaNYrmFy51AEsnpiPRF7aHNn9Rjvb6m989XQT1Ae1nBk
2021/07/05 17:29:09 Unique Offer New 0x01c7cbcf4c18917c431b895f0fda3fdabc3a09ed7207665741fd7ff3cd0068a0 0x8AeeD6e54797E8646Fdf659ECD9A8501E359Ca75 25 0.102500000000000000 QmV1rZ4v1VCp18ZJ2veWwv3Rg2ddjvrVCnud35UA44gjf7
2021/07/05 17:29:10 Unique Offer New 0xf99a13c77344bd0f6d001fce3b46c659f8f489dd7e6c96a2c170e25be380ad5e 0x8AeeD6e54797E8646Fdf659ECD9A8501E359Ca75 26 0.102500000000000000 QmNpPRitsyGWFPHhwh8MNHRrmjh2vhynRZRsU948gePLtv
2021/07/05 17:29:10 Unique Offer New 0x0a3ec8e24314f41eec5a2862ed5d663f6f29d7d621d15aada1f647db29626cf2 0x8AeeD6e54797E8646Fdf659ECD9A8501E359Ca75 27 0.102500000000000000 QmaZ9UksQFjBKYaahu8WcSvixxgokmNFCsC2gSn22Uk2o1
2021/07/05 17:29:11 Multi Sale 0x6503452ad5a25c5d3951c2be7f4d7f4d1ff92ab9db8c3625f8c44e2b97e0412c 0x0C110D076E7f0CaEF33F1670945f4D8cA7D86793 0xa1EFF0887B93e18bB0f59334a0CB57148BC2086f 0 1 0.353625000000000000
2021/07/05 17:29:12 Multi Sale 0x4fba400b22161df1cbea38fe6a7df348b6c39bca3e3989023e65a2fa5a9a22a6 0x0C110D076E7f0CaEF33F1670945f4D8cA7D86793 0xa1EFF0887B93e18bB0f59334a0CB57148BC2086f 0 1 0.235750000000000000
2021/07/05 17:29:13 Multi Sale 0x2ef65af543277d5160e9c5add9539628a02d75f2fefae84c196eaea89d5702ab 0x0C110D076E7f0CaEF33F1670945f4D8cA7D86793 0xa1EFF0887B93e18bB0f59334a0CB57148BC2086f 0 1 0.235750000000000000
2021/07/05 17:29:13 Multi Sale 0xb608532b90ecf906d9cd3510710ddf78908115596f64534bb9993f91c04a8db7 0x0C110D076E7f0CaEF33F1670945f4D8cA7D86793 0xa1EFF0887B93e18bB0f59334a0CB57148BC2086f 0 1 1.178750000000000000
2021/07/05 17:29:14 Multi Sale 0x399ac00662ff47a8ca0372baf8670a6be9ae37e43697b36fcaac4dec6921a859 0x0C110D076E7f0CaEF33F1670945f4D8cA7D86793 0xa1EFF0887B93e18bB0f59334a0CB57148BC2086f 48 1 1 5.125000000000000000
2021/07/05 17:29:14 Multi Sale 0x57318f64503bab7cd714da2e75ab7e689ce933aca5547d946a9160c6d2382426 0x0C110D076E7f0CaEF33F1670945f4D8cA7D86793 0xa1EFF0887B93e18bB0f59334a0CB57148BC2086f 25 1 1 2.050000000000000000
2021/07/05 17:29:14 Unique Offer New 0x35c44e4bd9e0969a6db92d0b179b39940eb38e8a101f4c7440ebd505ac7af219 0x7a35a82eC21812559A016AaE24Ced68D0193100B 34 0.512500000000000000 QmWE3wyP1y6bKRngdjyu44KLarqvBpHEzTmx3bRYshRJqJ
2021/07/05 17:29:14 Multi Sale 0x46c002d16f196437b274d09c0df4822538e8bcb42697acfa6a9d08e4d73bcae9 0x0C110D076E7f0CaEF33F1670945f4D8cA7D86793 0xa1EFF0887B93e18bB0f59334a0CB57148BC2086f 50 1 1 1.537500000000000000
2021/07/05 17:29:16 Unique Offer New 0x1cf2a3dd9561062678811003522d5c2e3590021f7c208b5d3d24a8dca5b1ed3b 0x7a35a82eC21812559A016AaE24Ced68D0193100B 35 1.025000000000000000 QmTorGP5xAtHfF6x4LvZhLzVwCkKoYrzXQKt3Ns9sNJyXC
2021/07/05 17:29:17 Unique Offer New 0x7edd91cd5096db0d3d94b92cebda66eab01d716dace2f070c93398f241b6b207 0x4BD255eDb981d90f7ca4A0C80b910A0ee184e08C 22 0.366950000000000000 QmVPJTBUeMEZeEdHpeYNaLBQ9ZXnNow1GCRX7h9kTwHdvE
2021/07/05 17:29:20 Unique Offer New 0xcd66fc3cbfb9bc857f77de4be8ab901c17cfd639f3669394ff659c2c9f5f8e9f 0xF756bea54192EEff7Ac69BFbaA063De113381881 16 0.820000000000000000 Qmd4fkmm56wws3PEgnU2ZeAWsJCCs6Dy9uo4gZ9wJZphtK
2021/07/05 17:29:20 Unique Offer New 0xae1712cdddb86922e3e2ca6b7230865d90754ae06014a230f2cbca5f382746af 0xF756bea54192EEff7Ac69BFbaA063De113381881 17 3.382500000000000000 QmSDsofxf2LP8NcJrx3QdjoBmL11oMZGdNQ1r2NamhtCXS
2021/07/05 17:29:20 Unique Offer New 0xb3dac677f934db2ee37366fbeece74d441d48d0ded03bdc47ec2f8b1f31a9dcc 0xF756bea54192EEff7Ac69BFbaA063De113381881 18 2.255000000000000000 QmNoBX9zfMjtie6uYV7JXJAgkYh1bsGKQuTyYdRvR9uPv9
2021/07/05 17:29:23 Unique Offer New 0x984b4f1f8dee27fe5e1b964a1e5f7001d87c848e563a060f0f8c4c6130c55156 0x0906a2995c515C502Ff2Ce99e661C2574E0F5F30 36 1.537500000000000000 QmRAXm1yJ8mryTRv4BwMH8vSkwZod5J1x2RLDyVumebkvt
2021/07/05 17:29:25 Unique Offer New 0x01c49f44342cf19d1c90e17b8b9d1ad7382109cac2935d4fee5789c0be82edae 0x1f9d2882C21Ab9F0336c39681aD8C36c70ad5496 37 1.025000000000000000 QmabHNibshiDA3nnTMQn9NBbrkPW4bRjB8BBzyaJQXHE7T
2021/07/05 17:29:26 Unique Offer New 0x34649767603fb6f0dd3a540d62107bfdff7887c45f77fca0a6325e27f7b92980 0x1f9d2882C21Ab9F0336c39681aD8C36c70ad5496 39 1.025000000000000000 QmdC1SNvaivf93NvznoG8Ae8f7VGnknrfNogGWcwj1BcP3
2021/07/05 17:29:27 Unique Offer New 0xc5a2e6f283befe67e8a30c78c6dc12b4814d82fa68299aaec87ce9e76c43b50b 0x1f9d2882C21Ab9F0336c39681aD8C36c70ad5496 40 1.025000000000000000 QmeQ9BXTkixhyVKabatsaqwpiV58LM5zf4teBDUoANyubU
2021/07/05 17:29:33 Multi 0x0C110D076E7f0CaEF33F1670945f4D8cA7D86793 0xd9db3b50707f6c682e65c6fbfa9acfa07331fa99c0330be570354a82fbd69019 0xF63FC5757cc8e2f290AfA0c8386c800dc7cc834d 0xA55a74B9a0e9F3e091CF56aC7241eC58BB2a323e 0xDb89C1C66191E6B3Af2A299fbfF2E22EB1Fe1AE0 18 1
2021/07/05 17:29:55 Multi 0x0C110D076E7f0CaEF33F1670945f4D8cA7D86793 0xb509033fc16a69d922e938c2d742551129f296b10f527a143fac41d10f7b9fff 0xF63FC5757cc8e2f290AfA0c8386c800dc7cc834d 0xA55a74B9a0e9F3e091CF56aC7241eC58BB2a323e 0x16d9d13bFDee5012b5CE81a2e5E621a3362b94b9 28 1
2021/07/05 17:29:56 Multi 0x0C110D076E7f0CaEF33F1670945f4D8cA7D86793 0x31a3a0fd0a19943f0b95102905dfb13b685ccde5cd8ef22153a815cdce40fff9 0xF63FC5757cc8e2f290AfA0c8386c800dc7cc834d 0xA55a74B9a0e9F3e091CF56aC7241eC58BB2a323e 0x16d9d13bFDee5012b5CE81a2e5E621a3362b94b9 10 1
2021/07/05 17:29:56 Multi 0x0C110D076E7f0CaEF33F1670945f4D8cA7D86793 0x220fbd5d056448219555fa4f35ec004985567a3deeac3b2e1b9033d5fb97ae06 0xF63FC5757cc8e2f290AfA0c8386c800dc7cc834d 0xA55a74B9a0e9F3e091CF56aC7241eC58BB2a323e 0x16d9d13bFDee5012b5CE81a2e5E621a3362b94b9 10 1
2021/07/05 17:29:56 Multi 0x0C110D076E7f0CaEF33F1670945f4D8cA7D86793 0x1fcebbec619789da78fae83a9cc3dc83e10f5efd682cd70b719cab47e6eb773a 0x16d9d13bFDee5012b5CE81a2e5E621a3362b94b9 0x16d9d13bFDee5012b5CE81a2e5E621a3362b94b9 0xb8D865d9c168D7E6eb28BEcebDD33447d0FE5E42 10 1
2021/07/05 17:29:58 Multi Sale 0xf31afe6c9aae5e97262ed610a32b41a5d05f1bc77a545b366f10758b7f83baf9 0x0C110D076E7f0CaEF33F1670945f4D8cA7D86793 0xa1EFF0887B93e18bB0f59334a0CB57148BC2086f 22 1 1 0.768750000000000000
2021/07/05 17:29:58 Multi Sale 0xe9106f2c6f40fa01c254c6adc14314ba422003b6735b183a0b0192f5bb8ffe38 0x0C110D076E7f0CaEF33F1670945f4D8cA7D86793 0xa1EFF0887B93e18bB0f59334a0CB57148BC2086f 20 1 1 0.512500000000000000
2021/07/05 17:30:00 Multi Sale 0x05b3f1a8711752859c8f863aa026b280f679157d61c86aabd595272af945ef14 0x0C110D076E7f0CaEF33F1670945f4D8cA7D86793 0xa1EFF0887B93e18bB0f59334a0CB57148BC2086f 35 1 1 0.512500000000000000
2021/07/05 17:30:03 Multi Sale 0x1835abe9ef33c49edf53daab2b4de0868aa15455243d53cd87afb0f57ed4c7f5 0x0C110D076E7f0CaEF33F1670945f4D8cA7D86793 0xa1EFF0887B93e18bB0f59334a0CB57148BC2086f 1 1 1 0.512500000000000000
2021/07/05 17:30:10 Multi Sale 0xc862e1fe4243b4c5f2b4108de68d41343be75661a08492e838d918900082dd13 0x0C110D076E7f0CaEF33F1670945f4D8cA7D86793 0x6C6558DAB14054d950bdE08A659D4a9aF113b243 0 1 0.353625000000000000
2021/07/05 17:30:12 Unique Offer New 0x18da9e887fd71c2e25b45325ce644478e9dbd5763605dae89909ce11088cc7a4 0x7AAa95EE9fb4eC3bb8B9f95BDCB3eaf50342C40E 46 0.820000000000000000 QmRA5kbrkeNH2B48D47Si4yfAYztsuxSTTsv2Crb5xt3bQ
2021/07/05 17:30:12 Unique Offer New 0xf7746ead105301fda23a8c2c32e8da43fd62eef203cd090ed99bf96fe196a789 0x7AAa95EE9fb4eC3bb8B9f95BDCB3eaf50342C40E 48 1.025000000000000000 QmRkUeWQ2dyAZrgJZBPUbRYEDqrk4pf5TJe4vwbz3dygeA
2021/07/05 17:30:12 Unique Offer New 0xb74348d1e70fc9494eef556608ba9d17c2cd999d5cef2a98d8b111f8490ea00a 0x7AAa95EE9fb4eC3bb8B9f95BDCB3eaf50342C40E 49 1.537500000000000000 QmUiPkFZemjqUAwFZdtUuAN9wHfJuDrv4mJmB9x16xH2Qs
2021/07/05 17:30:19 Unique Offer New 0xe29854fed1583d0bd9139db594daf36dd3c38861668739fdb9a2375cf1d575d1 0x5b026aCCe601b0389387218dd845891E6253c7F4 15 1.025000000000000000 QmVjbRj8YwwJHzMfjBdrxiTa2i4U7xtahnvcL3ubayNNPg
2021/07/05 17:30:19 Unique Offer New 0x1eb02daba863f60a104911e760cb6ddf3fd169ae189bf367ce8d350bb6a6a948 0xF756bea54192EEff7Ac69BFbaA063De113381881 50 3.587500000000000000 QmeHsGzhqqpoT49iR7mZMRj6epryEg4iMvQg9CuU3QGb4i
2021/07/05 17:30:45 Unique Offer New 0x7190271242702ad9f7a317604922a696f56e69f8e8a1f9e8c253f60e7590e7c3 0x915Df4ec98eAb030Dd225991E834EB0074D9D43a 43 1.127500000000000000 QmX9GEUyFvsfE2rgp1JuQQWSvzv24sj52Q7m4YwX1mpXjN
2021/07/05 17:30:56 Unique Offer New 0x85199dc43ce2e0c22c9eb54e84172d3e9bc1fc97ade537b9995f56c1a1c870b2 0x0906a2995c515C502Ff2Ce99e661C2574E0F5F30 58 1.537500000000000000 QmVrAKiiZb8s5cowaPTnSxH577PEJqVGVuABuVUwFM6g2L
2021/07/05 17:31:43 Unique Offer New 0xf46cb70a94019d59e7447cd78cb18d1d9726f71a47c913a86c97abac874069aa 0x915Df4ec98eAb030Dd225991E834EB0074D9D43a 38 1.332500000000000000 QmTANUAaM8GjLdLppnuMjMEdYVRNTbr1mvkuFUFojKm1ir
2021/07/05 17:31:43 Unique Offer New 0x168908c41381d899e8cd17fd6d8b75835e76b20b359de8b47f69cf051ba0a655 0x915Df4ec98eAb030Dd225991E834EB0074D9D43a 42 1.127500000000000000 QmUiWpPMSPDFNsENCo45C7zAvXYJFbieAUUDNgwC94Knnc
2021/07/05 17:31:58 Unique Sale acc 0x5dd77dd45a41526e2626433891df94425d2f10fcb7aae1cef887ce0fb088cde6 0xa1EFF0887B93e18bB0f59334a0CB57148BC2086f 1.332500000000000000
2021/07/05 17:32:01 Unique Offer New 0xc323a5dd9a06cf1957974466f73450491d8782540c25d4f2234b42c28d593125 0xF91Ba1faf962B672A7Ae12815aFD2F432BC74186 62 0.205000000000000000 QmV3vL3zWmHTLd1vYJ6kiH71AYNFayv59crrNghFcoRKu3
2021/07/05 17:32:02 Unique Offer New 0x76091fddd294ff4e2fd8c8ff482dbe9f068ff02c353eedd3669ff3e67e7ec92e 0xF91Ba1faf962B672A7Ae12815aFD2F432BC74186 63 0.512500000000000000 QmcWtrs3VphUaCFDNYgP4zJL67MymDypCh9M5VZT6cxGLe
2021/07/05 17:32:02 Unique Offer New 0x4168341f8559005d2cb25b578abe7ef12fbccda723bcae23601951891a534e92 0xF91Ba1faf962B672A7Ae12815aFD2F432BC74186 64 0.512500000000000000 QmetKXGAN8p7wVKe3BTFjtted4a7MxY5RCPtESdH2pMRjP
2021/07/05 17:32:14 Multi Sale 0xd9db3b50707f6c682e65c6fbfa9acfa07331fa99c0330be570354a82fbd69019 0x0C110D076E7f0CaEF33F1670945f4D8cA7D86793 0xDb89C1C66191E6B3Af2A299fbfF2E22EB1Fe1AE0 0 1 0.353625000000000000
2021/07/05 17:32:21 Unique Offer New 0xa668c975259b71238c370ab6bc86df1b9fe5c07858b5cb8a40b9f6852c842198 0x0906a2995c515C502Ff2Ce99e661C2574E0F5F30 70 1.537500000000000000 QmakVGG9ncr6uSJ3hcVtLJgdTcvgi8dPL57dNKqWRhUBB5
2021/07/05 17:32:22 Multi Sale 0xb24bac51b476ee465324f8676f343e11ff650a9b236c970a350aa93cb169e226 0x0C110D076E7f0CaEF33F1670945f4D8cA7D86793 0xDb89C1C66191E6B3Af2A299fbfF2E22EB1Fe1AE0 18 1 1 0.768750000000000000
2021/07/05 17:32:22 Multi Sale 0x61f997998fcc4cd4818ea23d845a4be133d17e697e1ac31a2aa7993618ba1c0f 0x0C110D076E7f0CaEF33F1670945f4D8cA7D86793 0xDb89C1C66191E6B3Af2A299fbfF2E22EB1Fe1AE0 17 1 1 0.768750000000000000
2021/07/05 17:33:06 Unique Offer New 0x6bc670f56ed3bb45457f6f6b4541b90c5823a5d65556fdf473fc9bb79fedd8a2 0x7bEED30332656CA4220CB2ce8E4508fb18013E8d 72 0.205000000000000000 QmQvknaTEgiLw14ec6aC4AmnrrvMUdQfHDQeaXrcBhHvBw
2021/07/05 17:33:06 Unique Offer New 0xe215b77c8c41f7866db6f9c7ef18b0dc87a1a979029ac5e58aa1633ecb0c56dd 0x7bEED30332656CA4220CB2ce8E4508fb18013E8d 73 0.205000000000000000 QmRsLqyGwd8J9DyPpMuv23wTsA4SDvDKPgqLWknxHsK5QG
2021/07/05 17:33:06 Unique Offer New 0x49554423c915d598c75ca1708b5e3a18e57fac1803f81215b5eca2b4edc11061 0x7bEED30332656CA4220CB2ce8E4508fb18013E8d 74 0.205000000000000000 QmddwVcxGYYQWjPALrmzjjVb9PmJ1nvXgjCGBAqKCGfxNy
2021/07/05 17:33:06 Unique Offer New 0x0f7e13665619b013513ed68ec2a931b09fba30a6aec6a95e97cc1975204966d7 0x7bEED30332656CA4220CB2ce8E4508fb18013E8d 75 0.205000000000000000 QmSu8JxeWq59mHknyMBDHVTxztP9ED8a86eFhTp1xLmAKR
2021/07/05 17:33:07 Unique Offer New 0x8009fb9b9cc42cde2b7f87e9b10c7ffb04d37d7d6022cc1b20f126dce4069771 0x7bEED30332656CA4220CB2ce8E4508fb18013E8d 76 0.205000000000000000 Qmc42bvuWNgqRLV7vVrBKh6tLnLEGYTa1PmDXXGXWTeSmj
2021/07/05 17:33:07 Unique Offer New 0xcd895267871a647fab117a5f18485c3a1f6e4dfec508d871a8f5dab59408e2d7 0x7bEED30332656CA4220CB2ce8E4508fb18013E8d 77 0.205000000000000000 Qma88cLnaaFjYx5MnQynde9LrRAGxYyFQnL3cNNYUNfPjA
2021/07/05 17:33:07 Unique Offer New 0x965c8266d44013238621fa66a42ed117c1206df1c2183b3e6ccd0ad6a8339da5 0x7bEED30332656CA4220CB2ce8E4508fb18013E8d 78 0.205000000000000000 QmQp1q96GLBaZ5Bi5EtPGu68o2WanS6UVFR9dVc5Tsirae
2021/07/05 17:33:07 Unique Offer New 0x28c477aa532ea8df6d9af549534b87337d8d5c844c97ede43dd666f407007d38 0x7bEED30332656CA4220CB2ce8E4508fb18013E8d 79 0.205000000000000000 QmehBprPGPjQCE727H4sgFoYs2kwJMLQ5DqJaLBkRh7W9A
2021/07/05 17:33:10 Multi Sale 0xb509033fc16a69d922e938c2d742551129f296b10f527a143fac41d10f7b9fff 0x0C110D076E7f0CaEF33F1670945f4D8cA7D86793 0x16d9d13bFDee5012b5CE81a2e5E621a3362b94b9 0 1 0.353625000000000000
2021/07/05 17:33:10 Multi Sale 0x31a3a0fd0a19943f0b95102905dfb13b685ccde5cd8ef22153a815cdce40fff9 0x0C110D076E7f0CaEF33F1670945f4D8cA7D86793 0x16d9d13bFDee5012b5CE81a2e5E621a3362b94b9 0 1 0.235750000000000000
2021/07/05 17:33:10 Multi Sale 0x220fbd5d056448219555fa4f35ec004985567a3deeac3b2e1b9033d5fb97ae06 0x0C110D076E7f0CaEF33F1670945f4D8cA7D86793 0x16d9d13bFDee5012b5CE81a2e5E621a3362b94b9 0 1 0.235750000000000000
2021/07/05 17:33:11 Unique Offer New 0xf4691dc8be5ee9251bcba365a0bc439983d3d9e01e340c39ca5bfc0f38c561a4 0x915Df4ec98eAb030Dd225991E834EB0074D9D43a 80 1.845000000000000000 QmVXGwSs5sQq5oXJTbFhSssL42duoQTQiESe2UsSytDkG8
2021/07/05 17:33:12 Unique Offer New 0xa49f46c265110d7adc23921d6469c254dfb9e36b40ae1fb99efe5494d740c34e 0x820C00E609FC01eC31816C782276f7F7fE460774 71 1.230000000000000000 QmRnGANohW9pwZXR6tRMitk6WmTuJd7Fqk6GvT4g8qonTm
2021/07/05 17:33:16 Unique Offer New 0xb58aae60582ec9f74801efdaeb131768c6c7dae6dac8292374e56dd7b198cb22 0x0906a2995c515C502Ff2Ce99e661C2574E0F5F30 81 2.050000000000000000 Qmas4iNeddTuBS4pL85RhXuHcR68Uo7x5r2JdFaEby2sJq
2021/07/05 17:33:26 Unique 0x53d7D3D2d29D4B7C67E0434424A9998574C6619B 0x5dd77dd45a41526e2626433891df94425d2f10fcb7aae1cef887ce0fb088cde6 0x0000000000000000000000000000000000000000 0xa1EFF0887B93e18bB0f59334a0CB57148BC2086f
2021/07/06 04:41:40 unique resale offer 0x0fbe8120c9a7e929d1adf361b5ab479a01c99c500aac1dcd41acddce73cfe28e 0xa1EFF0887B93e18bB0f59334a0CB57148BC2086f 38 1.537500000000000000
2021/07/06 12:53:55 Unique Offer New 0x3d317d235fd9f270fa3028d9b981c932b7f45956d4677fbebe334c5e98c12e7a 0x820C00E609FC01eC31816C782276f7F7fE460774 82 0.307500000000000000 QmPxjaZo4aMGwu32iXj5B3VRtxQcdmnHAUa7etHcYNfED8
2021/07/06 13:29:48 unique offer accepted 504 Gateway Timeout: <html>
<head><title>504 Gateway Time-out</title></head>
<body>
<center><h1>504 Gateway Time-out</h1></center>
</body>
</html>

2021/07/06 13:34:43 BlockNumber 503 Service Unavailable: internal service failure

2021/07/06 13:35:04 unique offer accepted 503 Service Unavailable: internal service failure

2021/07/06 13:35:15 unique resale offer 503 Service Unavailable: internal service failure

2021/07/06 16:55:51 Unique Offer New 0x632402885416a9295983f25d8ad840702b6d5b5e8032d839bd939a10d37bacff 0x4cA6ed614BAb8e01AC1fb0f28Fe4A4CC1C8e4eA6 45 0.615000000000000000 QmWjUcbioig4VEKd2iJ7MGpc7H7U3121sxpDGYzycyoqCA
2021/07/06 17:00:52 Unique Offer New 0x2ff730638614c50a729ff32c092a1ad76921be7c26467c7b6a830f7609761886 0x4cA6ed614BAb8e01AC1fb0f28Fe4A4CC1C8e4eA6 56 1.025000000000000000 QmdfFsFPG82rk24swduhvj1p2Nh1HfjLULP96Jndmz4YKW
2021/07/06 17:00:53 Unique Offer New 0x90844df62fb74a289ff0c3bc5471878629381316e7b4143124bcbfd6f970954c 0x4cA6ed614BAb8e01AC1fb0f28Fe4A4CC1C8e4eA6 57 0.615000000000000000 Qma8KduKnWbwkF8Qprn6Gfe6qgLWCYisb8KUFo7VC69t5n
2021/07/06 18:21:07 Unique Offer New 0x1c794e94a4c436d8f36b2d7105572eb216b5b0fb76683496c4744a187041242c 0xd9f7FA14dA177ff68bAD47ab30fE933Db75c3e43 10 1.025000000000000000 QmS6iRTwrC5cNoeFcdJn5kpnBzSAnqBDdcRAMftM8CaUN5
