2021/07/05 17:22:03 Multi 0x668Ee0f5bfA0A0497F8F8315212888d5a64779Eb 0x0810c3dfef81189a7d9380b3ec397548800659ed2975d56e0c707f249f6b2461 0x6F2a567826554D2526703a6BD265C42E53FdF4C2 0x0000000000000000000000000000000000000000 0x0EA0281db722F5642457B5E785dda24eA75f6149 62 5
2021/07/05 17:22:03 Multi 0x668Ee0f5bfA0A0497F8F8315212888d5a64779Eb 0xc148757a0fbabfd7939ff90b7ce271bae7e6d22898beb35d8b20ebd5c85c82a8 0x0EA0281db722F5642457B5E785dda24eA75f6149 0x0000000000000000000000000000000000000000 0x0EA0281db722F5642457B5E785dda24eA75f6149 62 40
2021/07/05 17:22:05 Unique 0xdDbBD84B31C05d09A7cca43D7681B17681398Dac 0xa96f63ae542dc950eebc61410732f57c9ede5006bac3e8fda7ab4ce46c82378f 0x0000000000000000000000000000000000000000 0xcad809e60e7B93fF7343E25F891A4959F0a2BBC7
2021/07/05 17:22:05 Multi 0x192868863028d6bc9A076D60C55567831B97cAEf 0x41e1269805a94cb2e572929c8b7d5885371105c0e4b31e3cf678f98261c90d13 0x6F2a567826554D2526703a6BD265C42E53FdF4C2 0x0000000000000000000000000000000000000000 0x39d07f321cAF5b0668459DB5Bcf039A462A9273d 131 42
2021/07/05 17:22:05 Unique Offer New 0xcd834155f200112f57c2aaea5163f721de032581eb5ff8d92dddf1d0d1c43454 0x39d07f321cAF5b0668459DB5Bcf039A462A9273d 19 0.102500000000000000 Qma5rUGU6AJghUdtMEroq9TgWaywvs7s6iNyNDiCBc7Sc3
2021/07/05 17:22:06 Unique 0xdDbBD84B31C05d09A7cca43D7681B17681398Dac 0x1b0aea09a44ce56e251cc372710b497c955e1b0914ce40f74bb84879923685a7 0xcad809e60e7B93fF7343E25F891A4959F0a2BBC7 0xA7722c27a0eAaa4690358eE3D31a4D38F20c38A1
2021/07/05 17:22:07 Multi 0x973E4011f0710380f880920191764e37dA6d12ee 0x2aaa03a9243ff7cc1245b79f46a2a6b75de56291e22de8379ff5c229f9cda344 0x6F2a567826554D2526703a6BD265C42E53FdF4C2 0x0000000000000000000000000000000000000000 0x08ef5C04D2F93d9858F0d87697f22cBeCD990076 126 1
2021/07/05 17:22:07 Multi 0xF6dfDf1A4dc513707Aa3426a04285CAF59Eb5FB9 0x92b0f0acb360718bf6a467acbffb7834ce61d01ec339e13ef29b90d68dd8391c 0x6F2a567826554D2526703a6BD265C42E53FdF4C2 0x0000000000000000000000000000000000000000 0xA7722c27a0eAaa4690358eE3D31a4D38F20c38A1 17 10
2021/07/05 17:22:08 Unique 0xdDbBD84B31C05d09A7cca43D7681B17681398Dac 0x79af6e513b33a2d4213b95bd88b879759022256e53b984cc189c45960b244b28 0x0000000000000000000000000000000000000000 0x6e93Deb7FDa0E5A4CA8A3566785F0c7f4D0A2cb3
2021/07/05 17:22:08 Unique 0xdDbBD84B31C05d09A7cca43D7681B17681398Dac 0x0b8747f4613b7ec1423fb0f757dbacf3e19e579282c6604e2fde607e231f3e67 0x6e93Deb7FDa0E5A4CA8A3566785F0c7f4D0A2cb3 0xcad809e60e7B93fF7343E25F891A4959F0a2BBC7
2021/07/05 17:22:08 Unique 0xdDbBD84B31C05d09A7cca43D7681B17681398Dac 0x369ac3805c481efc478ac719b4e415ff6a708c617fb6a730bd2e7dc335adb0ce 0x0000000000000000000000000000000000000000 0x39d07f321cAF5b0668459DB5Bcf039A462A9273d
2021/07/05 17:22:08 Multi 0xE499D6d66dB4f09532e4c2F0e1857f284F17660E 0x5656d15cf86e09b8c0037e076c13715083a114c4648adf4efe9cadb217fa641c 0x6F2a567826554D2526703a6BD265C42E53FdF4C2 0x0000000000000000000000000000000000000000 0x08ef5C04D2F93d9858F0d87697f22cBeCD990076 38 5
2021/07/05 17:22:08 Multi 0xE499D6d66dB4f09532e4c2F0e1857f284F17660E 0xdf084e9456f6659d14e1cf01a2cca71c4696e846418ba8da07a2012091031a56 0x6F2a567826554D2526703a6BD265C42E53FdF4C2 0x08ef5C04D2F93d9858F0d87697f22cBeCD990076 0xa1EFF0887B93e18bB0f59334a0CB57148BC2086f 38 1
2021/07/05 17:22:09 Unique 0xdDbBD84B31C05d09A7cca43D7681B17681398Dac 0x4c09cedda3a183b3b635768c3456b3e5cebf7bf77014611eff5a98eb6a511706 0x0000000000000000000000000000000000000000 0x1E989cD65Fec9961EC26A3492B940045244e4893
2021/07/05 17:22:09 Unique 0xdDbBD84B31C05d09A7cca43D7681B17681398Dac 0x1953f503c05d2fb86cbf90273cf1d29eb89f87952290bc6ac89c4859cc44b08f 0x1E989cD65Fec9961EC26A3492B940045244e4893 0xcad809e60e7B93fF7343E25F891A4959F0a2BBC7
2021/07/05 17:22:10 Unique 0xdDbBD84B31C05d09A7cca43D7681B17681398Dac 0xbd2cd11bf72cdfb750d1816baaedc75f91a505e64e555934b66b46d1ad84131c 0x0000000000000000000000000000000000000000 0x39d07f321cAF5b0668459DB5Bcf039A462A9273d
2021/07/05 17:22:11 Unique 0xdDbBD84B31C05d09A7cca43D7681B17681398Dac 0xaf906f63237f854dfbb18a8bc4cb2d97a43380e2acb6d3039d800b1d7376b9ed 0x0000000000000000000000000000000000000000 0xa1EFF0887B93e18bB0f59334a0CB57148BC2086f
2021/07/05 17:22:11 Unique 0xdDbBD84B31C05d09A7cca43D7681B17681398Dac 0xe0ecf7b9574594c340dc37e1df187d899c15f59cd9096f375e35037e51896e36 0x0000000000000000000000000000000000000000 0x08ef5C04D2F93d9858F0d87697f22cBeCD990076
2021/07/05 17:22:11 Multi 0xB957B7714371c3aE1D59d7183D67B96291F09d46 0x6ecd7d0d340da01c154444e576347fefc925597da8aae98b08eaa62778b345ea 0x6F2a567826554D2526703a6BD265C42E53FdF4C2 0x0000000000000000000000000000000000000000 0x39d07f321cAF5b0668459DB5Bcf039A462A9273d 16 3
2021/07/05 17:22:11 Unique 0xdDbBD84B31C05d09A7cca43D7681B17681398Dac 0x6326d281655b19e1a43b58c286b051ea7fbb67750b1d37084dbd9aebfb80a125 0x0000000000000000000000000000000000000000 0xc355b9A5dE199F811542D8C5D3E309789FfBEf86
2021/07/05 17:22:12 Unique 0xdDbBD84B31C05d09A7cca43D7681B17681398Dac 0xb481967ad646ec6c416add9f29539f93c780f883e8742f14f4dc8682a836ae98 0xcad809e60e7B93fF7343E25F891A4959F0a2BBC7 0x1E989cD65Fec9961EC26A3492B940045244e4893
2021/07/05 17:22:12 Unique 0xdDbBD84B31C05d09A7cca43D7681B17681398Dac 0x0f84cbb8027bdebf70d3117d9c3dd3a9c1f486401d9ba523d90563fdc5cfabb8 0x0000000000000000000000000000000000000000 0xa1EFF0887B93e18bB0f59334a0CB57148BC2086f
2021/07/05 17:22:13 Unique 0xdDbBD84B31C05d09A7cca43D7681B17681398Dac 0x4a6e07446a5f66bf1c5178788f423b820b997f8f95f4c59c77d3e6c8e412520c 0x0000000000000000000000000000000000000000 0xcad809e60e7B93fF7343E25F891A4959F0a2BBC7
2021/07/05 17:22:14 Unique 0xdDbBD84B31C05d09A7cca43D7681B17681398Dac 0x116b8a8ca2fbf5ba530c9985440a7bc88489f4bce34264de69a9054159b1da8d 0x0000000000000000000000000000000000000000 0xcad809e60e7B93fF7343E25F891A4959F0a2BBC7
2021/07/05 17:22:14 Multi 0x7D2F349F7F682B1B25e8E2590c61C0D9867844fc 0x9017d114ba99a1a29b9845d3afb8515f63070959095f435e837e5db58f931577 0x6F2a567826554D2526703a6BD265C42E53FdF4C2 0x0000000000000000000000000000000000000000 0x39d07f321cAF5b0668459DB5Bcf039A462A9273d 37 4
2021/07/05 17:22:14 Multi 0x7D2F349F7F682B1B25e8E2590c61C0D9867844fc 0xb885f06e231221c43c955647e4f12e53dbde78ea061488776f516dde5760361e 0x6F2a567826554D2526703a6BD265C42E53FdF4C2 0x39d07f321cAF5b0668459DB5Bcf039A462A9273d 0x08ef5C04D2F93d9858F0d87697f22cBeCD990076 37 1
2021/07/05 17:22:14 Multi 0x7D2F349F7F682B1B25e8E2590c61C0D9867844fc 0x33d328fcc9a195070e4880e59cdb9b6e241fcb38e80354b4753aff15ecbb18cc 0x6F2a567826554D2526703a6BD265C42E53FdF4C2 0x39d07f321cAF5b0668459DB5Bcf039A462A9273d 0xcad809e60e7B93fF7343E25F891A4959F0a2BBC7 37 1
2021/07/05 17:22:15 Unique 0xdDbBD84B31C05d09A7cca43D7681B17681398Dac 0x33d3ee0971b127cf339781c9bda04f7fc229ea3949497fde0f343095ca9a964a 0x0000000000000000000000000000000000000000 0xcad809e60e7B93fF7343E25F891A4959F0a2BBC7
2021/07/05 17:22:15 Unique Offer New 0x45a7e7c1c5166a1cb7e4d07ec40b50b48f48481a46ef7640b5c74ed8ce94d670 0xFE029208b267daBF5077bB3E3E7B1cc9916e9943 20 0.001025000000000000 QmTAVUkMu95KvB3HcD3LdrpEtqFbaqe9JB76skLzfcQq88
2021/07/05 17:22:16 Multi 0xc5ED78577ACb5Aa71d8E6ab1201096e2385B2D11 0xbbb620c7108d401a26c087bd0608d27a4eeda275d6a11f89e25df6d2f71fd09c 0x6F2a567826554D2526703a6BD265C42E53FdF4C2 0x0000000000000000000000000000000000000000 0x1E989cD65Fec9961EC26A3492B940045244e4893 67 2
2021/07/05 17:22:16 Unique Offer New 0x851596a4f02594e707b0909cbfacde85e84d08b826646ddd19d95d38f72ce444 0xa454515041892eB78132293ABd5763a730412F65 21 5.125000000000000000 QmXA89JzEJQy6yZ2CbiSri19Frxv8wXnwAKPPKGyhA9WbY
2021/07/05 17:22:17 Multi Sale 0x4338ca2697270ce8763eb88922690bf777ed42a163aec6fa9cb8691362334745 0xf377DD7e30Fe5A090F4636d5D7D8e08857fe8987 0x8F2a21718031240E73bE6563D4DFc281c4C10Cc5 0 1 5.125000000000000000
2021/07/05 17:22:17 Multi Sale 0x8332e45c613be1e0e2c7a774070e5916d04aed40ba909e250fe25cf2c76673e6 0xf377DD7e30Fe5A090F4636d5D7D8e08857fe8987 0x8F2a21718031240E73bE6563D4DFc281c4C10Cc5 0 1 5.125000000000000000
2021/07/05 17:22:17 Unique Offer New 0xbcd27aedaa66e24ac2a08766ace25cb239f03da4ded09501826176fa82dd1ffc 0x6e93Deb7FDa0E5A4CA8A3566785F0c7f4D0A2cb3 25 0.615000000000000000 QmVfMNpGr5EBeM4uP8DZ2mc6P5Kb6qzj5wbaGuGxPxAfPU
2021/07/05 17:22:18 Multi Sale 0x4f68deb3a7ab30479d0b89f37b4eec4ba32e69dcb5be8c84468944fde7e7f812 0xf377DD7e30Fe5A090F4636d5D7D8e08857fe8987 0x8F2a21718031240E73bE6563D4DFc281c4C10Cc5 10 1 1 10.250000000000000000
2021/07/05 17:22:18 Unique Offer New 0x3bf2ff4a0a667a46b2dad38a91e2f5d66b78dfb799b827bbc19f2511d66003f0 0x6e93Deb7FDa0E5A4CA8A3566785F0c7f4D0A2cb3 26 0.102500000000000000 QmQtxw3t7FHhGqDcx5LrbnueQUTYx2UtjUMcmLGPiTMT6E
2021/07/05 17:22:18 Multi Sale 0xd41de535e1aeb3994162fc3be39398951ef24ea7e7c9d6b50ca535ec62c76dbe 0xf377DD7e30Fe5A090F4636d5D7D8e08857fe8987 0x8F2a21718031240E73bE6563D4DFc281c4C10Cc5 10 2 1 10.250000000000000000
2021/07/05 17:22:18 Unique Sale acc 0xa96f63ae542dc950eebc61410732f57c9ede5006bac3e8fda7ab4ce46c82378f 0xcad809e60e7B93fF7343E25F891A4959F0a2BBC7 0.001025000000000000
2021/07/05 17:22:19 Multi Sale 0xee0aee873761f93942b1a529c98b0f048bc525f86283c5292bb407bebcf84a84 0xf377DD7e30Fe5A090F4636d5D7D8e08857fe8987 0x8F2a21718031240E73bE6563D4DFc281c4C10Cc5 0 1 5.125000000000000000
2021/07/05 17:22:19 Unique Offer New 0xf6024cd3088166321acee14d20f83092f1396694cf5a0770b551072492fdd540 0xcad809e60e7B93fF7343E25F891A4959F0a2BBC7 28 0.205000000000000000 QmTrZr2njUpNTvsUoncDup8nuvjdKXCtufHL8SKsXBF7LQ
2021/07/05 17:22:19 Multi Sale 0xbfdee4eb994ec62d1df146bd60ca22aa82bcdf4a9373f29daefdde4a9e1ab6ba 0xf377DD7e30Fe5A090F4636d5D7D8e08857fe8987 0x8F2a21718031240E73bE6563D4DFc281c4C10Cc5 4 1 1 10.250000000000000000
2021/07/05 17:22:19 Multi Sale 0x55456348bf1efd2121810801e525a6582c2709868d8af1972335744e2c76e5e1 0xf377DD7e30Fe5A090F4636d5D7D8e08857fe8987 0x8F2a21718031240E73bE6563D4DFc281c4C10Cc5 4 2 1 10.250000000000000000
2021/07/05 17:22:20 Multi Sale 0xeca4c6b37b68bb879642f915bb75c8d9abb4140595987e3b64c93d3057a559b3 0xf377DD7e30Fe5A090F4636d5D7D8e08857fe8987 0x8F2a21718031240E73bE6563D4DFc281c4C10Cc5 13 1 1 51.250000000000000000
2021/07/05 17:22:20 unique resale offer 0x4c2f4a5e8e0e2138329614461dd33041b8d01e4f48c33b54b41257ea7d480d7e 0xcad809e60e7B93fF7343E25F891A4959F0a2BBC7 20 0.041000000000000000
2021/07/05 17:22:20 Multi Sale 0x24c60c1789c45355ec32054fb2b493b53e7726f0b19ef58ae83ef9d84fabea5e 0xf377DD7e30Fe5A090F4636d5D7D8e08857fe8987 0x8F2a21718031240E73bE6563D4DFc281c4C10Cc5 13 2 1 51.250000000000000000
2021/07/05 17:22:21 Multi 0xE499D6d66dB4f09532e4c2F0e1857f284F17660E 0xc64b8eeb6d9bad26d1abe7d80b70842e374ca4e1f91e362a8d6946e171c99d3a 0x6F2a567826554D2526703a6BD265C42E53FdF4C2 0x08ef5C04D2F93d9858F0d87697f22cBeCD990076 0xcad809e60e7B93fF7343E25F891A4959F0a2BBC7 38 1
2021/07/05 17:22:23 Unique Offer New 0x3006f495edf044c27220626a43a3b633d4ea955dfadd2c242622c3ac77ac94ee 0xA7722c27a0eAaa4690358eE3D31a4D38F20c38A1 32 0.001025000000000000 QmRcfUv5AN6wEEL3BNmf9QYeDW2bwb4x6ZK6xVLKNK341x
2021/07/05 17:22:23 Multi 0xfe6DC34f1a64A321638085365BD6E2D36e9A6D96 0x70ab2070f712909a5bfa07e0e87316f05aee782855ea48035867b0f9c756c914 0x6F2a567826554D2526703a6BD265C42E53FdF4C2 0x0000000000000000000000000000000000000000 0x39d07f321cAF5b0668459DB5Bcf039A462A9273d 7 5
2021/07/05 17:22:24 Unique Sale acc 0x1b0aea09a44ce56e251cc372710b497c955e1b0914ce40f74bb84879923685a7 0xA7722c27a0eAaa4690358eE3D31a4D38F20c38A1 0.041000000000000000
2021/07/05 17:22:26 Multi 0x6702cB364d2C07E657D83d35d924A962873CFe5F 0x0f628d93d6ef54e3012eade6fadf033fd8afd2e44b7aa04408ddadb20ee77ec1 0x6F2a567826554D2526703a6BD265C42E53FdF4C2 0x0000000000000000000000000000000000000000 0xcad809e60e7B93fF7343E25F891A4959F0a2BBC7 14 3
2021/07/05 17:22:28 Multi 0xB957B7714371c3aE1D59d7183D67B96291F09d46 0x323065d8403e9d8f8576695abfc77036140035d6eb296cdb7a56d90cbbc22305 0x6F2a567826554D2526703a6BD265C42E53FdF4C2 0x0000000000000000000000000000000000000000 0x39d07f321cAF5b0668459DB5Bcf039A462A9273d 21 2
2021/07/05 17:22:29 Multi Sale 0x968f824a9a3127a435edfbf8a21843db81e56a6621ef886b878caa3a64578f86 0xf377DD7e30Fe5A090F4636d5D7D8e08857fe8987 0xcad809e60e7B93fF7343E25F891A4959F0a2BBC7 0 1 5.125000000000000000
2021/07/05 17:22:29 Unique 0xdDbBD84B31C05d09A7cca43D7681B17681398Dac 0x89f66ab7bee132c98f2a115d7d6945edc03052ad43fbae558979ac2b49adedeb 0x0000000000000000000000000000000000000000 0xcad809e60e7B93fF7343E25F891A4959F0a2BBC7
2021/07/05 17:22:31 Multi Sale 0x1cb2677f2fa2e0dd06419453935a9961a7d25170ef54dc82bfb17cb585c9726b 0xf377DD7e30Fe5A090F4636d5D7D8e08857fe8987 0x8F2a21718031240E73bE6563D4DFc281c4C10Cc5 0 1 5.125000000000000000
2021/07/05 17:22:31 Multi Sale 0x05170bd373a5b759c1b97e6a7e8d01e1b5e0d7c66c7cdf042c5f8b31328572be 0xf377DD7e30Fe5A090F4636d5D7D8e08857fe8987 0xcad809e60e7B93fF7343E25F891A4959F0a2BBC7 0 1 5.125000000000000000
2021/07/05 17:22:32 Unique Sale acc 0x79af6e513b33a2d4213b95bd88b879759022256e53b984cc189c45960b244b28 0x6e93Deb7FDa0E5A4CA8A3566785F0c7f4D0A2cb3 0.102500000000000000
2021/07/05 17:22:32 Unique Sale acc 0x0b8747f4613b7ec1423fb0f757dbacf3e19e579282c6604e2fde607e231f3e67 0xcad809e60e7B93fF7343E25F891A4959F0a2BBC7 0.512500000000000000
2021/07/05 17:22:32 Multi Sale 0xc7c2f33540f9ee507972c659c6b1f9164dcb5625e69516c52f19b81b3ded87f9 0xf377DD7e30Fe5A090F4636d5D7D8e08857fe8987 0x8F2a21718031240E73bE6563D4DFc281c4C10Cc5 0 1 5.125000000000000000
2021/07/05 17:22:33 unique resale offer 0x8496f638550b3c247316d4013b7a1bde471b41da62cccbb26bdfe53fd5a058cf 0x6e93Deb7FDa0E5A4CA8A3566785F0c7f4D0A2cb3 19 0.512500000000000000
2021/07/05 17:22:33 unique resale offer 0xdf47360606c7e951841a8e46d7ff2652aadc4a06813bb451584d635492082416 0xcad809e60e7B93fF7343E25F891A4959F0a2BBC7 19 0.615000000000000000
2021/07/05 17:22:33 Unique 0xdDbBD84B31C05d09A7cca43D7681B17681398Dac 0x982447c7af26d1d66264ec2f99f5b547eb5f7cd82952504eea4b1d18261a55ca 0x0000000000000000000000000000000000000000 0x6e93Deb7FDa0E5A4CA8A3566785F0c7f4D0A2cb3
2021/07/05 17:22:33 Unique 0xdDbBD84B31C05d09A7cca43D7681B17681398Dac 0x0ba6fd604084f9495efb2aaaf7d38429a2a6fc62b83b687c45a9913a67a92455 0x6e93Deb7FDa0E5A4CA8A3566785F0c7f4D0A2cb3 0xa1EFF0887B93e18bB0f59334a0CB57148BC2086f
2021/07/05 17:22:34 Multi 0x7D2F349F7F682B1B25e8E2590c61C0D9867844fc 0xf2e1023fede0dcc60eb6da066055320110e6aacc3b435fde4734f4df1acdab3c 0x6F2a567826554D2526703a6BD265C42E53FdF4C2 0x0000000000000000000000000000000000000000 0x39d07f321cAF5b0668459DB5Bcf039A462A9273d 42 5
2021/07/05 17:22:35 Multi 0x7D2F349F7F682B1B25e8E2590c61C0D9867844fc 0x5cf9bbb4dd45bbf52362813b12a5ef689aa0b9b0abc83b02ddb2fb2ed7f85672 0x6F2a567826554D2526703a6BD265C42E53FdF4C2 0x39d07f321cAF5b0668459DB5Bcf039A462A9273d 0x08ef5C04D2F93d9858F0d87697f22cBeCD990076 42 1
2021/07/05 17:22:35 Unique 0xdDbBD84B31C05d09A7cca43D7681B17681398Dac 0x9a01a0f45de39f1465d34a7c259288fe2f8dde448a8eabf1b7adf8cd9acfd333 0x0000000000000000000000000000000000000000 0xD27b5dB83D5cCF7F4e796abAa75D6C67ea9f8e7F
2021/07/05 17:22:36 Unique Sale acc 0x369ac3805c481efc478ac719b4e415ff6a708c617fb6a730bd2e7dc335adb0ce 0x39d07f321cAF5b0668459DB5Bcf039A462A9273d 0.205000000000000000
2021/07/05 17:22:36 Unique 0xdDbBD84B31C05d09A7cca43D7681B17681398Dac 0x7cf09d8427410f0d4212d184b0edce0dd00c608cce28b554dd1c3294d9e758f2 0x0000000000000000000000000000000000000000 0x1E989cD65Fec9961EC26A3492B940045244e4893
2021/07/05 17:22:37 Unique 0xdDbBD84B31C05d09A7cca43D7681B17681398Dac 0x044733138feae73ac2cb0737c8fd70ac62f8d4e1bd98ea3b24a0b3b9cee991f5 0x0000000000000000000000000000000000000000 0xD44710E53a542477Ac52AD88c5C0783F910336De
2021/07/05 17:22:37 Unique 0xdDbBD84B31C05d09A7cca43D7681B17681398Dac 0xe62f3b28f804de606eb8c4ce2340d9c008878aaa85f8ca0094920eb4dcf25343 0x0000000000000000000000000000000000000000 0xD44710E53a542477Ac52AD88c5C0783F910336De
2021/07/05 17:22:37 Multi Sale 0xe0dc3fc87e28887522a3de384da5788bdaac9ba5a4798f73ad42bf3756a2308c 0xf377DD7e30Fe5A090F4636d5D7D8e08857fe8987 0x8F2a21718031240E73bE6563D4DFc281c4C10Cc5 0 1 5.125000000000000000
2021/07/05 17:22:37 Multi Sale 0x39c1940a7d1f22f03b30235afca975153c96769e78acd480f5302a120da316e2 0xf377DD7e30Fe5A090F4636d5D7D8e08857fe8987 0x8F2a21718031240E73bE6563D4DFc281c4C10Cc5 0 1 5.125000000000000000
2021/07/05 17:22:37 Unique Offer New 0x3b6ff72fa55eaad662f49c1d5be9bede52fba9f02754f86104dd63b5434b6acb 0xcad809e60e7B93fF7343E25F891A4959F0a2BBC7 29 0.307500000000000000 QmfVoY1VXgUQQd9rLb2QrrCndiDydABst2DK9Dzw3vpWit
2021/07/05 17:22:37 Multi Sale 0xb743a2ea47e85b76e7d3cecd8dcad7ffda164b7d159bdc0c56b9d5ab046fdf98 0xf377DD7e30Fe5A090F4636d5D7D8e08857fe8987 0x8F2a21718031240E73bE6563D4DFc281c4C10Cc5 0 1 5.125000000000000000
2021/07/05 17:22:38 Multi Sale 0x2467dcd2876bda7d077b5f32fd20369cf4fc5c83cc793903e3b6e6ce93ba2e61 0xf377DD7e30Fe5A090F4636d5D7D8e08857fe8987 0x8F2a21718031240E73bE6563D4DFc281c4C10Cc5 0 1 5.125000000000000000
2021/07/05 17:22:38 Unique Sale acc 0x4c09cedda3a183b3b635768c3456b3e5cebf7bf77014611eff5a98eb6a511706 0x1E989cD65Fec9961EC26A3492B940045244e4893 0.615000000000000000
2021/07/05 17:22:38 Multi Sale 0xc437e05fd594480cad4b30a6c3c4aad322e562e79b918c7fe6fdbea66113436d 0xf377DD7e30Fe5A090F4636d5D7D8e08857fe8987 0x8F2a21718031240E73bE6563D4DFc281c4C10Cc5 0 1 5.125000000000000000
2021/07/05 17:22:38 Unique Sale acc 0x1953f503c05d2fb86cbf90273cf1d29eb89f87952290bc6ac89c4859cc44b08f 0xcad809e60e7B93fF7343E25F891A4959F0a2BBC7 0.000000000000000000
2021/07/05 17:22:38 Multi Sale 0xd55522b5767de99ade62a28153ce385ecdc246065b8bd84186b4f8c9e2b3fb00 0xf377DD7e30Fe5A090F4636d5D7D8e08857fe8987 0x8F2a21718031240E73bE6563D4DFc281c4C10Cc5 0 1 5.125000000000000000
2021/07/05 17:22:38 Multi Sale 0x5b0441750be59d67dcef19153c8e9d14e8383a08119422a5e0a463f579ab145e 0xf377DD7e30Fe5A090F4636d5D7D8e08857fe8987 0x8F2a21718031240E73bE6563D4DFc281c4C10Cc5 0 1 5.125000000000000000
2021/07/05 17:22:38 unique resale offer 0x928193836c717682c55dd3a4a5945a3eed04d0f402633f6a2f7e8e367ae8116d 0x1E989cD65Fec9961EC26A3492B940045244e4893 25 0.000000000000000000
2021/07/05 17:22:39 Multi Sale 0x3cb06fe7a2b01c2983b48107e5b8844480c70e7125318e0ed55a0ae515a2d078 0xf377DD7e30Fe5A090F4636d5D7D8e08857fe8987 0x8F2a21718031240E73bE6563D4DFc281c4C10Cc5 0 1 5.125000000000000000
2021/07/05 17:22:39 Multi Sale 0x7c1db3ee9dfef382f303c9d0c96d73f8e825cca81248970e3d0456cbd3435857 0xf377DD7e30Fe5A090F4636d5D7D8e08857fe8987 0x8F2a21718031240E73bE6563D4DFc281c4C10Cc5 0 1 5.125000000000000000
2021/07/05 17:22:40 Multi Sale 0x3acd019fa43c89b45ccceebde4c14be182dcd35f7a720d0c31f7c99709328cd8 0xf377DD7e30Fe5A090F4636d5D7D8e08857fe8987 0x8F2a21718031240E73bE6563D4DFc281c4C10Cc5 0 1 15.375000000000000000
2021/07/05 17:22:40 Multi Sale 0xa04a89c6784aa238a8acf9de44b3584d30a95508849ab9b9afe66f3dcc1e3b18 0xf377DD7e30Fe5A090F4636d5D7D8e08857fe8987 0x8F2a21718031240E73bE6563D4DFc281c4C10Cc5 0 1 15.375000000000000000
2021/07/05 17:22:40 Multi Sale 0xa4e6d34ee06076262808fddf6b2e423daf9164f0779d3d76ec9dfcf6bb22e426 0xf377DD7e30Fe5A090F4636d5D7D8e08857fe8987 0xcad809e60e7B93fF7343E25F891A4959F0a2BBC7 0 1 5.125000000000000000
2021/07/05 17:22:40 Unique 0xdDbBD84B31C05d09A7cca43D7681B17681398Dac 0x1f66df12e187ad2186c5af0ea5a5f9e47ac8d6154318c7e31e448de0d1522a69 0xD44710E53a542477Ac52AD88c5C0783F910336De 0x1E989cD65Fec9961EC26A3492B940045244e4893
2021/07/05 17:22:42 Multi 0x6702cB364d2C07E657D83d35d924A962873CFe5F 0x0332a741d4fa42c578ee517ad1f40b5f17eb263421f25badb6401826791cd037 0x6F2a567826554D2526703a6BD265C42E53FdF4C2 0x0000000000000000000000000000000000000000 0xcad809e60e7B93fF7343E25F891A4959F0a2BBC7 5 2
2021/07/05 17:22:42 Unique 0xdDbBD84B31C05d09A7cca43D7681B17681398Dac 0x50dbfa2bab7760a81a1f2f8e2e37782a9184fc57beb16de627f95099651f8412 0x0000000000000000000000000000000000000000 0xcad809e60e7B93fF7343E25F891A4959F0a2BBC7
2021/07/05 17:22:43 Unique 0xdDbBD84B31C05d09A7cca43D7681B17681398Dac 0xd734d0230a0bc14398df237bbf2a89bea2444e35493e3097276285b111ac5757 0x0000000000000000000000000000000000000000 0x39d07f321cAF5b0668459DB5Bcf039A462A9273d
2021/07/05 17:22:44 Unique Offer New 0xe08f41576586a84df77f1390e63dd99c1a1e14cfca816935654e86e4f00e978f 0xFE029208b267daBF5077bB3E3E7B1cc9916e9943 37 0.001025000000000000 QmertbyKmU3QTibcrxXBzZw4wtQ9kugFh1LrJWwZwd7JyP
2021/07/05 17:22:44 Multi 0x843cCa98Af1D9aea481eBAb43f3b3DE197807e95 0x11ed36c47c6ece57bc2444cd122d2b862bf641a88c9874d345944b2154f8f10c 0x6F2a567826554D2526703a6BD265C42E53FdF4C2 0x0000000000000000000000000000000000000000 0x6e93Deb7FDa0E5A4CA8A3566785F0c7f4D0A2cb3 12 2
2021/07/05 17:22:44 Multi 0x843cCa98Af1D9aea481eBAb43f3b3DE197807e95 0x51a0e40b0b6cb109c4a4ce382000e00bde3bc0e45e3da11a9877c7074aa2ced3 0x6F2a567826554D2526703a6BD265C42E53FdF4C2 0x0000000000000000000000000000000000000000 0x6e93Deb7FDa0E5A4CA8A3566785F0c7f4D0A2cb3 22 4
2021/07/05 17:22:45 Multi Sale 0xdf64c0ab7271a4d1d5a15b1d1991c4acdb95387abae957148ad77b9bc69c5724 0x78E897915E9dE9F4b52878851b33E98feb628443 0xc355b9A5dE199F811542D8C5D3E309789FfBEf86 0 1 0.010250000000000000
2021/07/05 17:22:46 Unique Sale acc 0xbd2cd11bf72cdfb750d1816baaedc75f91a505e64e555934b66b46d1ad84131c 0x39d07f321cAF5b0668459DB5Bcf039A462A9273d 0.307500000000000000
2021/07/05 17:22:46 Multi Sale 0xc4d47bce5962257f6675dd036e66e90b404088e5479362fefee30ac84d2a8077 0x78E897915E9dE9F4b52878851b33E98feb628443 0x963090E9776BF84a7bc7508B06597cb21D9DCFaC 0 1 0.010250000000000000
2021/07/05 17:22:46 unique resale offer 0xca5539b1b95abcf23dba98b859681b7b9d8b99a8a017691c70aa5d92bf2c269b 0x39d07f321cAF5b0668459DB5Bcf039A462A9273d 29 205.000000000000000000
2021/07/05 17:22:47 Multi Sale 0xf68f89eddf0d302f7817d9264bd2b5d7f633915950cba07722e5b99c5afebdfb 0xf377DD7e30Fe5A090F4636d5D7D8e08857fe8987 0x39d07f321cAF5b0668459DB5Bcf039A462A9273d 0 1 5.125000000000000000
2021/07/05 17:22:48 Multi Sale 0x9d235d8f204ca35c7cb517401be99918e15701e46433f9c9ecbc8d21b69b6084 0x78E897915E9dE9F4b52878851b33E98feb628443 0x963090E9776BF84a7bc7508B06597cb21D9DCFaC 0 1 0.001025000000000000
2021/07/05 17:22:48 Multi Sale 0xb3f07b033ceab66197cf3890d1f4626d52e49d371a63dc104c0255da347a7426 0xf377DD7e30Fe5A090F4636d5D7D8e08857fe8987 0x39d07f321cAF5b0668459DB5Bcf039A462A9273d 0 1 5.125000000000000000
2021/07/05 17:22:48 Multi Sale 0xcc37f62b854b0ca22f8434bd48a07200c53a85e375dc1d3ff5ee3302bd561b67 0x78E897915E9dE9F4b52878851b33E98feb628443 0xc355b9A5dE199F811542D8C5D3E309789FfBEf86 0 1 0.001025000000000000
2021/07/05 17:22:48 Unique Offer New 0x32bce61c61ae8cfb3095de809f1ba522e0b5a4adc27b34e0340c4dfd347e9c25 0xFE029208b267daBF5077bB3E3E7B1cc9916e9943 39 0.001025000000000000 QmPTDHLqhTPqj23wMc5fiAVmQA8YoAkDwxqrcUFBcRryqZ
2021/07/05 17:22:48 Multi Sale 0x067bf1a54cfe21e728c36de1be4b287c157e7852aa59cc0d07785f0c7c22423a 0x78E897915E9dE9F4b52878851b33E98feb628443 0xc355b9A5dE199F811542D8C5D3E309789FfBEf86 0 1 0.001025000000000000
2021/07/05 17:22:48 Unique Offer New 0x7c17f07c8cb40d4c2740770f5b7570aff0289b810ccc2baa9d874831c1ee3e3b 0xFE029208b267daBF5077bB3E3E7B1cc9916e9943 40 0.001025000000000000 QmPc4Cm6QARytYNyPukddNHKTNRRcpiKw9Nm9tnK2TkFcM
2021/07/05 17:22:49 Unique Sale acc 0xaf906f63237f854dfbb18a8bc4cb2d97a43380e2acb6d3039d800b1d7376b9ed 0xa1EFF0887B93e18bB0f59334a0CB57148BC2086f 0.001025000000000000
2021/07/05 17:22:49 Unique Sale acc 0xe0ecf7b9574594c340dc37e1df187d899c15f59cd9096f375e35037e51896e36 0x08ef5C04D2F93d9858F0d87697f22cBeCD990076 0.001025000000000000
2021/07/05 17:22:49 Unique Sale acc 0x6326d281655b19e1a43b58c286b051ea7fbb67750b1d37084dbd9aebfb80a125 0xc355b9A5dE199F811542D8C5D3E309789FfBEf86 0.001025000000000000
2021/07/05 17:22:49 Multi Sale 0xcb44e0ab8efb0a56991edff0864f18962fc84c462856bad14b45436cfaa11d4a 0x78E897915E9dE9F4b52878851b33E98feb628443 0x39d07f321cAF5b0668459DB5Bcf039A462A9273d 0 1 0.001025000000000000
2021/07/05 17:22:50 Multi Sale 0xb885f06e231221c43c955647e4f12e53dbde78ea061488776f516dde5760361e 0x7D2F349F7F682B1B25e8E2590c61C0D9867844fc 0x08ef5C04D2F93d9858F0d87697f22cBeCD990076 0 1 1.025000000000000000
2021/07/05 17:22:50 Multi 0xE499D6d66dB4f09532e4c2F0e1857f284F17660E 0x46c02c3628b5ac3cc5ea2e8b8d5accfab82fc90a5ef0bf0976db77b21452f177 0x6F2a567826554D2526703a6BD265C42E53FdF4C2 0x08ef5C04D2F93d9858F0d87697f22cBeCD990076 0xcad809e60e7B93fF7343E25F891A4959F0a2BBC7 38 1
2021/07/05 17:22:50 Multi Sale 0x6f241f41c3785cbc9ff6577ce3e02697daf72f4494f318fbbfc8e4366a0de0b8 0x78E897915E9dE9F4b52878851b33E98feb628443 0x08ef5C04D2F93d9858F0d87697f22cBeCD990076 0 1 0.010250000000000000
2021/07/05 17:22:51 Multi Sale 0x147e7d4a59ceac630befbd25d732e56f1df13fdd75c44b5ce7a50d053cd7916e 0x78E897915E9dE9F4b52878851b33E98feb628443 0x08ef5C04D2F93d9858F0d87697f22cBeCD990076 0 1 0.010250000000000000
2021/07/05 17:22:51 Unique Offer New 0x03e8bf9abad7fee4cd2f847bfbfe606e04bf2adbd4217494431fef88d3ba21f5 0x6e93Deb7FDa0E5A4CA8A3566785F0c7f4D0A2cb3 41 0.410000000000000000 QmdWYfPgp4u4NBvfxZt72QDNpAewZU5qAWkpjMBuzJCVxZ
2021/07/05 17:22:51 Multi Sale 0xdf084e9456f6659d14e1cf01a2cca71c4696e846418ba8da07a2012091031a56 0xE499D6d66dB4f09532e4c2F0e1857f284F17660E 0xa1EFF0887B93e18bB0f59334a0CB57148BC2086f 0 1 2.050000000000000000
2021/07/05 17:22:51 Multi Sale 0x53d66c4fc9aed092425c2806bed4307ae73fc7631f836f62a93fe687c1bcd152 0x78E897915E9dE9F4b52878851b33E98feb628443 0xa1EFF0887B93e18bB0f59334a0CB57148BC2086f 0 1 0.010250000000000000
2021/07/05 17:22:51 Unique Sale acc 0xb481967ad646ec6c416add9f29539f93c780f883e8742f14f4dc8682a836ae98 0x1E989cD65Fec9961EC26A3492B940045244e4893 0.717500000000000000
2021/07/05 17:22:52 Multi 0x78E897915E9dE9F4b52878851b33E98feb628443 0x8768a9f5567e8a8b02aaccc8d2520371b9b5174ebda3f836544145c56e983a49 0x6F2a567826554D2526703a6BD265C42E53FdF4C2 0x0000000000000000000000000000000000000000 0xFE029208b267daBF5077bB3E3E7B1cc9916e9943 6 12
2021/07/05 17:22:52 unique resale offer 0x96afd0b03235a238499c908140a02676a75aedc6b260b98ac3cdf98c3f25df49 0xcad809e60e7B93fF7343E25F891A4959F0a2BBC7 25 0.717500000000000000
2021/07/05 17:22:53 Multi Sale 0x33d328fcc9a195070e4880e59cdb9b6e241fcb38e80354b4753aff15ecbb18cc 0x7D2F349F7F682B1B25e8E2590c61C0D9867844fc 0xcad809e60e7B93fF7343E25F891A4959F0a2BBC7 0 1 1.025000000000000000
2021/07/05 17:22:57 Unique Offer New 0x91a9cb9664fe41aac8a34e997ea43f5e85283415db424a478539a88dc2b01c10 0x6e93Deb7FDa0E5A4CA8A3566785F0c7f4D0A2cb3 42 0.102500000000000000 QmUPXqQyovbSWQPQ3yqmxBBP1BKegANCvLf8ASDt5NAGmE
2021/07/05 17:22:58 Unique Sale acc 0x0f84cbb8027bdebf70d3117d9c3dd3a9c1f486401d9ba523d90563fdc5cfabb8 0xa1EFF0887B93e18bB0f59334a0CB57148BC2086f 0.001025000000000000
2021/07/05 17:22:59 Multi Sale 0x136fbb3d1bea480c3a5be41aaf25c76e3badec7ff1094c0e2da4864759b3e0a1 0xfe6DC34f1a64A321638085365BD6E2D36e9A6D96 0xa1EFF0887B93e18bB0f59334a0CB57148BC2086f 0 1 0.010250000000000000
2021/07/05 17:23:00 Multi Sale 0xc64b8eeb6d9bad26d1abe7d80b70842e374ca4e1f91e362a8d6946e171c99d3a 0xE499D6d66dB4f09532e4c2F0e1857f284F17660E 0xcad809e60e7B93fF7343E25F891A4959F0a2BBC7 0 1 2.050000000000000000
2021/07/05 17:23:00 Multi Sale 0x60116c06c0cf99de3bc17b9150099fa80ab545b25767c758c3b53745a090a372 0x843cCa98Af1D9aea481eBAb43f3b3DE197807e95 0xcad809e60e7B93fF7343E25F891A4959F0a2BBC7 0 1 0.020500000000000000
2021/07/05 17:23:00 Multi Sale 0x678bbd67ad28c8138a9a9d43fbe7895447b9021d392653188b71528f2e2e5dc4 0x843cCa98Af1D9aea481eBAb43f3b3DE197807e95 0xcad809e60e7B93fF7343E25F891A4959F0a2BBC7 0 1 0.102500000000000000
2021/07/05 17:23:01 Unique Sale acc 0x4a6e07446a5f66bf1c5178788f423b820b997f8f95f4c59c77d3e6c8e412520c 0xcad809e60e7B93fF7343E25F891A4959F0a2BBC7 5.125000000000000000
2021/07/05 17:23:01 Unique Sale acc 0x116b8a8ca2fbf5ba530c9985440a7bc88489f4bce34264de69a9054159b1da8d 0xcad809e60e7B93fF7343E25F891A4959F0a2BBC7 0.102500000000000000
2021/07/05 17:23:01 Multi Sale 0x1f34f30c524e4bbf67d3a10229e389ee688836024f4c756028c4673d2dfb0e0b 0xf377DD7e30Fe5A090F4636d5D7D8e08857fe8987 0x8F2a21718031240E73bE6563D4DFc281c4C10Cc5 0 1 5.125000000000000000
2021/07/05 17:23:01 Multi 0x78E897915E9dE9F4b52878851b33E98feb628443 0x7225b8ed5b425279f8ecc79c6a504f07bcc9b1ae26e9df28c4e2dd57d4b181ac 0x6F2a567826554D2526703a6BD265C42E53FdF4C2 0x0000000000000000000000000000000000000000 0xFE029208b267daBF5077bB3E3E7B1cc9916e9943 33 10
2021/07/05 17:23:02 Multi Sale 0x23079efbbee6aa6f8e85a936f0fe3ac2caa78114101329be164df847611c93d6 0xf377DD7e30Fe5A090F4636d5D7D8e08857fe8987 0x8F2a21718031240E73bE6563D4DFc281c4C10Cc5 0 1 5.125000000000000000
2021/07/05 17:23:02 Multi 0x78E897915E9dE9F4b52878851b33E98feb628443 0xd72475aba20c0e02e2b5626a96c0bd8e83733ffc7a63f1e55d6f466061a5588b 0x6F2a567826554D2526703a6BD265C42E53FdF4C2 0x0000000000000000000000000000000000000000 0xFE029208b267daBF5077bB3E3E7B1cc9916e9943 34 12
2021/07/05 17:23:02 Multi 0x78E897915E9dE9F4b52878851b33E98feb628443 0xdf64c0ab7271a4d1d5a15b1d1991c4acdb95387abae957148ad77b9bc69c5724 0x6F2a567826554D2526703a6BD265C42E53FdF4C2 0xFE029208b267daBF5077bB3E3E7B1cc9916e9943 0xc355b9A5dE199F811542D8C5D3E309789FfBEf86 34 1
2021/07/05 17:23:02 Multi 0x78E897915E9dE9F4b52878851b33E98feb628443 0xc4d47bce5962257f6675dd036e66e90b404088e5479362fefee30ac84d2a8077 0x6F2a567826554D2526703a6BD265C42E53FdF4C2 0xFE029208b267daBF5077bB3E3E7B1cc9916e9943 0x963090E9776BF84a7bc7508B06597cb21D9DCFaC 34 1
2021/07/05 17:23:02 Multi Sale 0xf24629d47c36d6110190576523d35542181d66ec91d45be4997261834d5a1194 0xf377DD7e30Fe5A090F4636d5D7D8e08857fe8987 0x8F2a21718031240E73bE6563D4DFc281c4C10Cc5 44 1 1 51.250000000000000000
2021/07/05 17:23:02 Multi 0x78E897915E9dE9F4b52878851b33E98feb628443 0xe4704845b79f26469f8b1d1233a37ae98ae39393f1679dc08a6771b0212d9d4e 0x6F2a567826554D2526703a6BD265C42E53FdF4C2 0x0000000000000000000000000000000000000000 0xFE029208b267daBF5077bB3E3E7B1cc9916e9943 35 15
2021/07/05 17:23:02 Multi Sale 0x4bd870b1a8905fa63092efdafe0ca5dee9e60108242293cd3182f6c686fadeef 0xf377DD7e30Fe5A090F4636d5D7D8e08857fe8987 0x8F2a21718031240E73bE6563D4DFc281c4C10Cc5 47 1 1 10.250000000000000000
2021/07/05 17:23:03 Multi 0x78E897915E9dE9F4b52878851b33E98feb628443 0x9d235d8f204ca35c7cb517401be99918e15701e46433f9c9ecbc8d21b69b6084 0x6F2a567826554D2526703a6BD265C42E53FdF4C2 0xFE029208b267daBF5077bB3E3E7B1cc9916e9943 0x963090E9776BF84a7bc7508B06597cb21D9DCFaC 35 1
2021/07/05 17:23:03 Multi 0x78E897915E9dE9F4b52878851b33E98feb628443 0xcc37f62b854b0ca22f8434bd48a07200c53a85e375dc1d3ff5ee3302bd561b67 0x6F2a567826554D2526703a6BD265C42E53FdF4C2 0xFE029208b267daBF5077bB3E3E7B1cc9916e9943 0xc355b9A5dE199F811542D8C5D3E309789FfBEf86 35 1
2021/07/05 17:23:03 Multi 0x78E897915E9dE9F4b52878851b33E98feb628443 0x5efb58021f1f0e5e30302688a79cc6dfc40e664e42bd2222544072c58ce94d28 0x6F2a567826554D2526703a6BD265C42E53FdF4C2 0x0000000000000000000000000000000000000000 0xFE029208b267daBF5077bB3E3E7B1cc9916e9943 36 12
2021/07/05 17:23:03 Multi Sale 0x4c6076af7fad92802cf206c841f9e137fc8e905d4ff4f6317e62ff2e51b27e93 0xf377DD7e30Fe5A090F4636d5D7D8e08857fe8987 0xaE07072DB170eBE9DEb41613011322aA9D2dBC09 1 1 51.250000000000000000
2021/07/05 17:23:03 Multi 0x78E897915E9dE9F4b52878851b33E98feb628443 0x067bf1a54cfe21e728c36de1be4b287c157e7852aa59cc0d07785f0c7c22423a 0x6F2a567826554D2526703a6BD265C42E53FdF4C2 0xFE029208b267daBF5077bB3E3E7B1cc9916e9943 0xc355b9A5dE199F811542D8C5D3E309789FfBEf86 36 1
2021/07/05 17:23:03 Multi Sale 0xf279f4422679c3a311f203a1668d8df14dae4919dabeabfc0f884751ea416ed2 0xf377DD7e30Fe5A090F4636d5D7D8e08857fe8987 0xa454515041892eB78132293ABd5763a730412F65 2 1 10.250000000000000000
2021/07/05 17:23:04 Multi 0x78E897915E9dE9F4b52878851b33E98feb628443 0xcb44e0ab8efb0a56991edff0864f18962fc84c462856bad14b45436cfaa11d4a 0x6F2a567826554D2526703a6BD265C42E53FdF4C2 0xFE029208b267daBF5077bB3E3E7B1cc9916e9943 0x39d07f321cAF5b0668459DB5Bcf039A462A9273d 36 1
2021/07/05 17:23:04 Multi Sale 0x420ba30a84271be97e906f946c8a43e7021f2f7a8ee9e2499da796efc9e0f30d 0xf377DD7e30Fe5A090F4636d5D7D8e08857fe8987 0x8F2a21718031240E73bE6563D4DFc281c4C10Cc5 0 1 5.125000000000000000
2021/07/05 17:23:04 Multi Sale 0xe153373b1de33b0fe242b7f00b406123876acfb114bed94ac71c720c80a2539a 0xf377DD7e30Fe5A090F4636d5D7D8e08857fe8987 0xaE07072DB170eBE9DEb41613011322aA9D2dBC09 44 2 1 10.250000000000000000
2021/07/05 17:23:04 Multi Sale 0x32433ca9638ffe61734dc284a914325a3d33c721042ad5e5dc39f26a7833e2d8 0xf377DD7e30Fe5A090F4636d5D7D8e08857fe8987 0x8F2a21718031240E73bE6563D4DFc281c4C10Cc5 49 1 1 6.150000000000000000
2021/07/05 17:23:06 Multi Sale 0x5cf9bbb4dd45bbf52362813b12a5ef689aa0b9b0abc83b02ddb2fb2ed7f85672 0x7D2F349F7F682B1B25e8E2590c61C0D9867844fc 0x08ef5C04D2F93d9858F0d87697f22cBeCD990076 0 1 0.010250000000000000
2021/07/05 17:23:06 Multi Sale 0x4c6b4139a77fe600a5572f7fb95c8d8375552439f64f5a40b59bedc9fa9484ea 0x78E897915E9dE9F4b52878851b33E98feb628443 0xa1EFF0887B93e18bB0f59334a0CB57148BC2086f 0 1 0.001025000000000000
2021/07/05 17:23:08 Multi Sale 0x4de1be815a9ea72a30b6ee487c1d8c2665e306c4e4c7225aa4e01281f5041084 0xfe6DC34f1a64A321638085365BD6E2D36e9A6D96 0xa1EFF0887B93e18bB0f59334a0CB57148BC2086f 7 1 1 1.025000000000000000
2021/07/05 17:23:10 Unique Sale acc 0x33d3ee0971b127cf339781c9bda04f7fc229ea3949497fde0f343095ca9a964a 0xcad809e60e7B93fF7343E25F891A4959F0a2BBC7 0.410000000000000000
2021/07/05 17:23:13 Multi 0x78E897915E9dE9F4b52878851b33E98feb628443 0x6f241f41c3785cbc9ff6577ce3e02697daf72f4494f318fbbfc8e4366a0de0b8 0x6F2a567826554D2526703a6BD265C42E53FdF4C2 0xFE029208b267daBF5077bB3E3E7B1cc9916e9943 0x08ef5C04D2F93d9858F0d87697f22cBeCD990076 33 1
2021/07/05 17:23:13 Multi 0x78E897915E9dE9F4b52878851b33E98feb628443 0x147e7d4a59ceac630befbd25d732e56f1df13fdd75c44b5ce7a50d053cd7916e 0x6F2a567826554D2526703a6BD265C42E53FdF4C2 0xFE029208b267daBF5077bB3E3E7B1cc9916e9943 0x08ef5C04D2F93d9858F0d87697f22cBeCD990076 6 1
2021/07/05 17:23:14 Multi 0x78E897915E9dE9F4b52878851b33E98feb628443 0x53d66c4fc9aed092425c2806bed4307ae73fc7631f836f62a93fe687c1bcd152 0x6F2a567826554D2526703a6BD265C42E53FdF4C2 0xFE029208b267daBF5077bB3E3E7B1cc9916e9943 0xa1EFF0887B93e18bB0f59334a0CB57148BC2086f 34 1
2021/07/05 17:23:14 Multi Sale 0x9e608debfa2b2473825c8df8fc129635d87458b1c6c341f67ce6bd7e0c20947e 0x7D2F349F7F682B1B25e8E2590c61C0D9867844fc 0xcad809e60e7B93fF7343E25F891A4959F0a2BBC7 37 1 1 0.102500000000000000
2021/07/05 17:23:15 Multi Sale 0x09d48207e3c49cd200ff0ea70c59e6e54a8e2b795ffcc2db75fa88104bac0e3a 0x6702cB364d2C07E657D83d35d924A962873CFe5F 0x6e93Deb7FDa0E5A4CA8A3566785F0c7f4D0A2cb3 0 1 0.001025000000000000
2021/07/05 17:23:15 Multi Sale 0x1112baa5e1323c8bb6790b49bf728d157f1512e593ba2d792a4e0a545c723fa0 0x78E897915E9dE9F4b52878851b33E98feb628443 0xcad809e60e7B93fF7343E25F891A4959F0a2BBC7 0 1 0.001025000000000000
2021/07/05 17:23:16 Multi Sale 0x46c02c3628b5ac3cc5ea2e8b8d5accfab82fc90a5ef0bf0976db77b21452f177 0xE499D6d66dB4f09532e4c2F0e1857f284F17660E 0xcad809e60e7B93fF7343E25F891A4959F0a2BBC7 0 1 2.050000000000000000
2021/07/05 17:23:16 Unique Offer New 0xe154629ad99f9915bb145c7709fdbb2b8218b358fabd3f187b11165b524f557d 0xA7722c27a0eAaa4690358eE3D31a4D38F20c38A1 35 0.020500000000000000 QmUwBr1NBEHxTkMvfXQuChXsRYTF7M834RoFTc9hxkMt3b
2021/07/05 17:23:17 Multi Sale 0xbea4d8bafa5be76471e5db45793b94b3dce964162b22674f543deb1b7eb630a6 0x78E897915E9dE9F4b52878851b33E98feb628443 0xcad809e60e7B93fF7343E25F891A4959F0a2BBC7 0 1 0.001025000000000000
2021/07/05 17:23:17 Multi Sale 0x51d4e30d097401cbd7b6ed38f2d9af66ee91dba727a96d10465f48667ffa41de 0x6702cB364d2C07E657D83d35d924A962873CFe5F 0x6e93Deb7FDa0E5A4CA8A3566785F0c7f4D0A2cb3 0 1 0.010250000000000000
2021/07/05 17:23:17 Multi Sale 0x6da6e3eab5867674b1eac17144e2a5d85789534cfbbfd3859004f2f6954e30cb 0x843cCa98Af1D9aea481eBAb43f3b3DE197807e95 0xcad809e60e7B93fF7343E25F891A4959F0a2BBC7 46 1 1 0.307500000000000000
2021/07/05 17:23:18 Multi 0x2ac45B6c65eC496BF8d6a5aFD2B0BA66902eDF13 0x32dbca8fd724bf7048a41bd9ba40fb2e2a87f738e400d154c24249663496465c 0x6F2a567826554D2526703a6BD265C42E53FdF4C2 0x0000000000000000000000000000000000000000 0x6e93Deb7FDa0E5A4CA8A3566785F0c7f4D0A2cb3 59 1
2021/07/05 17:23:18 Multi 0x2ac45B6c65eC496BF8d6a5aFD2B0BA66902eDF13 0x499fbff556f986ffdd625287b0b81b832ae35500299af5fd06624fd2a2a49c85 0x6F2a567826554D2526703a6BD265C42E53FdF4C2 0x6e93Deb7FDa0E5A4CA8A3566785F0c7f4D0A2cb3 0xcad809e60e7B93fF7343E25F891A4959F0a2BBC7 59 1
2021/07/05 17:23:18 Multi Sale 0xb58372d36ea1133e5e23cf28d6a00ef9cb5df41ba266d88b455802a833f778f4 0x6702cB364d2C07E657D83d35d924A962873CFe5F 0x6e93Deb7FDa0E5A4CA8A3566785F0c7f4D0A2cb3 0 1 0.010250000000000000
2021/07/05 17:23:18 Multi Sale 0xf2bfc8343358afc1457e3702d1011fc4b9df462eeb59aeb835868ae6716739c9 0xfe6DC34f1a64A321638085365BD6E2D36e9A6D96 0x6e93Deb7FDa0E5A4CA8A3566785F0c7f4D0A2cb3 0 1 0.010250000000000000
2021/07/05 17:23:19 Multi Sale 0x499fbff556f986ffdd625287b0b81b832ae35500299af5fd06624fd2a2a49c85 0x2ac45B6c65eC496BF8d6a5aFD2B0BA66902eDF13 0xcad809e60e7B93fF7343E25F891A4959F0a2BBC7 0 1 0.010250000000000000
2021/07/05 17:23:19 Unique Offer New 0x03a973d10be94984d5485b5ae0b5b7c62d86c35f260aed558c7925aaddb00462 0xa454515041892eB78132293ABd5763a730412F65 45 5.125000000000000000 QmcpEoRx4RPSjW4sPEbEh1Qw7kDVYYhNaaHyECeFjnkpYq
2021/07/05 17:23:20 Multi Sale 0x08b83206213b8ae46aa136fc9531c7497d9bbe91b2b5600045f6695d7df0de16 0x6702cB364d2C07E657D83d35d924A962873CFe5F 0x230a26C90025C0d5b93a2cDBE10747C48227049f 0 1 0.010250000000000000
2021/07/05 17:23:20 Multi Sale 0x11bd33132b1899a92a3e72f52a09261db1e1b1ae73da5f8f9f2c26cc9e67b502 0x6702cB364d2C07E657D83d35d924A962873CFe5F 0x230a26C90025C0d5b93a2cDBE10747C48227049f 56 1 1 0.020500000000000000
2021/07/05 17:23:20 Multi Sale 0x1ebf48be8c5ea057602650939bfbf1d18cd45986936123b695be57f013ec0e10 0x78E897915E9dE9F4b52878851b33E98feb628443 0xcad809e60e7B93fF7343E25F891A4959F0a2BBC7 36 1 1 0.102500000000000000
2021/07/05 17:23:21 Multi Sale 0x4091d217489dfba8baa0503a5fb49f54ece31b230cc2b93e8a1351ea6aca504c 0x6702cB364d2C07E657D83d35d924A962873CFe5F 0x6e93Deb7FDa0E5A4CA8A3566785F0c7f4D0A2cb3 0 1 0.020500000000000000
2021/07/05 17:23:22 Multi Sale 0x058b6ef4a20eade9440c7a4eb3b1887852aaf61d7f41f3a583d87b26cff3503b 0x843cCa98Af1D9aea481eBAb43f3b3DE197807e95 0x230a26C90025C0d5b93a2cDBE10747C48227049f 1 1 2.050000000000000000
2021/07/05 17:23:23 Multi Sale 0x1b37a45ca434fcc5185d9f69d7a7475e0caacbfec22cd26f5197cbddc5f344c5 0x6702cB364d2C07E657D83d35d924A962873CFe5F 0x6e93Deb7FDa0E5A4CA8A3566785F0c7f4D0A2cb3 0 1 0.010250000000000000
2021/07/05 17:23:23 Multi Sale 0x3af45fb19fc0b6eb1b3c991909848ae11d73fdd14c039fa05ce31e2180124107 0x843cCa98Af1D9aea481eBAb43f3b3DE197807e95 0xcad809e60e7B93fF7343E25F891A4959F0a2BBC7 12 1 1 2.050000000000000000
2021/07/05 17:23:23 Multi 0x6702cB364d2C07E657D83d35d924A962873CFe5F 0xb7d63cced2b1f4f38fed0ab4c49ecf93de62c839512e2900fcd03d7944270ad2 0x6F2a567826554D2526703a6BD265C42E53FdF4C2 0x0000000000000000000000000000000000000000 0xcad809e60e7B93fF7343E25F891A4959F0a2BBC7 45 3
2021/07/05 17:23:23 Multi Sale 0x5da57f30fe071be22be38fb1cd8727709da3dc2100a4b33834e674ce2c34cd36 0x6702cB364d2C07E657D83d35d924A962873CFe5F 0x6e93Deb7FDa0E5A4CA8A3566785F0c7f4D0A2cb3 61 1 1 0.512500000000000000
2021/07/05 17:23:24 Multi Sale 0x347c78935882678aa7f0fc6caae20ee2c5b8445d88f0936421fef2e936646d91 0x6702cB364d2C07E657D83d35d924A962873CFe5F 0x230a26C90025C0d5b93a2cDBE10747C48227049f 1 1 0.512500000000000000
2021/07/05 17:23:25 Multi Sale 0xa53b5569e40587b8a52a2c35d0d5d6def805136c8a04f8dcb7a17165387acddd 0x668Ee0f5bfA0A0497F8F8315212888d5a64779Eb 0x0EA0281db722F5642457B5E785dda24eA75f6149 62 1 45 0.010250000000000000
2021/07/05 17:23:26 Multi 0xfe6DC34f1a64A321638085365BD6E2D36e9A6D96 0x136fbb3d1bea480c3a5be41aaf25c76e3badec7ff1094c0e2da4864759b3e0a1 0x6F2a567826554D2526703a6BD265C42E53FdF4C2 0x39d07f321cAF5b0668459DB5Bcf039A462A9273d 0xa1EFF0887B93e18bB0f59334a0CB57148BC2086f 7 1
2021/07/05 17:23:26 Multi Sale 0xd84f37b2f3eaf21d43bbcec970e1737e30d250a7668678e5d86ced8847b20d96 0x843cCa98Af1D9aea481eBAb43f3b3DE197807e95 0x230a26C90025C0d5b93a2cDBE10747C48227049f 0 1 0.102500000000000000
2021/07/05 17:23:27 Multi Sale 0xe90f0cb5a7d14d11230011fe53d55a806fc4a7e3da8b7b578904356963f0f8fb 0x6702cB364d2C07E657D83d35d924A962873CFe5F 0x230a26C90025C0d5b93a2cDBE10747C48227049f 0 1 0.010250000000000000
2021/07/05 17:23:27 Multi Sale 0x87ea671ca0ec88edf27be9972e933d07dce81ae86396e43adb7d8ac0005b0672 0x6702cB364d2C07E657D83d35d924A962873CFe5F 0x6e93Deb7FDa0E5A4CA8A3566785F0c7f4D0A2cb3 1 1 0.102500000000000000
2021/07/05 17:23:27 Multi Sale 0x517108e5167dee21819edfb999f70271a58de2537a8c2f650ac94d4eee2e56d9 0x843cCa98Af1D9aea481eBAb43f3b3DE197807e95 0x230a26C90025C0d5b93a2cDBE10747C48227049f 0 1 0.102500000000000000
2021/07/05 17:23:27 Multi 0x843cCa98Af1D9aea481eBAb43f3b3DE197807e95 0xd336b6c2e93cbcdcec0786aec828a42de92ac573fc3ff5bfd82b340eaf218cce 0x6F2a567826554D2526703a6BD265C42E53FdF4C2 0x0000000000000000000000000000000000000000 0x6e93Deb7FDa0E5A4CA8A3566785F0c7f4D0A2cb3 46 2
2021/07/05 17:23:27 Multi 0x843cCa98Af1D9aea481eBAb43f3b3DE197807e95 0x60116c06c0cf99de3bc17b9150099fa80ab545b25767c758c3b53745a090a372 0x6F2a567826554D2526703a6BD265C42E53FdF4C2 0x6e93Deb7FDa0E5A4CA8A3566785F0c7f4D0A2cb3 0xcad809e60e7B93fF7343E25F891A4959F0a2BBC7 46 1
2021/07/05 17:23:28 Multi Sale 0x1145e726b7af716e0997cda6452df7930dcf189c0e675a936369886f75b82728 0x843cCa98Af1D9aea481eBAb43f3b3DE197807e95 0x230a26C90025C0d5b93a2cDBE10747C48227049f 66 1 1 0.205000000000000000
2021/07/05 17:23:28 Multi 0x843cCa98Af1D9aea481eBAb43f3b3DE197807e95 0x678bbd67ad28c8138a9a9d43fbe7895447b9021d392653188b71528f2e2e5dc4 0x6F2a567826554D2526703a6BD265C42E53FdF4C2 0x6e93Deb7FDa0E5A4CA8A3566785F0c7f4D0A2cb3 0xcad809e60e7B93fF7343E25F891A4959F0a2BBC7 12 1
2021/07/05 17:23:28 Multi Sale 0x6b18b6baf43de916dd2d5d5bae41e8d600c73956f3dfe87573f39e2b30230927 0x6702cB364d2C07E657D83d35d924A962873CFe5F 0x230a26C90025C0d5b93a2cDBE10747C48227049f 68 1 1 0.102500000000000000
2021/07/05 17:23:29 Multi Sale 0x6787ce56f279d58169c23b1600d5bab61731c94572784e43a91a0bfb31236385 0x6702cB364d2C07E657D83d35d924A962873CFe5F 0x6e93Deb7FDa0E5A4CA8A3566785F0c7f4D0A2cb3 0 1 0.102500000000000000
2021/07/05 17:23:29 Multi Sale 0x97d3f390414d28873e96e158a123821221ea35a934815ff6b36c7a65ab1d4fe7 0xfe6DC34f1a64A321638085365BD6E2D36e9A6D96 0x6e93Deb7FDa0E5A4CA8A3566785F0c7f4D0A2cb3 7 2 1 0.205000000000000000
2021/07/05 17:23:30 Multi Sale 0x9edb49b46349e9f714d7aea9cd473390d17be9057f2f300cfe6ac339c121a26a 0x843cCa98Af1D9aea481eBAb43f3b3DE197807e95 0xcad809e60e7B93fF7343E25F891A4959F0a2BBC7 0 1 0.010250000000000000
2021/07/05 17:23:30 Multi Sale 0x291e4a5e34ddc35f9a738357b2908d26791bd7ac084aa085293bc94ff2ce34a7 0x843cCa98Af1D9aea481eBAb43f3b3DE197807e95 0x230a26C90025C0d5b93a2cDBE10747C48227049f 1 1 0.102500000000000000
2021/07/05 17:23:31 Multi Sale 0x481803c3c6fc1cb5244450a62ccbf5fc880d1a1e5020308ba08f1bd5ccdbd358 0x843cCa98Af1D9aea481eBAb43f3b3DE197807e95 0xcad809e60e7B93fF7343E25F891A4959F0a2BBC7 73 1 1 0.102500000000000000
2021/07/05 17:23:34 Multi 0x78E897915E9dE9F4b52878851b33E98feb628443 0x4c6b4139a77fe600a5572f7fb95c8d8375552439f64f5a40b59bedc9fa9484ea 0x6F2a567826554D2526703a6BD265C42E53FdF4C2 0xFE029208b267daBF5077bB3E3E7B1cc9916e9943 0xa1EFF0887B93e18bB0f59334a0CB57148BC2086f 36 1
2021/07/05 17:23:38 Unique Offer New 0xc3d572bea59f8f84369283a842bd6182eb14f7d1b5ae58391bdce2c4f0e67df6 0x1E989cD65Fec9961EC26A3492B940045244e4893 46 3.075000000000000000 QmZFPzhouUMsdjvNqmp1cSL7jtfdfd2AyoXEx9ik8fkoSV
2021/07/05 17:23:39 Unique Offer New 0xe695e76528af2675552ad6e6d852a9a5bb787aaf0f2fc1282be2f7bdee4841e8 0xA7722c27a0eAaa4690358eE3D31a4D38F20c38A1 33 0.006150000000000000 Qmesibx8dr2Vb7RSDBS3JYzqvrVkKZFLcAjhnMq5YA12hX
2021/07/05 17:23:43 Multi Sale 0xece9bc5aa1e50abdd6b1416d356dd0d348679636728b60262a8dddb67a30924c 0x6702cB364d2C07E657D83d35d924A962873CFe5F 0x6e93Deb7FDa0E5A4CA8A3566785F0c7f4D0A2cb3 0 1 0.010250000000000000
2021/07/05 17:23:43 Multi Sale 0x4ad78b3c33912b2a37a96d683812b063d8fe297f4c939e53a59827760c95221e 0x6702cB364d2C07E657D83d35d924A962873CFe5F 0x230a26C90025C0d5b93a2cDBE10747C48227049f 1 1 0.102500000000000000
2021/07/05 17:23:44 Multi Sale 0x2c11b60d61355994bc49aefd6d280ac7d10f8dc8a65b586dbc160e5a1dc952cc 0x6702cB364d2C07E657D83d35d924A962873CFe5F 0x6e93Deb7FDa0E5A4CA8A3566785F0c7f4D0A2cb3 77 1 1 0.102500000000000000
2021/07/05 17:23:46 Multi 0x07ECA79C4Bf58a699c4936b36FbA98C423605C9c 0x33d72f4716a51e1d22d8c5ed7dfb6f6d49cb4439ce72d810d0895afad7098a3f 0x6F2a567826554D2526703a6BD265C42E53FdF4C2 0x0000000000000000000000000000000000000000 0x39d07f321cAF5b0668459DB5Bcf039A462A9273d 124 5
2021/07/05 17:23:46 Multi 0x07ECA79C4Bf58a699c4936b36FbA98C423605C9c 0x978ed955669132c5667e262cfd889a4db47a744e44cbb2365e1698a7f1ac07e6 0x6F2a567826554D2526703a6BD265C42E53FdF4C2 0x0000000000000000000000000000000000000000 0x39d07f321cAF5b0668459DB5Bcf039A462A9273d 123 1
2021/07/05 17:23:47 Multi 0x49eE5a783b3A3e1c3cDca6BcEf5f8dE9551AF7F3 0x54f6f2ab07a3d3c5a68e1d04bf4ff62ad9e7e0025d38380137fd758f39fc0ee5 0x6F2a567826554D2526703a6BD265C42E53FdF4C2 0x0000000000000000000000000000000000000000 0xa454515041892eB78132293ABd5763a730412F65 128 5
2021/07/05 17:23:47 Multi 0x49eE5a783b3A3e1c3cDca6BcEf5f8dE9551AF7F3 0xf90d35895abbcfad5460683188faab5cd344f12cddb686d99d881c79047673a6 0x6F2a567826554D2526703a6BD265C42E53FdF4C2 0x0000000000000000000000000000000000000000 0xa454515041892eB78132293ABd5763a730412F65 129 15
2021/07/05 17:23:47 Multi 0x49eE5a783b3A3e1c3cDca6BcEf5f8dE9551AF7F3 0x9eae02f1659c1eb42153d60125439e6d3106e507268d0774c83384c9c342eb12 0x6F2a567826554D2526703a6BD265C42E53FdF4C2 0x0000000000000000000000000000000000000000 0xa454515041892eB78132293ABd5763a730412F65 132 11
2021/07/05 17:23:50 Multi 0x6702cB364d2C07E657D83d35d924A962873CFe5F 0x2d6d1c9f644904089d4ac5df51a901681cc117496d44e9043ab7b87e5712b996 0x6F2a567826554D2526703a6BD265C42E53FdF4C2 0x0000000000000000000000000000000000000000 0xcad809e60e7B93fF7343E25F891A4959F0a2BBC7 54 1
2021/07/05 17:23:50 Multi 0x6702cB364d2C07E657D83d35d924A962873CFe5F 0x09d48207e3c49cd200ff0ea70c59e6e54a8e2b795ffcc2db75fa88104bac0e3a 0x6F2a567826554D2526703a6BD265C42E53FdF4C2 0xcad809e60e7B93fF7343E25F891A4959F0a2BBC7 0x6e93Deb7FDa0E5A4CA8A3566785F0c7f4D0A2cb3 54 1
2021/07/05 17:23:50 Multi 0x6702cB364d2C07E657D83d35d924A962873CFe5F 0xeedb1bafa45b3368f671771cf95bf2e6fed9614e8da33bfe06a630ea0d7f0e33 0x6F2a567826554D2526703a6BD265C42E53FdF4C2 0x0000000000000000000000000000000000000000 0xcad809e60e7B93fF7343E25F891A4959F0a2BBC7 48 5
2021/07/05 17:23:50 Multi 0x6702cB364d2C07E657D83d35d924A962873CFe5F 0x1f58d011b2499c0bea697b2747bd3d3a951f0ac248f7c96fcefd7da54fa760e7 0x6F2a567826554D2526703a6BD265C42E53FdF4C2 0x0000000000000000000000000000000000000000 0xcad809e60e7B93fF7343E25F891A4959F0a2BBC7 55 1
2021/07/05 17:23:50 Multi 0x6702cB364d2C07E657D83d35d924A962873CFe5F 0x51d4e30d097401cbd7b6ed38f2d9af66ee91dba727a96d10465f48667ffa41de 0x6F2a567826554D2526703a6BD265C42E53FdF4C2 0xcad809e60e7B93fF7343E25F891A4959F0a2BBC7 0x6e93Deb7FDa0E5A4CA8A3566785F0c7f4D0A2cb3 55 1
2021/07/05 17:23:51 Multi 0x6702cB364d2C07E657D83d35d924A962873CFe5F 0x62bc0dcaf0279e792c90a9766f09fa3e1d84693728e094d820f3f959ec34e38c 0x6F2a567826554D2526703a6BD265C42E53FdF4C2 0x0000000000000000000000000000000000000000 0xcad809e60e7B93fF7343E25F891A4959F0a2BBC7 58 1
2021/07/05 17:23:51 Multi 0x6702cB364d2C07E657D83d35d924A962873CFe5F 0xb58372d36ea1133e5e23cf28d6a00ef9cb5df41ba266d88b455802a833f778f4 0x6F2a567826554D2526703a6BD265C42E53FdF4C2 0xcad809e60e7B93fF7343E25F891A4959F0a2BBC7 0x6e93Deb7FDa0E5A4CA8A3566785F0c7f4D0A2cb3 58 1
2021/07/05 17:23:52 Multi Sale 0x7fd33a9022fb8f5eea1d17b9ca9975d22df354614ceeb900862df0051c246c8d 0x78E897915E9dE9F4b52878851b33E98feb628443 0xD44710E53a542477Ac52AD88c5C0783F910336De 0 1 0.001025000000000000
2021/07/05 17:23:52 Multi 0x78E897915E9dE9F4b52878851b33E98feb628443 0x1112baa5e1323c8bb6790b49bf728d157f1512e593ba2d792a4e0a545c723fa0 0x6F2a567826554D2526703a6BD265C42E53FdF4C2 0xFE029208b267daBF5077bB3E3E7B1cc9916e9943 0xcad809e60e7B93fF7343E25F891A4959F0a2BBC7 36 1
2021/07/05 17:23:52 Multi 0x78E897915E9dE9F4b52878851b33E98feb628443 0xbea4d8bafa5be76471e5db45793b94b3dce964162b22674f543deb1b7eb630a6 0x6F2a567826554D2526703a6BD265C42E53FdF4C2 0xFE029208b267daBF5077bB3E3E7B1cc9916e9943 0xcad809e60e7B93fF7343E25F891A4959F0a2BBC7 35 1
2021/07/05 17:23:54 Multi 0xfe6DC34f1a64A321638085365BD6E2D36e9A6D96 0xf2bfc8343358afc1457e3702d1011fc4b9df462eeb59aeb835868ae6716739c9 0x6F2a567826554D2526703a6BD265C42E53FdF4C2 0x39d07f321cAF5b0668459DB5Bcf039A462A9273d 0x6e93Deb7FDa0E5A4CA8A3566785F0c7f4D0A2cb3 7 1
2021/07/05 17:23:54 Unique Offer New 0xa13ce3b599c7609f4b0fb7ee0e9d301f06adad01d4838ac34c8074c635559183 0x6e93Deb7FDa0E5A4CA8A3566785F0c7f4D0A2cb3 49 1.025000000000000000 QmXLK6xnKubgbwgh4tsBWnCkpuStvaSN6KoJEdDL6V8z13
2021/07/05 17:23:57 Unique Offer New 0xd83c17732ad57a93b98c0066b532424cb7b5249871f2f63aae9b9ccba1b01f8b 0xa454515041892eB78132293ABd5763a730412F65 51 2.050000000000000000 QmciyLrTenxsTBJnCWYk3eNeVxz6Vcyk9MAQKXQqSYACTp
2021/07/05 17:24:06 Multi Sale 0x6f7ce70c5848bc94a4b4eaf0b5b58c3aafdd12151c616c4eb5eac01e0f8f16b0 0xf377DD7e30Fe5A090F4636d5D7D8e08857fe8987 0x143572A92a6bBC8A09fB52e2D96BEaA3D5d615ac 0 1 5.125000000000000000
2021/07/05 17:24:06 Multi Sale 0x7d044494063f43b88f2d47af83495948efc3eef3fbb15d5b65a0a0a909d26f09 0xf377DD7e30Fe5A090F4636d5D7D8e08857fe8987 0xa454515041892eB78132293ABd5763a730412F65 1 1 10.250000000000000000
2021/07/05 17:24:07 Multi Sale 0x78a151b35516913988822e3eeff3564a88720f024b3c117c4735123f119a777f 0xf377DD7e30Fe5A090F4636d5D7D8e08857fe8987 0x143572A92a6bBC8A09fB52e2D96BEaA3D5d615ac 90 1 1 10.250000000000000000
2021/07/05 17:24:08 Multi 0x6702cB364d2C07E657D83d35d924A962873CFe5F 0x335c4a316ef6bf45de7881c57dc9953af94e995f851317c113826f5b9a990c22 0x6F2a567826554D2526703a6BD265C42E53FdF4C2 0x0000000000000000000000000000000000000000 0xcad809e60e7B93fF7343E25F891A4959F0a2BBC7 56 1
2021/07/05 17:24:09 Multi 0x6702cB364d2C07E657D83d35d924A962873CFe5F 0x08b83206213b8ae46aa136fc9531c7497d9bbe91b2b5600045f6695d7df0de16 0x6F2a567826554D2526703a6BD265C42E53FdF4C2 0xcad809e60e7B93fF7343E25F891A4959F0a2BBC7 0x230a26C90025C0d5b93a2cDBE10747C48227049f 56 1
2021/07/05 17:24:09 Multi 0x6702cB364d2C07E657D83d35d924A962873CFe5F 0x4091d217489dfba8baa0503a5fb49f54ece31b230cc2b93e8a1351ea6aca504c 0x6F2a567826554D2526703a6BD265C42E53FdF4C2 0xcad809e60e7B93fF7343E25F891A4959F0a2BBC7 0x6e93Deb7FDa0E5A4CA8A3566785F0c7f4D0A2cb3 48 1
2021/07/05 17:24:09 Multi 0x6702cB364d2C07E657D83d35d924A962873CFe5F 0x6fb00acf9bf2325091b24dc1cab14a4600ea8645dd46a48e9636ca1e3d733bcc 0x6F2a567826554D2526703a6BD265C42E53FdF4C2 0x0000000000000000000000000000000000000000 0xcad809e60e7B93fF7343E25F891A4959F0a2BBC7 61 1
2021/07/05 17:24:09 Multi 0x6702cB364d2C07E657D83d35d924A962873CFe5F 0x1b37a45ca434fcc5185d9f69d7a7475e0caacbfec22cd26f5197cbddc5f344c5 0x6F2a567826554D2526703a6BD265C42E53FdF4C2 0xcad809e60e7B93fF7343E25F891A4959F0a2BBC7 0x6e93Deb7FDa0E5A4CA8A3566785F0c7f4D0A2cb3 61 1
2021/07/05 17:24:10 Multi 0x6702cB364d2C07E657D83d35d924A962873CFe5F 0x347c78935882678aa7f0fc6caae20ee2c5b8445d88f0936421fef2e936646d91 0x6F2a567826554D2526703a6BD265C42E53FdF4C2 0x6e93Deb7FDa0E5A4CA8A3566785F0c7f4D0A2cb3 0x230a26C90025C0d5b93a2cDBE10747C48227049f 61 1
2021/07/05 17:24:10 Multi Sale 0x512925c78773d19336057b681a3c8d70694e06d061f38c28378db73f98a4fc2f 0xf377DD7e30Fe5A090F4636d5D7D8e08857fe8987 0x143572A92a6bBC8A09fB52e2D96BEaA3D5d615ac 0 1 5.125000000000000000
2021/07/05 17:24:10 Multi Sale 0xbc66c8489065a770c5210fe2d14f7037aca09b605ba2cd8e79abdfc1bf00a29d 0xf377DD7e30Fe5A090F4636d5D7D8e08857fe8987 0x8F2a21718031240E73bE6563D4DFc281c4C10Cc5 0 1 5.125000000000000000
2021/07/05 17:24:10 Multi Sale 0x7f37f26493626ed5d273c66aa896de49a433574607b392082152ea3abe26aa32 0xf377DD7e30Fe5A090F4636d5D7D8e08857fe8987 0x143572A92a6bBC8A09fB52e2D96BEaA3D5d615ac 0 1 5.125000000000000000
2021/07/05 17:24:10 Multi Sale 0x9eb129722de4f911252adced868264e84c26dde21ebc425a39377abd9bc19653 0xf377DD7e30Fe5A090F4636d5D7D8e08857fe8987 0x143572A92a6bBC8A09fB52e2D96BEaA3D5d615ac 0 1 5.125000000000000000
2021/07/05 17:24:11 Multi Sale 0x0cb3647d677576ec2f0f243360a2cb8c6e57b6ddc09b00c6e4e607925b9c5381 0xf377DD7e30Fe5A090F4636d5D7D8e08857fe8987 0x143572A92a6bBC8A09fB52e2D96BEaA3D5d615ac 0 1 5.125000000000000000
2021/07/05 17:24:11 Multi 0x843cCa98Af1D9aea481eBAb43f3b3DE197807e95 0x058b6ef4a20eade9440c7a4eb3b1887852aaf61d7f41f3a583d87b26cff3503b 0x6F2a567826554D2526703a6BD265C42E53FdF4C2 0xcad809e60e7B93fF7343E25F891A4959F0a2BBC7 0x230a26C90025C0d5b93a2cDBE10747C48227049f 12 1
2021/07/05 17:24:11 Multi 0x843cCa98Af1D9aea481eBAb43f3b3DE197807e95 0xa690a981892b3212227fcd57601a96a0276ff1709330021f149abd681da33061 0x6F2a567826554D2526703a6BD265C42E53FdF4C2 0x0000000000000000000000000000000000000000 0x6e93Deb7FDa0E5A4CA8A3566785F0c7f4D0A2cb3 65 1
2021/07/05 17:24:11 Multi Sale 0xca0f6e542b1006055e213bfdafe74b993a212f61bc036661e92cf64c0fc97fae 0xf377DD7e30Fe5A090F4636d5D7D8e08857fe8987 0x143572A92a6bBC8A09fB52e2D96BEaA3D5d615ac 28 1 1 10.250000000000000000
2021/07/05 17:24:11 Multi 0x843cCa98Af1D9aea481eBAb43f3b3DE197807e95 0x1d76dfd0a15f67893b634c7cf8985724d79cb8b0df161c8165a944eb57f6e670 0x6F2a567826554D2526703a6BD265C42E53FdF4C2 0x0000000000000000000000000000000000000000 0x6e93Deb7FDa0E5A4CA8A3566785F0c7f4D0A2cb3 66 1
2021/07/05 17:24:11 Multi 0x843cCa98Af1D9aea481eBAb43f3b3DE197807e95 0xd84f37b2f3eaf21d43bbcec970e1737e30d250a7668678e5d86ced8847b20d96 0x6F2a567826554D2526703a6BD265C42E53FdF4C2 0x6e93Deb7FDa0E5A4CA8A3566785F0c7f4D0A2cb3 0x230a26C90025C0d5b93a2cDBE10747C48227049f 66 1
2021/07/05 17:24:12 Multi 0x843cCa98Af1D9aea481eBAb43f3b3DE197807e95 0x0684247eaf75a7495c5ac76de7536380005592c12db0927ece21cef2bcf71cf9 0x6F2a567826554D2526703a6BD265C42E53FdF4C2 0x0000000000000000000000000000000000000000 0x6e93Deb7FDa0E5A4CA8A3566785F0c7f4D0A2cb3 69 1
2021/07/05 17:24:12 Multi 0x843cCa98Af1D9aea481eBAb43f3b3DE197807e95 0x517108e5167dee21819edfb999f70271a58de2537a8c2f650ac94d4eee2e56d9 0x6F2a567826554D2526703a6BD265C42E53FdF4C2 0x6e93Deb7FDa0E5A4CA8A3566785F0c7f4D0A2cb3 0x230a26C90025C0d5b93a2cDBE10747C48227049f 69 1
2021/07/05 17:24:12 Multi 0x843cCa98Af1D9aea481eBAb43f3b3DE197807e95 0x6427c40c2f87979d426412e86ed03297e9e38f4856cc48675085ac7818afb93f 0x6F2a567826554D2526703a6BD265C42E53FdF4C2 0x0000000000000000000000000000000000000000 0x6e93Deb7FDa0E5A4CA8A3566785F0c7f4D0A2cb3 73 1
2021/07/05 17:24:12 Multi 0x843cCa98Af1D9aea481eBAb43f3b3DE197807e95 0x9edb49b46349e9f714d7aea9cd473390d17be9057f2f300cfe6ac339c121a26a 0x6F2a567826554D2526703a6BD265C42E53FdF4C2 0x6e93Deb7FDa0E5A4CA8A3566785F0c7f4D0A2cb3 0xcad809e60e7B93fF7343E25F891A4959F0a2BBC7 73 1
2021/07/05 17:24:12 Multi 0x843cCa98Af1D9aea481eBAb43f3b3DE197807e95 0x291e4a5e34ddc35f9a738357b2908d26791bd7ac084aa085293bc94ff2ce34a7 0x6F2a567826554D2526703a6BD265C42E53FdF4C2 0xcad809e60e7B93fF7343E25F891A4959F0a2BBC7 0x230a26C90025C0d5b93a2cDBE10747C48227049f 73 1
2021/07/05 17:24:19 Multi 0x6702cB364d2C07E657D83d35d924A962873CFe5F 0xd2e0ce699203d1980ea52d8920eb0e8a35b03f4d082ca4a00a70883565f3ac51 0x6F2a567826554D2526703a6BD265C42E53FdF4C2 0x0000000000000000000000000000000000000000 0xcad809e60e7B93fF7343E25F891A4959F0a2BBC7 68 1
2021/07/05 17:24:19 Multi 0x6702cB364d2C07E657D83d35d924A962873CFe5F 0xe90f0cb5a7d14d11230011fe53d55a806fc4a7e3da8b7b578904356963f0f8fb 0x6F2a567826554D2526703a6BD265C42E53FdF4C2 0xcad809e60e7B93fF7343E25F891A4959F0a2BBC7 0x230a26C90025C0d5b93a2cDBE10747C48227049f 68 1
2021/07/05 17:24:20 Multi 0x6702cB364d2C07E657D83d35d924A962873CFe5F 0x87ea671ca0ec88edf27be9972e933d07dce81ae86396e43adb7d8ac0005b0672 0x6F2a567826554D2526703a6BD265C42E53FdF4C2 0x230a26C90025C0d5b93a2cDBE10747C48227049f 0x6e93Deb7FDa0E5A4CA8A3566785F0c7f4D0A2cb3 68 1
2021/07/05 17:24:20 Multi 0x6702cB364d2C07E657D83d35d924A962873CFe5F 0xf04ed15208266cd82fd091172cbaf24191279a8dc2f5ef60f4e40d00c6610118 0x6F2a567826554D2526703a6BD265C42E53FdF4C2 0x0000000000000000000000000000000000000000 0xcad809e60e7B93fF7343E25F891A4959F0a2BBC7 70 1
2021/07/05 17:24:20 Multi 0x6702cB364d2C07E657D83d35d924A962873CFe5F 0x6787ce56f279d58169c23b1600d5bab61731c94572784e43a91a0bfb31236385 0x6F2a567826554D2526703a6BD265C42E53FdF4C2 0xcad809e60e7B93fF7343E25F891A4959F0a2BBC7 0x6e93Deb7FDa0E5A4CA8A3566785F0c7f4D0A2cb3 70 1
2021/07/05 17:24:36 Unique Offer New 0x42f992745b375f98f828b51ae1aad104ac0c9bd8edb4ae0c8e737762de390988 0x6e93Deb7FDa0E5A4CA8A3566785F0c7f4D0A2cb3 52 0.205000000000000000 QmYL7JT32smH6aPtEaCV8KGZG9TFXx6N8yex6cYFVP4fBj
2021/07/05 17:24:45 Unique Offer New 0x23d78c7198a2f264f4d567f3825bae8fdf3ff4e2adefd60c8deb26ad21d88b50 0xcad809e60e7B93fF7343E25F891A4959F0a2BBC7 53 0.010250000000000000 QmdgqMaYKozq11hWkkt2hxAG2LsqZouHjgsSGdkKtP8aCi
2021/07/05 17:24:46 Unique Sale acc 0x89f66ab7bee132c98f2a115d7d6945edc03052ad43fbae558979ac2b49adedeb 0xcad809e60e7B93fF7343E25F891A4959F0a2BBC7 2.050000000000000000
2021/07/05 17:24:49 Multi 0xF6dfDf1A4dc513707Aa3426a04285CAF59Eb5FB9 0xb61432c3ee0e7df2e64e06238434fbeffa1f00ca51e2f62162ac53c665b73560 0x6F2a567826554D2526703a6BD265C42E53FdF4C2 0x0000000000000000000000000000000000000000 0xA7722c27a0eAaa4690358eE3D31a4D38F20c38A1 23 5
2021/07/05 17:24:50 Multi 0xF6dfDf1A4dc513707Aa3426a04285CAF59Eb5FB9 0x2509124568fb2abd771e33c41edb04eda502eafaf0c212098d17ac65be1f39c5 0x6F2a567826554D2526703a6BD265C42E53FdF4C2 0xA7722c27a0eAaa4690358eE3D31a4D38F20c38A1 0xFE029208b267daBF5077bB3E3E7B1cc9916e9943 17 1
2021/07/05 17:24:50 Multi 0xF6dfDf1A4dc513707Aa3426a04285CAF59Eb5FB9 0x92d22680a6490111ec0759e84827d144d4abeeca593fa7d89154b67ae0feb5fc 0x6F2a567826554D2526703a6BD265C42E53FdF4C2 0x0000000000000000000000000000000000000000 0xA7722c27a0eAaa4690358eE3D31a4D38F20c38A1 26 10
2021/07/05 17:24:51 Multi 0x6702cB364d2C07E657D83d35d924A962873CFe5F 0xf910dca22babd3e38c415c30c57c9cf7e2e0f34e17049e027ea902ded348d872 0x6F2a567826554D2526703a6BD265C42E53FdF4C2 0x0000000000000000000000000000000000000000 0xcad809e60e7B93fF7343E25F891A4959F0a2BBC7 77 1
2021/07/05 17:24:52 Multi 0x6702cB364d2C07E657D83d35d924A962873CFe5F 0xece9bc5aa1e50abdd6b1416d356dd0d348679636728b60262a8dddb67a30924c 0x6F2a567826554D2526703a6BD265C42E53FdF4C2 0xcad809e60e7B93fF7343E25F891A4959F0a2BBC7 0x6e93Deb7FDa0E5A4CA8A3566785F0c7f4D0A2cb3 77 1
2021/07/05 17:24:52 Multi 0x6702cB364d2C07E657D83d35d924A962873CFe5F 0x4ad78b3c33912b2a37a96d683812b063d8fe297f4c939e53a59827760c95221e 0x6F2a567826554D2526703a6BD265C42E53FdF4C2 0x6e93Deb7FDa0E5A4CA8A3566785F0c7f4D0A2cb3 0x230a26C90025C0d5b93a2cDBE10747C48227049f 77 1
2021/07/05 17:24:58 Multi 0x6702cB364d2C07E657D83d35d924A962873CFe5F 0x6f3840f634ed38c759bb9dd9bb018752d5f77dfd2bb0280cac3ceb0bc50b028c 0x6F2a567826554D2526703a6BD265C42E53FdF4C2 0x0000000000000000000000000000000000000000 0xcad809e60e7B93fF7343E25F891A4959F0a2BBC7 85 4
2021/07/05 17:25:06 Multi 0x78E897915E9dE9F4b52878851b33E98feb628443 0x7fd33a9022fb8f5eea1d17b9ca9975d22df354614ceeb900862df0051c246c8d 0x6F2a567826554D2526703a6BD265C42E53FdF4C2 0xFE029208b267daBF5077bB3E3E7B1cc9916e9943 0xD44710E53a542477Ac52AD88c5C0783F910336De 35 1
2021/07/05 17:25:06 Multi Sale 0x2509124568fb2abd771e33c41edb04eda502eafaf0c212098d17ac65be1f39c5 0xF6dfDf1A4dc513707Aa3426a04285CAF59Eb5FB9 0xFE029208b267daBF5077bB3E3E7B1cc9916e9943 0 1 0.003075000000000000
2021/07/05 17:25:07 Multi Sale 0x964b9c2298d4526d0ef1e048535dd035e1526b229eab9cb08412cc2460381f91 0xf377DD7e30Fe5A090F4636d5D7D8e08857fe8987 0x8F2a21718031240E73bE6563D4DFc281c4C10Cc5 0 1 5.125000000000000000
2021/07/05 17:25:07 Multi Sale 0x4a81bc919745103745561978e0563432572dc7e59056c8eecbedf61ece40c202 0xc5ED78577ACb5Aa71d8E6ab1201096e2385B2D11 0xA7722c27a0eAaa4690358eE3D31a4D38F20c38A1 0 1 1.025000000000000000
2021/07/05 17:25:07 Multi Sale 0x96686b06b6742e88870b4b93d9d5c5399e95618df1fa9df17321942f3a393c7a 0xfe6DC34f1a64A321638085365BD6E2D36e9A6D96 0x8F2a21718031240E73bE6563D4DFc281c4C10Cc5 0 1 0.010250000000000000
2021/07/05 17:25:09 Unique Sale acc 0x982447c7af26d1d66264ec2f99f5b547eb5f7cd82952504eea4b1d18261a55ca 0x6e93Deb7FDa0E5A4CA8A3566785F0c7f4D0A2cb3 0.006150000000000000
2021/07/05 17:25:09 unique resale offer 0xe15cca1e7c2d87f213a9dd5b89e6947f16cb797e6c10cdf15fc0db1f070ad0ef 0x6e93Deb7FDa0E5A4CA8A3566785F0c7f4D0A2cb3 33 0.051250000000000000
2021/07/05 17:25:10 Unique Offer New 0x08da20191bd8059f358522c8d26f5a9a8d46eeabeb2403fbbf5439936e1c66ed 0xcad809e60e7B93fF7343E25F891A4959F0a2BBC7 55 0.092250000000000000 QmdTYmiJUi7ERzz9veExcwSki2kXAtYp66rBqjZVXzZWS9
2021/07/05 17:25:12 Unique Sale acc 0x0ba6fd604084f9495efb2aaaf7d38429a2a6fc62b83b687c45a9913a67a92455 0xa1EFF0887B93e18bB0f59334a0CB57148BC2086f 0.051250000000000000
2021/07/05 17:25:19 Multi 0x6702cB364d2C07E657D83d35d924A962873CFe5F 0x7a37dbd6c2d3b97a8466a859703622078d3e297d8c5060554ef380caac448993 0x6F2a567826554D2526703a6BD265C42E53FdF4C2 0x0000000000000000000000000000000000000000 0xcad809e60e7B93fF7343E25F891A4959F0a2BBC7 86 3
2021/07/05 17:25:19 Multi 0x6702cB364d2C07E657D83d35d924A962873CFe5F 0xea96100e8c9182325cd63b2cbed994d6a94bdefabbe6c280b59602094d4a4e6c 0x6F2a567826554D2526703a6BD265C42E53FdF4C2 0x0000000000000000000000000000000000000000 0xcad809e60e7B93fF7343E25F891A4959F0a2BBC7 87 4
2021/07/05 17:25:21 Multi Sale 0x4819caae542d4ac12e69da6e3527883433b1cfd10cd317fbeed54d50936cede8 0x6702cB364d2C07E657D83d35d924A962873CFe5F 0x6e93Deb7FDa0E5A4CA8A3566785F0c7f4D0A2cb3 55 1 1 0.205000000000000000
2021/07/05 17:25:22 Unique Sale acc 0x9a01a0f45de39f1465d34a7c259288fe2f8dde448a8eabf1b7adf8cd9acfd333 0xD27b5dB83D5cCF7F4e796abAa75D6C67ea9f8e7F 0.205000000000000000
2021/07/05 17:25:27 Unique Sale acc 0x7cf09d8427410f0d4212d184b0edce0dd00c608cce28b554dd1c3294d9e758f2 0x1E989cD65Fec9961EC26A3492B940045244e4893 0.092250000000000000
2021/07/05 17:25:31 Unique Sale acc 0x044733138feae73ac2cb0737c8fd70ac62f8d4e1bd98ea3b24a0b3b9cee991f5 0xD44710E53a542477Ac52AD88c5C0783F910336De 0.010250000000000000
2021/07/05 17:25:32 Unique Sale acc 0xe62f3b28f804de606eb8c4ce2340d9c008878aaa85f8ca0094920eb4dcf25343 0xD44710E53a542477Ac52AD88c5C0783F910336De 5.125000000000000000
2021/07/05 17:25:32 unique resale offer 0x8a478e491eec4fdf4bc2d3d19fb6d4d976134a3af9ad4e0280d03a37b685e5a4 0xD44710E53a542477Ac52AD88c5C0783F910336De 45 6.150000000000000000
2021/07/05 17:25:33 Multi 0x843cCa98Af1D9aea481eBAb43f3b3DE197807e95 0x658836011a93d1f692f0cccd9436c29f9733d218e0632939279a1bda14322aeb 0x6F2a567826554D2526703a6BD265C42E53FdF4C2 0x0000000000000000000000000000000000000000 0x6e93Deb7FDa0E5A4CA8A3566785F0c7f4D0A2cb3 88 3
2021/07/05 17:25:42 Multi Sale 0xb63a454bcd83e82805d1260da107b01972379ed2c61e025525745e8dbc27c402 0xfe6DC34f1a64A321638085365BD6E2D36e9A6D96 0xB0f1A004b34457F62a29f42dF1e6D82bf9e39c74 1 1 1.025000000000000000
2021/07/05 17:25:45 Multi Sale 0x7c882f1a2e4e09b2d86cca6ab4975065b55e847359b4f1c65ecb29e8f618bfb0 0xf377DD7e30Fe5A090F4636d5D7D8e08857fe8987 0x8F2a21718031240E73bE6563D4DFc281c4C10Cc5 0 1 5.125000000000000000
2021/07/05 17:25:45 Multi Sale 0x8f6240fcf896fe29a71dd7ab110efdc22f75f1f4b5c3b687fef4f285c536c7b0 0xf377DD7e30Fe5A090F4636d5D7D8e08857fe8987 0x8F2a21718031240E73bE6563D4DFc281c4C10Cc5 92 1 1 10.250000000000000000
2021/07/05 17:25:46 Multi Sale 0xe95da1304b0a7a6be143c6d8b7f72fe30eac533d21b8c3f7028c7267af95db4a 0xf377DD7e30Fe5A090F4636d5D7D8e08857fe8987 0x8F2a21718031240E73bE6563D4DFc281c4C10Cc5 0 1 5.125000000000000000
2021/07/05 17:25:50 Multi 0xc5ED78577ACb5Aa71d8E6ab1201096e2385B2D11 0x4a81bc919745103745561978e0563432572dc7e59056c8eecbedf61ece40c202 0x6F2a567826554D2526703a6BD265C42E53FdF4C2 0x1E989cD65Fec9961EC26A3492B940045244e4893 0xA7722c27a0eAaa4690358eE3D31a4D38F20c38A1 67 1
2021/07/05 17:25:51 Unique Sale acc 0x1f66df12e187ad2186c5af0ea5a5f9e47ac8d6154318c7e31e448de0d1522a69 0x1E989cD65Fec9961EC26A3492B940045244e4893 6.150000000000000000
2021/07/05 17:25:59 Unique Offer New 0x3ad15395128f58ef5c7a3b93b95926515f2f9d9b5aa911eb6dac4bd5b0b56840 0xFE029208b267daBF5077bB3E3E7B1cc9916e9943 62 0.010250000000000000 QmVSumWjWKMWsrRk1XPjEqZtW1ZGLygLGwQLo4cNDUXnbv
2021/07/05 17:26:04 Unique Sale acc 0x50dbfa2bab7760a81a1f2f8e2e37782a9184fc57beb16de627f95099651f8412 0xcad809e60e7B93fF7343E25F891A4959F0a2BBC7 0.010250000000000000
2021/07/05 17:26:06 Unique Offer New 0x60f65bb4a8252a2189e5b18aa096b604e8df90fe87b6cacabdcf63aa03fb66bd 0xa1EFF0887B93e18bB0f59334a0CB57148BC2086f 63 0.102500000000000000 QmcczeyT9YSPfYZYZ1gWcjmfo7YLJzzLF9BJdWh1kf9ABM
2021/07/05 17:26:06 Unique Sale acc 0xd734d0230a0bc14398df237bbf2a89bea2444e35493e3097276285b111ac5757 0x39d07f321cAF5b0668459DB5Bcf039A462A9273d 0.102500000000000000
2021/07/05 17:26:17 Multi Sale 0x6efaff24067d52bfdeb823105dcaa5666057cf097aeb2c8b41a594c041e96c20 0xf377DD7e30Fe5A090F4636d5D7D8e08857fe8987 0xa454515041892eB78132293ABd5763a730412F65 1 1 6.150000000000000000
2021/07/05 17:26:51 Unique Offer New 0x47aebeb541cc07bb78edb9290b3d7b12884c61026dabaa9c1a21893cc23b06fd 0x1E989cD65Fec9961EC26A3492B940045244e4893 64 1.025000000000000000 QmXSSjXCwCs8ByUDUDyMa6XUYsgbkmfJtaFF4srpXx2aH9
2021/07/05 17:26:57 Multi 0xc5ED78577ACb5Aa71d8E6ab1201096e2385B2D11 0xb0b3764ef54a4919a1a59f131834a65379be392bd27ddcf15ab4f20aa4f5426f 0x6F2a567826554D2526703a6BD265C42E53FdF4C2 0x0000000000000000000000000000000000000000 0x1E989cD65Fec9961EC26A3492B940045244e4893 100 10
2021/07/05 17:26:57 Multi 0x843cCa98Af1D9aea481eBAb43f3b3DE197807e95 0xc95c60073f401d7949c432d242f43b9d2624c57265c204019737a9a270880631 0x6F2a567826554D2526703a6BD265C42E53FdF4C2 0x0000000000000000000000000000000000000000 0x6e93Deb7FDa0E5A4CA8A3566785F0c7f4D0A2cb3 95 2
2021/07/05 17:27:04 Multi Sale 0xf28c0b7dfa5ae04a23a81a52f3b4926bef083bb12f00b06c537d9359c2df1bce 0xf377DD7e30Fe5A090F4636d5D7D8e08857fe8987 0xD44710E53a542477Ac52AD88c5C0783F910336De 0 1 5.125000000000000000
2021/07/05 17:27:04 Unique Offer New 0x2bf8ff60c53304dbeee4914d8dc5e39a0821dc18bb93171d009088d0c811743d 0x6e93Deb7FDa0E5A4CA8A3566785F0c7f4D0A2cb3 65 0.102500000000000000 QmWU7xQz9ffSkvsxLTVNfz1xuwxbgcDvzJpkDj6FfNg84V
2021/07/05 17:27:05 Unique Offer New 0xc2978ac203479bb4551a22f758353b44aecc523492f2dbc1ae10eaf3e83349dc 0x1E989cD65Fec9961EC26A3492B940045244e4893 66 0.205000000000000000 QmQojMK4TF1ExSb5XUNhHsDgHNsHhxgonoR5pKVnUicEX7
2021/07/05 17:27:05 Unique Offer New 0xaf34983edee5e5a89ef33d6e2c989c0d4898cdc80f409ef447feb39cbaba1521 0x1E989cD65Fec9961EC26A3492B940045244e4893 67 0.102500000000000000 QmdkN8eVTVTECpN6Xkqi9eFt8coe6Mf8vedrecUUiZrwhi
2021/07/05 17:27:10 Unique Offer New 0xa7d765343030d9a74cff5a3895eba9ef5af008a86f6103c42116bd8247593455 0x1E989cD65Fec9961EC26A3492B940045244e4893 68 1.025000000000000000 Qmd7wX3sdZR21zrqtnDygjUogX8DaV61b2eEgz73MrnTRf
2021/07/05 17:27:10 Unique Offer New 0x5dfead61f2cd92d4d6e334e0b62691870720bfcfd798f19e839ddf7ce29dacef 0x1E989cD65Fec9961EC26A3492B940045244e4893 69 0.307500000000000000 QmYvcoMqeusoWqAHaxiaP54sGaL8ooXgz7yrWZnEiKA9KA
2021/07/05 17:27:10 Unique Offer New 0xfa69b8ac8d3e3d536b02fd52a268e4d2439004930f80de55ef808842b2c1d625 0xa454515041892eB78132293ABd5763a730412F65 70 12.300000000000000000 QmXYc8RsepjVh3FionEmS1wp6nMNDr4hr39L4qXb23iVow
2021/07/05 17:27:11 Unique Offer New 0xe4443fd20986acfb9b88dae1f5c9086e3d767caa761af8ac110183dd63070775 0x1E989cD65Fec9961EC26A3492B940045244e4893 71 0.410000000000000000 QmXNtH3dPqZmnmo7hESKaC4smiLJndp4LBqMtX1mSC7Ldz
2021/07/05 17:27:35 Multi 0x843cCa98Af1D9aea481eBAb43f3b3DE197807e95 0x9f251f081f4f938c4d12eea41b631b0cf29a196f49339497c3a3eb7206e85fcc 0x6F2a567826554D2526703a6BD265C42E53FdF4C2 0x0000000000000000000000000000000000000000 0x6e93Deb7FDa0E5A4CA8A3566785F0c7f4D0A2cb3 96 2
2021/07/05 17:27:39 Multi 0xfe6DC34f1a64A321638085365BD6E2D36e9A6D96 0x96686b06b6742e88870b4b93d9d5c5399e95618df1fa9df17321942f3a393c7a 0x6F2a567826554D2526703a6BD265C42E53FdF4C2 0x39d07f321cAF5b0668459DB5Bcf039A462A9273d 0x8F2a21718031240E73bE6563D4DFc281c4C10Cc5 7 1
2021/07/05 17:27:39 Multi 0xfe6DC34f1a64A321638085365BD6E2D36e9A6D96 0x1daf15e56aea611c3f7bd3451264aee8277fc099741de5f7de01bdf811554034 0x6F2a567826554D2526703a6BD265C42E53FdF4C2 0x0000000000000000000000000000000000000000 0x39d07f321cAF5b0668459DB5Bcf039A462A9273d 98 3
2021/07/05 17:27:56 Multi 0xB957B7714371c3aE1D59d7183D67B96291F09d46 0xb14165a869bc10fdee5b820072ed04e9ffd4affca232576ded3da5b741171d4a 0x6F2a567826554D2526703a6BD265C42E53FdF4C2 0x0000000000000000000000000000000000000000 0x39d07f321cAF5b0668459DB5Bcf039A462A9273d 106 5
2021/07/05 17:28:43 Multi 0x6702cB364d2C07E657D83d35d924A962873CFe5F 0xb9731a1584566ce7b824d7b0385d0de50759cf64371a2de003910753ff36ba9a 0x6F2a567826554D2526703a6BD265C42E53FdF4C2 0x0000000000000000000000000000000000000000 0xcad809e60e7B93fF7343E25F891A4959F0a2BBC7 109 1
2021/07/05 17:28:43 Multi 0x6702cB364d2C07E657D83d35d924A962873CFe5F 0x74f59e5de2cd2ae96c270e28c044832bd81ce9da3b1965c7633c5fe689d50285 0x6F2a567826554D2526703a6BD265C42E53FdF4C2 0x0000000000000000000000000000000000000000 0xcad809e60e7B93fF7343E25F891A4959F0a2BBC7 104 3
2021/07/05 17:28:46 Multi 0xfe6DC34f1a64A321638085365BD6E2D36e9A6D96 0xb63a454bcd83e82805d1260da107b01972379ed2c61e025525745e8dbc27c402 0x6F2a567826554D2526703a6BD265C42E53FdF4C2 0xa1EFF0887B93e18bB0f59334a0CB57148BC2086f 0xB0f1A004b34457F62a29f42dF1e6D82bf9e39c74 7 1
2021/07/05 17:28:52 Multi 0x7D2F349F7F682B1B25e8E2590c61C0D9867844fc 0x4c77bcf02d6f4a74d61a713a9dd4cf7cfa67d3b8a3c4e436b951ce72e8fc3948 0x6F2a567826554D2526703a6BD265C42E53FdF4C2 0x0000000000000000000000000000000000000000 0x39d07f321cAF5b0668459DB5Bcf039A462A9273d 114 3
2021/07/05 17:29:38 Multi 0x6702cB364d2C07E657D83d35d924A962873CFe5F 0xdec92079f60b7cc1f509ff331d88b2b83ccaa1b75a9d342cf400732bc790738b 0x6F2a567826554D2526703a6BD265C42E53FdF4C2 0x0000000000000000000000000000000000000000 0xcad809e60e7B93fF7343E25F891A4959F0a2BBC7 111 1
2021/07/05 17:29:50 Multi 0x78E897915E9dE9F4b52878851b33E98feb628443 0x8c820f62d5409983507c1114b33860b0a85d3293e64e3d01810bf4b3c43f46fb 0x6F2a567826554D2526703a6BD265C42E53FdF4C2 0x0000000000000000000000000000000000000000 0xFE029208b267daBF5077bB3E3E7B1cc9916e9943 119 12
2021/07/05 17:29:50 Multi 0x78E897915E9dE9F4b52878851b33E98feb628443 0xda2681251ff555bccea968f5b06a4cc00725fc6e5297231986182c90381c73b9 0x6F2a567826554D2526703a6BD265C42E53FdF4C2 0x0000000000000000000000000000000000000000 0xFE029208b267daBF5077bB3E3E7B1cc9916e9943 120 12
2021/07/05 17:30:21 Multi 0xc5ED78577ACb5Aa71d8E6ab1201096e2385B2D11 0xcdb360c00518b1caf32e488bd389fa5efd1c927cb46b744a663590b35ec630cd 0x6F2a567826554D2526703a6BD265C42E53FdF4C2 0x0000000000000000000000000000000000000000 0x1E989cD65Fec9961EC26A3492B940045244e4893 130 1000
2021/07/05 17:32:01 Multi 0x843cCa98Af1D9aea481eBAb43f3b3DE197807e95 0xefc328cd96a8f865ef1a3931cc97b8a1998388308feca6a2221d4c542f1dda28 0x6F2a567826554D2526703a6BD265C42E53FdF4C2 0x0000000000000000000000000000000000000000 0x6e93Deb7FDa0E5A4CA8A3566785F0c7f4D0A2cb3 134 2
2021/07/05 20:00:41 Multi 0xf377DD7e30Fe5A090F4636d5D7D8e08857fe8987 0x63ba9b27aab68bb8139b7c8e877a8b6e9bca541f7ccbbddb2516176d8b57a5c4 0x6F2a567826554D2526703a6BD265C42E53FdF4C2 0x0000000000000000000000000000000000000000 0xa454515041892eB78132293ABd5763a730412F65 4 5
2021/07/05 20:00:41 Multi 0xf377DD7e30Fe5A090F4636d5D7D8e08857fe8987 0xa7f81ee6045b3bc1441b46e6cd1696ee679b915f23909b333087b1304f1ba3e8 0x6F2a567826554D2526703a6BD265C42E53FdF4C2 0x0000000000000000000000000000000000000000 0xa454515041892eB78132293ABd5763a730412F65 10 5
2021/07/05 20:00:41 Multi 0xf377DD7e30Fe5A090F4636d5D7D8e08857fe8987 0x4338ca2697270ce8763eb88922690bf777ed42a163aec6fa9cb8691362334745 0x6F2a567826554D2526703a6BD265C42E53FdF4C2 0xa454515041892eB78132293ABd5763a730412F65 0x8F2a21718031240E73bE6563D4DFc281c4C10Cc5 10 1
2021/07/05 20:00:42 Multi 0xf377DD7e30Fe5A090F4636d5D7D8e08857fe8987 0x8332e45c613be1e0e2c7a774070e5916d04aed40ba909e250fe25cf2c76673e6 0x6F2a567826554D2526703a6BD265C42E53FdF4C2 0xa454515041892eB78132293ABd5763a730412F65 0x8F2a21718031240E73bE6563D4DFc281c4C10Cc5 4 1
2021/07/05 20:00:42 Multi 0xf377DD7e30Fe5A090F4636d5D7D8e08857fe8987 0xfd812a2025be149f2660b9edba89cc7452fa21ccfb7c3636b8063f4bd5e60eaa 0x6F2a567826554D2526703a6BD265C42E53FdF4C2 0x0000000000000000000000000000000000000000 0xa454515041892eB78132293ABd5763a730412F65 13 10
2021/07/05 20:00:42 Multi 0xf377DD7e30Fe5A090F4636d5D7D8e08857fe8987 0xee0aee873761f93942b1a529c98b0f048bc525f86283c5292bb407bebcf84a84 0x6F2a567826554D2526703a6BD265C42E53FdF4C2 0xa454515041892eB78132293ABd5763a730412F65 0x8F2a21718031240E73bE6563D4DFc281c4C10Cc5 13 1
2021/07/05 20:01:03 Multi 0xf377DD7e30Fe5A090F4636d5D7D8e08857fe8987 0x968f824a9a3127a435edfbf8a21843db81e56a6621ef886b878caa3a64578f86 0x6F2a567826554D2526703a6BD265C42E53FdF4C2 0xa454515041892eB78132293ABd5763a730412F65 0xcad809e60e7B93fF7343E25F891A4959F0a2BBC7 4 1
2021/07/05 20:01:03 Multi 0xf377DD7e30Fe5A090F4636d5D7D8e08857fe8987 0xeca84477dc6284e3a1495a03b325e7c43d05543c3a74636bfa818bf558f30a14 0x6F2a567826554D2526703a6BD265C42E53FdF4C2 0x0000000000000000000000000000000000000000 0xa454515041892eB78132293ABd5763a730412F65 19 5
2021/07/05 20:01:03 Multi 0xf377DD7e30Fe5A090F4636d5D7D8e08857fe8987 0x6569b5e7396195acb6886b78c7d3aa10fb32f2f668aab5d758cf345e367f4511 0x6F2a567826554D2526703a6BD265C42E53FdF4C2 0x0000000000000000000000000000000000000000 0xa454515041892eB78132293ABd5763a730412F65 20 15
2021/07/05 20:01:04 Multi 0xf377DD7e30Fe5A090F4636d5D7D8e08857fe8987 0x1cb2677f2fa2e0dd06419453935a9961a7d25170ef54dc82bfb17cb585c9726b 0x6F2a567826554D2526703a6BD265C42E53FdF4C2 0xa454515041892eB78132293ABd5763a730412F65 0x8F2a21718031240E73bE6563D4DFc281c4C10Cc5 20 1
2021/07/05 20:01:04 Multi 0xf377DD7e30Fe5A090F4636d5D7D8e08857fe8987 0x05170bd373a5b759c1b97e6a7e8d01e1b5e0d7c66c7cdf042c5f8b31328572be 0x6F2a567826554D2526703a6BD265C42E53FdF4C2 0xa454515041892eB78132293ABd5763a730412F65 0xcad809e60e7B93fF7343E25F891A4959F0a2BBC7 20 1
2021/07/05 20:01:24 Multi 0xf377DD7e30Fe5A090F4636d5D7D8e08857fe8987 0xc7c2f33540f9ee507972c659c6b1f9164dcb5625e69516c52f19b81b3ded87f9 0x6F2a567826554D2526703a6BD265C42E53FdF4C2 0xa454515041892eB78132293ABd5763a730412F65 0x8F2a21718031240E73bE6563D4DFc281c4C10Cc5 20 1
2021/07/05 20:01:24 Multi 0xf377DD7e30Fe5A090F4636d5D7D8e08857fe8987 0xe0dc3fc87e28887522a3de384da5788bdaac9ba5a4798f73ad42bf3756a2308c 0x6F2a567826554D2526703a6BD265C42E53FdF4C2 0xa454515041892eB78132293ABd5763a730412F65 0x8F2a21718031240E73bE6563D4DFc281c4C10Cc5 20 1
2021/07/05 20:01:25 Multi 0xf377DD7e30Fe5A090F4636d5D7D8e08857fe8987 0x39c1940a7d1f22f03b30235afca975153c96769e78acd480f5302a120da316e2 0x6F2a567826554D2526703a6BD265C42E53FdF4C2 0xa454515041892eB78132293ABd5763a730412F65 0x8F2a21718031240E73bE6563D4DFc281c4C10Cc5 20 1
2021/07/05 20:01:34 Multi 0xf377DD7e30Fe5A090F4636d5D7D8e08857fe8987 0xb743a2ea47e85b76e7d3cecd8dcad7ffda164b7d159bdc0c56b9d5ab046fdf98 0x6F2a567826554D2526703a6BD265C42E53FdF4C2 0xa454515041892eB78132293ABd5763a730412F65 0x8F2a21718031240E73bE6563D4DFc281c4C10Cc5 20 1
2021/07/05 20:01:34 Multi 0xf377DD7e30Fe5A090F4636d5D7D8e08857fe8987 0x2467dcd2876bda7d077b5f32fd20369cf4fc5c83cc793903e3b6e6ce93ba2e61 0x6F2a567826554D2526703a6BD265C42E53FdF4C2 0xa454515041892eB78132293ABd5763a730412F65 0x8F2a21718031240E73bE6563D4DFc281c4C10Cc5 20 1
2021/07/05 20:01:35 Multi 0xf377DD7e30Fe5A090F4636d5D7D8e08857fe8987 0xc437e05fd594480cad4b30a6c3c4aad322e562e79b918c7fe6fdbea66113436d 0x6F2a567826554D2526703a6BD265C42E53FdF4C2 0xa454515041892eB78132293ABd5763a730412F65 0x8F2a21718031240E73bE6563D4DFc281c4C10Cc5 20 1
2021/07/05 20:01:35 Multi 0xf377DD7e30Fe5A090F4636d5D7D8e08857fe8987 0xd55522b5767de99ade62a28153ce385ecdc246065b8bd84186b4f8c9e2b3fb00 0x6F2a567826554D2526703a6BD265C42E53FdF4C2 0xa454515041892eB78132293ABd5763a730412F65 0x8F2a21718031240E73bE6563D4DFc281c4C10Cc5 20 1
2021/07/05 20:01:35 Multi 0xf377DD7e30Fe5A090F4636d5D7D8e08857fe8987 0x5b0441750be59d67dcef19153c8e9d14e8383a08119422a5e0a463f579ab145e 0x6F2a567826554D2526703a6BD265C42E53FdF4C2 0xa454515041892eB78132293ABd5763a730412F65 0x8F2a21718031240E73bE6563D4DFc281c4C10Cc5 20 1
2021/07/05 20:01:35 Multi 0xf377DD7e30Fe5A090F4636d5D7D8e08857fe8987 0x3cb06fe7a2b01c2983b48107e5b8844480c70e7125318e0ed55a0ae515a2d078 0x6F2a567826554D2526703a6BD265C42E53FdF4C2 0xa454515041892eB78132293ABd5763a730412F65 0x8F2a21718031240E73bE6563D4DFc281c4C10Cc5 20 1
2021/07/05 20:01:36 Multi 0xf377DD7e30Fe5A090F4636d5D7D8e08857fe8987 0xf43725d4cde25c96afbe9abd820c152a7747ea7524722ca266f38dac173f6a7a 0x6F2a567826554D2526703a6BD265C42E53FdF4C2 0x0000000000000000000000000000000000000000 0xa454515041892eB78132293ABd5763a730412F65 27 15
2021/07/05 20:01:36 Multi 0xf377DD7e30Fe5A090F4636d5D7D8e08857fe8987 0x7c1db3ee9dfef382f303c9d0c96d73f8e825cca81248970e3d0456cbd3435857 0x6F2a567826554D2526703a6BD265C42E53FdF4C2 0xa454515041892eB78132293ABd5763a730412F65 0x8F2a21718031240E73bE6563D4DFc281c4C10Cc5 27 1
2021/07/05 20:01:36 Multi 0xf377DD7e30Fe5A090F4636d5D7D8e08857fe8987 0x3acd019fa43c89b45ccceebde4c14be182dcd35f7a720d0c31f7c99709328cd8 0x6F2a567826554D2526703a6BD265C42E53FdF4C2 0xa454515041892eB78132293ABd5763a730412F65 0x8F2a21718031240E73bE6563D4DFc281c4C10Cc5 19 1
2021/07/05 20:01:36 Multi 0xf377DD7e30Fe5A090F4636d5D7D8e08857fe8987 0xa04a89c6784aa238a8acf9de44b3584d30a95508849ab9b9afe66f3dcc1e3b18 0x6F2a567826554D2526703a6BD265C42E53FdF4C2 0xa454515041892eB78132293ABd5763a730412F65 0x8F2a21718031240E73bE6563D4DFc281c4C10Cc5 19 1
2021/07/05 20:01:36 Multi 0xf377DD7e30Fe5A090F4636d5D7D8e08857fe8987 0x0c53d6250c2b205240a3a97f2b14c8e479599843768bd2a060530fa27ee914c8 0x6F2a567826554D2526703a6BD265C42E53FdF4C2 0x0000000000000000000000000000000000000000 0xa454515041892eB78132293ABd5763a730412F65 28 15
2021/07/05 20:01:37 Multi 0xf377DD7e30Fe5A090F4636d5D7D8e08857fe8987 0xa4e6d34ee06076262808fddf6b2e423daf9164f0779d3d76ec9dfcf6bb22e426 0x6F2a567826554D2526703a6BD265C42E53FdF4C2 0xa454515041892eB78132293ABd5763a730412F65 0xcad809e60e7B93fF7343E25F891A4959F0a2BBC7 10 1
2021/07/05 20:01:40 Multi 0xf377DD7e30Fe5A090F4636d5D7D8e08857fe8987 0xf68f89eddf0d302f7817d9264bd2b5d7f633915950cba07722e5b99c5afebdfb 0x6F2a567826554D2526703a6BD265C42E53FdF4C2 0xa454515041892eB78132293ABd5763a730412F65 0x39d07f321cAF5b0668459DB5Bcf039A462A9273d 10 1
2021/07/05 20:01:40 Multi 0xf377DD7e30Fe5A090F4636d5D7D8e08857fe8987 0xb3f07b033ceab66197cf3890d1f4626d52e49d371a63dc104c0255da347a7426 0x6F2a567826554D2526703a6BD265C42E53FdF4C2 0xa454515041892eB78132293ABd5763a730412F65 0x39d07f321cAF5b0668459DB5Bcf039A462A9273d 13 1
2021/07/05 20:02:08 Multi 0xf377DD7e30Fe5A090F4636d5D7D8e08857fe8987 0x63331e9df83063d2a6fb98ef63d5cdc2e427789803823ce41a8bc7d6efb7d3f9 0x6F2a567826554D2526703a6BD265C42E53FdF4C2 0x0000000000000000000000000000000000000000 0xa454515041892eB78132293ABd5763a730412F65 44 10
2021/07/05 20:02:17 Multi 0xf377DD7e30Fe5A090F4636d5D7D8e08857fe8987 0x1f34f30c524e4bbf67d3a10229e389ee688836024f4c756028c4673d2dfb0e0b 0x6F2a567826554D2526703a6BD265C42E53FdF4C2 0xa454515041892eB78132293ABd5763a730412F65 0x8F2a21718031240E73bE6563D4DFc281c4C10Cc5 44 1
2021/07/05 20:02:18 Multi 0xf377DD7e30Fe5A090F4636d5D7D8e08857fe8987 0x7a556d84524e32b29f57e36b757aac7f94594718d78479cba572754659bd96e2 0x6F2a567826554D2526703a6BD265C42E53FdF4C2 0x0000000000000000000000000000000000000000 0xa454515041892eB78132293ABd5763a730412F65 47 10
2021/07/05 20:02:18 Multi 0xf377DD7e30Fe5A090F4636d5D7D8e08857fe8987 0x23079efbbee6aa6f8e85a936f0fe3ac2caa78114101329be164df847611c93d6 0x6F2a567826554D2526703a6BD265C42E53FdF4C2 0xa454515041892eB78132293ABd5763a730412F65 0x8F2a21718031240E73bE6563D4DFc281c4C10Cc5 47 1
2021/07/05 20:02:18 Multi 0xf377DD7e30Fe5A090F4636d5D7D8e08857fe8987 0x4c6076af7fad92802cf206c841f9e137fc8e905d4ff4f6317e62ff2e51b27e93 0x6F2a567826554D2526703a6BD265C42E53FdF4C2 0x8F2a21718031240E73bE6563D4DFc281c4C10Cc5 0xaE07072DB170eBE9DEb41613011322aA9D2dBC09 44 1
2021/07/05 20:02:18 Multi 0xf377DD7e30Fe5A090F4636d5D7D8e08857fe8987 0xd687742a311c80e36445c8c31b5c7f17a6ddc7e0934dad4ed08e04bd40d17024 0x6F2a567826554D2526703a6BD265C42E53FdF4C2 0x0000000000000000000000000000000000000000 0xa454515041892eB78132293ABd5763a730412F65 49 15
2021/07/05 20:02:18 Multi 0xf377DD7e30Fe5A090F4636d5D7D8e08857fe8987 0xf279f4422679c3a311f203a1668d8df14dae4919dabeabfc0f884751ea416ed2 0x6F2a567826554D2526703a6BD265C42E53FdF4C2 0xaE07072DB170eBE9DEb41613011322aA9D2dBC09 0xa454515041892eB78132293ABd5763a730412F65 44 1
2021/07/05 20:02:19 Multi 0xf377DD7e30Fe5A090F4636d5D7D8e08857fe8987 0x420ba30a84271be97e906f946c8a43e7021f2f7a8ee9e2499da796efc9e0f30d 0x6F2a567826554D2526703a6BD265C42E53FdF4C2 0xa454515041892eB78132293ABd5763a730412F65 0x8F2a21718031240E73bE6563D4DFc281c4C10Cc5 49 1
2021/07/05 20:04:15 Multi 0xf377DD7e30Fe5A090F4636d5D7D8e08857fe8987 0xb17dc2c7d548e66f588e3bf8cd9a6083b8404563628222e2a3ae55d928225a9e 0x6F2a567826554D2526703a6BD265C42E53FdF4C2 0x0000000000000000000000000000000000000000 0xa454515041892eB78132293ABd5763a730412F65 90 15
2021/07/05 20:04:15 Multi 0xf377DD7e30Fe5A090F4636d5D7D8e08857fe8987 0x6f7ce70c5848bc94a4b4eaf0b5b58c3aafdd12151c616c4eb5eac01e0f8f16b0 0x6F2a567826554D2526703a6BD265C42E53FdF4C2 0xa454515041892eB78132293ABd5763a730412F65 0x143572A92a6bBC8A09fB52e2D96BEaA3D5d615ac 90 1
2021/07/05 20:04:15 Multi 0xf377DD7e30Fe5A090F4636d5D7D8e08857fe8987 0x7d044494063f43b88f2d47af83495948efc3eef3fbb15d5b65a0a0a909d26f09 0x6F2a567826554D2526703a6BD265C42E53FdF4C2 0x143572A92a6bBC8A09fB52e2D96BEaA3D5d615ac 0xa454515041892eB78132293ABd5763a730412F65 90 1
2021/07/05 20:04:15 Multi 0xf377DD7e30Fe5A090F4636d5D7D8e08857fe8987 0x1d999fd078627ba744c6eb535de924e586dd27776025cb70ae7cb8be0f5401d6 0x6F2a567826554D2526703a6BD265C42E53FdF4C2 0x0000000000000000000000000000000000000000 0xa454515041892eB78132293ABd5763a730412F65 91 5
2021/07/05 20:04:15 Multi 0xf377DD7e30Fe5A090F4636d5D7D8e08857fe8987 0x506ce28e35a280d49646e140dc4275a2249987da650d15e8464f6d264bc8ca9a 0x6F2a567826554D2526703a6BD265C42E53FdF4C2 0x0000000000000000000000000000000000000000 0xa454515041892eB78132293ABd5763a730412F65 92 11
2021/07/05 20:04:16 Multi 0xf377DD7e30Fe5A090F4636d5D7D8e08857fe8987 0xe0bbe227d3d2f79896e058cbff08a328edf81047c2f837a11059af0ef5dec937 0x6F2a567826554D2526703a6BD265C42E53FdF4C2 0x0000000000000000000000000000000000000000 0xa454515041892eB78132293ABd5763a730412F65 93 5
2021/07/05 20:04:16 Multi 0xf377DD7e30Fe5A090F4636d5D7D8e08857fe8987 0x512925c78773d19336057b681a3c8d70694e06d061f38c28378db73f98a4fc2f 0x6F2a567826554D2526703a6BD265C42E53FdF4C2 0xa454515041892eB78132293ABd5763a730412F65 0x143572A92a6bBC8A09fB52e2D96BEaA3D5d615ac 28 1
2021/07/05 20:04:16 Multi 0xf377DD7e30Fe5A090F4636d5D7D8e08857fe8987 0xbc66c8489065a770c5210fe2d14f7037aca09b605ba2cd8e79abdfc1bf00a29d 0x6F2a567826554D2526703a6BD265C42E53FdF4C2 0xa454515041892eB78132293ABd5763a730412F65 0x8F2a21718031240E73bE6563D4DFc281c4C10Cc5 28 1
2021/07/05 20:04:16 Multi 0xf377DD7e30Fe5A090F4636d5D7D8e08857fe8987 0xe68273dee7c2e8d03e227402792f3b887898261cfdfa3ab42ff5cbe6294e87a4 0x6F2a567826554D2526703a6BD265C42E53FdF4C2 0x0000000000000000000000000000000000000000 0xa454515041892eB78132293ABd5763a730412F65 94 15
2021/07/05 20:04:17 Multi 0xf377DD7e30Fe5A090F4636d5D7D8e08857fe8987 0x7f37f26493626ed5d273c66aa896de49a433574607b392082152ea3abe26aa32 0x6F2a567826554D2526703a6BD265C42E53FdF4C2 0xa454515041892eB78132293ABd5763a730412F65 0x143572A92a6bBC8A09fB52e2D96BEaA3D5d615ac 94 1
2021/07/05 20:04:17 Multi 0xf377DD7e30Fe5A090F4636d5D7D8e08857fe8987 0x9eb129722de4f911252adced868264e84c26dde21ebc425a39377abd9bc19653 0x6F2a567826554D2526703a6BD265C42E53FdF4C2 0xa454515041892eB78132293ABd5763a730412F65 0x143572A92a6bBC8A09fB52e2D96BEaA3D5d615ac 94 1
2021/07/05 20:04:17 Multi 0xf377DD7e30Fe5A090F4636d5D7D8e08857fe8987 0x0cb3647d677576ec2f0f243360a2cb8c6e57b6ddc09b00c6e4e607925b9c5381 0x6F2a567826554D2526703a6BD265C42E53FdF4C2 0xa454515041892eB78132293ABd5763a730412F65 0x143572A92a6bBC8A09fB52e2D96BEaA3D5d615ac 94 1
2021/07/05 20:06:25 Multi 0xf377DD7e30Fe5A090F4636d5D7D8e08857fe8987 0x964b9c2298d4526d0ef1e048535dd035e1526b229eab9cb08412cc2460381f91 0x6F2a567826554D2526703a6BD265C42E53FdF4C2 0xa454515041892eB78132293ABd5763a730412F65 0x8F2a21718031240E73bE6563D4DFc281c4C10Cc5 47 1
2021/07/05 20:06:25 Multi 0xf377DD7e30Fe5A090F4636d5D7D8e08857fe8987 0x4a268dbf2618db84fc8adabbac22fdf0cb085949fd7d8b9c116045da0837b89f 0x6F2a567826554D2526703a6BD265C42E53FdF4C2 0x0000000000000000000000000000000000000000 0xa454515041892eB78132293ABd5763a730412F65 97 15
2021/07/05 20:07:36 Multi 0xf377DD7e30Fe5A090F4636d5D7D8e08857fe8987 0x7c882f1a2e4e09b2d86cca6ab4975065b55e847359b4f1c65ecb29e8f618bfb0 0x6F2a567826554D2526703a6BD265C42E53FdF4C2 0xa454515041892eB78132293ABd5763a730412F65 0x8F2a21718031240E73bE6563D4DFc281c4C10Cc5 92 1
2021/07/05 20:07:36 Multi 0xf377DD7e30Fe5A090F4636d5D7D8e08857fe8987 0xe95da1304b0a7a6be143c6d8b7f72fe30eac533d21b8c3f7028c7267af95db4a 0x6F2a567826554D2526703a6BD265C42E53FdF4C2 0xa454515041892eB78132293ABd5763a730412F65 0x8F2a21718031240E73bE6563D4DFc281c4C10Cc5 94 1
2021/07/05 20:08:43 Multi 0xf377DD7e30Fe5A090F4636d5D7D8e08857fe8987 0x6efaff24067d52bfdeb823105dcaa5666057cf097aeb2c8b41a594c041e96c20 0x6F2a567826554D2526703a6BD265C42E53FdF4C2 0x8F2a21718031240E73bE6563D4DFc281c4C10Cc5 0xa454515041892eB78132293ABd5763a730412F65 49 1
2021/07/05 20:08:53 Multi 0xf377DD7e30Fe5A090F4636d5D7D8e08857fe8987 0x4a124288826172a445b1c783e6e89b8a368604f0650a0ae54abbfae0e7114283 0x6F2a567826554D2526703a6BD265C42E53FdF4C2 0x0000000000000000000000000000000000000000 0xa454515041892eB78132293ABd5763a730412F65 122 5
2021/07/05 20:08:53 Multi 0xf377DD7e30Fe5A090F4636d5D7D8e08857fe8987 0x050b9d32b7b3fd87ec078dee928a07d6bc94aebde7bb5bb9bbe5eb1d3fa618df 0x6F2a567826554D2526703a6BD265C42E53FdF4C2 0x0000000000000000000000000000000000000000 0xa454515041892eB78132293ABd5763a730412F65 127 15
2021/07/05 20:10:17 Multi 0xf377DD7e30Fe5A090F4636d5D7D8e08857fe8987 0xf28c0b7dfa5ae04a23a81a52f3b4926bef083bb12f00b06c537d9359c2df1bce 0x6F2a567826554D2526703a6BD265C42E53FdF4C2 0xa454515041892eB78132293ABd5763a730412F65 0xD44710E53a542477Ac52AD88c5C0783F910336De 94 1
