2021/06/25 11:11:47 UniqueFilterNexteth_getLogs block range too large, range: 16117790, max: 100000
2021/06/25 11:24:10 UniqueFilterNexteth_getLogs block range too large, range: 125316, max: 100000
2021/06/25 11:30:51 UniqueFilterNext eth_getLogs block range too large, range: 125510, max: 100000
2021/06/25 11:38:38 UniqueFilterNext eth_getLogs block range too large, range: 100001, max: 100000
2021/06/25 11:40:13 UniqueFilterNext request failed or timed out
2021/06/25 12:15:35 UniqueFilterNext request failed or timed out
2021/06/25 12:20:32 UniqueFilterNext request failed or timed out
2021/06/25 12:22:59 UniqueFilterNext request failed or timed out
2021/06/25 12:32:56 Multi 0x0C110D076E7f0CaEF33F1670945f4D8cA7D86793 16027352 0xdf4837218075c62e1B631BEE0a3c6e8df66cF8C8 0x0000000000000000000000000000000000000000 0xA55a74B9a0e9F3e091CF56aC7241eC58BB2a323e 1 10
2021/06/25 12:32:56 Multi 0x0C110D076E7f0CaEF33F1670945f4D8cA7D86793 16027608 0xdf4837218075c62e1B631BEE0a3c6e8df66cF8C8 0x0000000000000000000000000000000000000000 0xA55a74B9a0e9F3e091CF56aC7241eC58BB2a323e 10 50
2021/06/25 12:32:56 Multi 0x0C110D076E7f0CaEF33F1670945f4D8cA7D86793 16028069 0xdf4837218075c62e1B631BEE0a3c6e8df66cF8C8 0x0000000000000000000000000000000000000000 0xA55a74B9a0e9F3e091CF56aC7241eC58BB2a323e 9 10
2021/06/25 12:32:56 Multi 0x0C110D076E7f0CaEF33F1670945f4D8cA7D86793 16028260 0xdf4837218075c62e1B631BEE0a3c6e8df66cF8C8 0x0000000000000000000000000000000000000000 0xA55a74B9a0e9F3e091CF56aC7241eC58BB2a323e 45 25
2021/06/25 12:32:56 Multi 0x0C110D076E7f0CaEF33F1670945f4D8cA7D86793 16028495 0xdf4837218075c62e1B631BEE0a3c6e8df66cF8C8 0x0000000000000000000000000000000000000000 0xA55a74B9a0e9F3e091CF56aC7241eC58BB2a323e 44 1
2021/06/25 12:32:56 Multi 0x0C110D076E7f0CaEF33F1670945f4D8cA7D86793 16028553 0xdf4837218075c62e1B631BEE0a3c6e8df66cF8C8 0x0000000000000000000000000000000000000000 0xA55a74B9a0e9F3e091CF56aC7241eC58BB2a323e 43 1
2021/06/25 12:33:11 Multi 0x0C110D076E7f0CaEF33F1670945f4D8cA7D86793 16049080 0xF63FC5757cc8e2f290AfA0c8386c800dc7cc834d 0xA55a74B9a0e9F3e091CF56aC7241eC58BB2a323e 0xDb89C1C66191E6B3Af2A299fbfF2E22EB1Fe1AE0 1 1
2021/06/25 12:33:11 Multi 0x0C110D076E7f0CaEF33F1670945f4D8cA7D86793 16056973 0xF63FC5757cc8e2f290AfA0c8386c800dc7cc834d 0x0000000000000000000000000000000000000000 0xA55a74B9a0e9F3e091CF56aC7241eC58BB2a323e 12 1
2021/06/25 12:33:11 Multi 0x0C110D076E7f0CaEF33F1670945f4D8cA7D86793 16057424 0xF63FC5757cc8e2f290AfA0c8386c800dc7cc834d 0x0000000000000000000000000000000000000000 0xA55a74B9a0e9F3e091CF56aC7241eC58BB2a323e 13 1
2021/06/25 12:33:11 Multi 0x0C110D076E7f0CaEF33F1670945f4D8cA7D86793 16057855 0xF63FC5757cc8e2f290AfA0c8386c800dc7cc834d 0x0000000000000000000000000000000000000000 0xA55a74B9a0e9F3e091CF56aC7241eC58BB2a323e 14 1
2021/06/25 12:33:11 Multi 0x0C110D076E7f0CaEF33F1670945f4D8cA7D86793 16058163 0xF63FC5757cc8e2f290AfA0c8386c800dc7cc834d 0xA55a74B9a0e9F3e091CF56aC7241eC58BB2a323e 0xa1EFF0887B93e18bB0f59334a0CB57148BC2086f 45 1
2021/06/25 12:33:11 Multi 0x0C110D076E7f0CaEF33F1670945f4D8cA7D86793 16058173 0xF63FC5757cc8e2f290AfA0c8386c800dc7cc834d 0x0000000000000000000000000000000000000000 0xA55a74B9a0e9F3e091CF56aC7241eC58BB2a323e 15 1
2021/06/25 12:33:11 Multi 0x0C110D076E7f0CaEF33F1670945f4D8cA7D86793 16058294 0xF63FC5757cc8e2f290AfA0c8386c800dc7cc834d 0x0000000000000000000000000000000000000000 0xA55a74B9a0e9F3e091CF56aC7241eC58BB2a323e 16 1
2021/06/25 12:33:11 Multi 0x0C110D076E7f0CaEF33F1670945f4D8cA7D86793 16058384 0xF63FC5757cc8e2f290AfA0c8386c800dc7cc834d 0x0000000000000000000000000000000000000000 0xA55a74B9a0e9F3e091CF56aC7241eC58BB2a323e 17 1
2021/06/25 12:33:11 Multi 0x0C110D076E7f0CaEF33F1670945f4D8cA7D86793 16058532 0xF63FC5757cc8e2f290AfA0c8386c800dc7cc834d 0x0000000000000000000000000000000000000000 0xA55a74B9a0e9F3e091CF56aC7241eC58BB2a323e 18 1
2021/06/25 12:33:11 Multi 0x0C110D076E7f0CaEF33F1670945f4D8cA7D86793 16061564 0xF63FC5757cc8e2f290AfA0c8386c800dc7cc834d 0x0000000000000000000000000000000000000000 0xA55a74B9a0e9F3e091CF56aC7241eC58BB2a323e 19 1
2021/06/25 12:33:11 Multi 0x0C110D076E7f0CaEF33F1670945f4D8cA7D86793 16061766 0xA55a74B9a0e9F3e091CF56aC7241eC58BB2a323e 0xA55a74B9a0e9F3e091CF56aC7241eC58BB2a323e 0x99cCdB3B9b96f8045939842FBA85a47ced5e61bB 13 1
2021/06/25 12:33:11 Multi 0x0C110D076E7f0CaEF33F1670945f4D8cA7D86793 16062310 0xA55a74B9a0e9F3e091CF56aC7241eC58BB2a323e 0xA55a74B9a0e9F3e091CF56aC7241eC58BB2a323e 0x99cCdB3B9b96f8045939842FBA85a47ced5e61bB 14 1
2021/06/25 12:33:11 Multi 0x0C110D076E7f0CaEF33F1670945f4D8cA7D86793 16062326 0xA55a74B9a0e9F3e091CF56aC7241eC58BB2a323e 0xA55a74B9a0e9F3e091CF56aC7241eC58BB2a323e 0x99cCdB3B9b96f8045939842FBA85a47ced5e61bB 15 1
2021/06/25 12:33:11 Multi 0x0C110D076E7f0CaEF33F1670945f4D8cA7D86793 16063416 0xF63FC5757cc8e2f290AfA0c8386c800dc7cc834d 0x0000000000000000000000000000000000000000 0xA55a74B9a0e9F3e091CF56aC7241eC58BB2a323e 20 1
2021/06/25 12:33:11 Multi 0x0C110D076E7f0CaEF33F1670945f4D8cA7D86793 16063472 0xA55a74B9a0e9F3e091CF56aC7241eC58BB2a323e 0xA55a74B9a0e9F3e091CF56aC7241eC58BB2a323e 0xa1EFF0887B93e18bB0f59334a0CB57148BC2086f 20 1
2021/06/25 12:33:11 Multi 0x0C110D076E7f0CaEF33F1670945f4D8cA7D86793 16063759 0xF63FC5757cc8e2f290AfA0c8386c800dc7cc834d 0x0000000000000000000000000000000000000000 0xA55a74B9a0e9F3e091CF56aC7241eC58BB2a323e 21 1
2021/06/25 12:33:11 Multi 0x0C110D076E7f0CaEF33F1670945f4D8cA7D86793 16063970 0xF63FC5757cc8e2f290AfA0c8386c800dc7cc834d 0x0000000000000000000000000000000000000000 0xA55a74B9a0e9F3e091CF56aC7241eC58BB2a323e 22 1
2021/06/25 12:33:11 Multi 0x0C110D076E7f0CaEF33F1670945f4D8cA7D86793 16064034 0xA55a74B9a0e9F3e091CF56aC7241eC58BB2a323e 0xA55a74B9a0e9F3e091CF56aC7241eC58BB2a323e 0xa1EFF0887B93e18bB0f59334a0CB57148BC2086f 22 1
2021/06/25 12:33:11 Multi 0x0C110D076E7f0CaEF33F1670945f4D8cA7D86793 16064119 0xF63FC5757cc8e2f290AfA0c8386c800dc7cc834d 0x0000000000000000000000000000000000000000 0xA55a74B9a0e9F3e091CF56aC7241eC58BB2a323e 23 1
2021/06/25 12:33:11 Multi 0x0C110D076E7f0CaEF33F1670945f4D8cA7D86793 16064437 0xF63FC5757cc8e2f290AfA0c8386c800dc7cc834d 0x0000000000000000000000000000000000000000 0xA55a74B9a0e9F3e091CF56aC7241eC58BB2a323e 24 1
2021/06/25 12:33:11 Multi 0x0C110D076E7f0CaEF33F1670945f4D8cA7D86793 16064485 0xA55a74B9a0e9F3e091CF56aC7241eC58BB2a323e 0xA55a74B9a0e9F3e091CF56aC7241eC58BB2a323e 0xa1EFF0887B93e18bB0f59334a0CB57148BC2086f 24 1
2021/06/25 12:33:11 Multi 0x0C110D076E7f0CaEF33F1670945f4D8cA7D86793 16064564 0xF63FC5757cc8e2f290AfA0c8386c800dc7cc834d 0x0000000000000000000000000000000000000000 0xA55a74B9a0e9F3e091CF56aC7241eC58BB2a323e 25 1
2021/06/25 12:33:11 Multi 0x0C110D076E7f0CaEF33F1670945f4D8cA7D86793 16064684 0xA55a74B9a0e9F3e091CF56aC7241eC58BB2a323e 0xA55a74B9a0e9F3e091CF56aC7241eC58BB2a323e 0xa1EFF0887B93e18bB0f59334a0CB57148BC2086f 25 1
2021/06/25 12:33:11 Multi 0x0C110D076E7f0CaEF33F1670945f4D8cA7D86793 16064758 0xF63FC5757cc8e2f290AfA0c8386c800dc7cc834d 0x0000000000000000000000000000000000000000 0xA55a74B9a0e9F3e091CF56aC7241eC58BB2a323e 26 1
2021/06/25 12:33:11 Multi 0x0C110D076E7f0CaEF33F1670945f4D8cA7D86793 16064937 0xF63FC5757cc8e2f290AfA0c8386c800dc7cc834d 0x0000000000000000000000000000000000000000 0xA55a74B9a0e9F3e091CF56aC7241eC58BB2a323e 27 1
2021/06/25 12:33:11 Multi 0x0C110D076E7f0CaEF33F1670945f4D8cA7D86793 16065054 0xF63FC5757cc8e2f290AfA0c8386c800dc7cc834d 0x0000000000000000000000000000000000000000 0xA55a74B9a0e9F3e091CF56aC7241eC58BB2a323e 28 1
2021/06/25 12:33:11 Multi 0x0C110D076E7f0CaEF33F1670945f4D8cA7D86793 16065291 0xF63FC5757cc8e2f290AfA0c8386c800dc7cc834d 0x0000000000000000000000000000000000000000 0xA55a74B9a0e9F3e091CF56aC7241eC58BB2a323e 29 1
2021/06/25 12:33:11 Multi 0x0C110D076E7f0CaEF33F1670945f4D8cA7D86793 16065355 0xA55a74B9a0e9F3e091CF56aC7241eC58BB2a323e 0xA55a74B9a0e9F3e091CF56aC7241eC58BB2a323e 0xa1EFF0887B93e18bB0f59334a0CB57148BC2086f 29 1
2021/06/25 12:33:11 Multi 0x0C110D076E7f0CaEF33F1670945f4D8cA7D86793 16065865 0xF63FC5757cc8e2f290AfA0c8386c800dc7cc834d 0x0000000000000000000000000000000000000000 0xA55a74B9a0e9F3e091CF56aC7241eC58BB2a323e 30 1
2021/06/25 12:33:11 Multi 0x0C110D076E7f0CaEF33F1670945f4D8cA7D86793 16065966 0xA55a74B9a0e9F3e091CF56aC7241eC58BB2a323e 0xA55a74B9a0e9F3e091CF56aC7241eC58BB2a323e 0xa1EFF0887B93e18bB0f59334a0CB57148BC2086f 30 1
2021/06/25 12:33:11 Multi 0x0C110D076E7f0CaEF33F1670945f4D8cA7D86793 16066001 0xF63FC5757cc8e2f290AfA0c8386c800dc7cc834d 0x0000000000000000000000000000000000000000 0xA55a74B9a0e9F3e091CF56aC7241eC58BB2a323e 31 1
2021/06/25 12:33:11 Multi 0x0C110D076E7f0CaEF33F1670945f4D8cA7D86793 16066074 0xF63FC5757cc8e2f290AfA0c8386c800dc7cc834d 0x0000000000000000000000000000000000000000 0xA55a74B9a0e9F3e091CF56aC7241eC58BB2a323e 32 1
2021/06/25 12:33:11 Multi 0x0C110D076E7f0CaEF33F1670945f4D8cA7D86793 16068912 0xF63FC5757cc8e2f290AfA0c8386c800dc7cc834d 0x0000000000000000000000000000000000000000 0xA55a74B9a0e9F3e091CF56aC7241eC58BB2a323e 33 1
2021/06/25 12:33:11 Multi 0x0C110D076E7f0CaEF33F1670945f4D8cA7D86793 16068963 0xA55a74B9a0e9F3e091CF56aC7241eC58BB2a323e 0xA55a74B9a0e9F3e091CF56aC7241eC58BB2a323e 0xa1EFF0887B93e18bB0f59334a0CB57148BC2086f 33 1
2021/06/25 12:33:11 Multi 0x0C110D076E7f0CaEF33F1670945f4D8cA7D86793 16069028 0xF63FC5757cc8e2f290AfA0c8386c800dc7cc834d 0x0000000000000000000000000000000000000000 0xA55a74B9a0e9F3e091CF56aC7241eC58BB2a323e 34 1
2021/06/25 12:33:11 Multi 0x0C110D076E7f0CaEF33F1670945f4D8cA7D86793 16069069 0xF63FC5757cc8e2f290AfA0c8386c800dc7cc834d 0x0000000000000000000000000000000000000000 0xA55a74B9a0e9F3e091CF56aC7241eC58BB2a323e 35 1
2021/06/25 12:33:11 Multi 0x0C110D076E7f0CaEF33F1670945f4D8cA7D86793 16069242 0xF63FC5757cc8e2f290AfA0c8386c800dc7cc834d 0x0000000000000000000000000000000000000000 0xA55a74B9a0e9F3e091CF56aC7241eC58BB2a323e 36 1
2021/06/25 12:33:11 Multi 0x0C110D076E7f0CaEF33F1670945f4D8cA7D86793 16069267 0xF63FC5757cc8e2f290AfA0c8386c800dc7cc834d 0x0000000000000000000000000000000000000000 0xA55a74B9a0e9F3e091CF56aC7241eC58BB2a323e 37 1
2021/06/25 12:33:11 Multi 0x0C110D076E7f0CaEF33F1670945f4D8cA7D86793 16069302 0xF63FC5757cc8e2f290AfA0c8386c800dc7cc834d 0x0000000000000000000000000000000000000000 0xA55a74B9a0e9F3e091CF56aC7241eC58BB2a323e 38 1
2021/06/25 12:33:11 Multi 0x0C110D076E7f0CaEF33F1670945f4D8cA7D86793 16069324 0xF63FC5757cc8e2f290AfA0c8386c800dc7cc834d 0x0000000000000000000000000000000000000000 0xA55a74B9a0e9F3e091CF56aC7241eC58BB2a323e 39 1
2021/06/25 12:33:11 Multi 0x0C110D076E7f0CaEF33F1670945f4D8cA7D86793 16069344 0xF63FC5757cc8e2f290AfA0c8386c800dc7cc834d 0x0000000000000000000000000000000000000000 0xA55a74B9a0e9F3e091CF56aC7241eC58BB2a323e 41 1
2021/06/25 12:33:11 Multi 0x0C110D076E7f0CaEF33F1670945f4D8cA7D86793 16069359 0xF63FC5757cc8e2f290AfA0c8386c800dc7cc834d 0x0000000000000000000000000000000000000000 0xA55a74B9a0e9F3e091CF56aC7241eC58BB2a323e 42 1
2021/06/25 12:33:11 Multi 0x0C110D076E7f0CaEF33F1670945f4D8cA7D86793 16069404 0xF63FC5757cc8e2f290AfA0c8386c800dc7cc834d 0x0000000000000000000000000000000000000000 0xA55a74B9a0e9F3e091CF56aC7241eC58BB2a323e 46 1
2021/06/25 12:33:11 Multi 0x0C110D076E7f0CaEF33F1670945f4D8cA7D86793 16069440 0xF63FC5757cc8e2f290AfA0c8386c800dc7cc834d 0x0000000000000000000000000000000000000000 0xA55a74B9a0e9F3e091CF56aC7241eC58BB2a323e 47 1
2021/06/25 12:33:11 Multi 0x0C110D076E7f0CaEF33F1670945f4D8cA7D86793 16069483 0xF63FC5757cc8e2f290AfA0c8386c800dc7cc834d 0x0000000000000000000000000000000000000000 0xA55a74B9a0e9F3e091CF56aC7241eC58BB2a323e 48 1
2021/06/25 12:33:11 Multi 0x0C110D076E7f0CaEF33F1670945f4D8cA7D86793 16069545 0xF63FC5757cc8e2f290AfA0c8386c800dc7cc834d 0x0000000000000000000000000000000000000000 0xA55a74B9a0e9F3e091CF56aC7241eC58BB2a323e 49 1
2021/06/25 12:33:11 Multi 0x0C110D076E7f0CaEF33F1670945f4D8cA7D86793 16069565 0xF63FC5757cc8e2f290AfA0c8386c800dc7cc834d 0x0000000000000000000000000000000000000000 0xA55a74B9a0e9F3e091CF56aC7241eC58BB2a323e 50 1
2021/06/25 12:33:11 Multi 0x0C110D076E7f0CaEF33F1670945f4D8cA7D86793 16069889 0xA55a74B9a0e9F3e091CF56aC7241eC58BB2a323e 0xA55a74B9a0e9F3e091CF56aC7241eC58BB2a323e 0xa1EFF0887B93e18bB0f59334a0CB57148BC2086f 48 1
2021/06/25 12:33:11 Multi 0x0C110D076E7f0CaEF33F1670945f4D8cA7D86793 16069912 0xA55a74B9a0e9F3e091CF56aC7241eC58BB2a323e 0xA55a74B9a0e9F3e091CF56aC7241eC58BB2a323e 0x99cCdB3B9b96f8045939842FBA85a47ced5e61bB 49 1
2021/06/25 12:33:11 Multi 0x0C110D076E7f0CaEF33F1670945f4D8cA7D86793 16072846 0xF63FC5757cc8e2f290AfA0c8386c800dc7cc834d 0xA55a74B9a0e9F3e091CF56aC7241eC58BB2a323e 0x16d9d13bFDee5012b5CE81a2e5E621a3362b94b9 41 1
2021/06/25 12:33:11 Multi 0x0C110D076E7f0CaEF33F1670945f4D8cA7D86793 16072936 0xF63FC5757cc8e2f290AfA0c8386c800dc7cc834d 0xA55a74B9a0e9F3e091CF56aC7241eC58BB2a323e 0x16d9d13bFDee5012b5CE81a2e5E621a3362b94b9 39 1
2021/06/25 12:33:11 Multi 0x0C110D076E7f0CaEF33F1670945f4D8cA7D86793 16073092 0xF63FC5757cc8e2f290AfA0c8386c800dc7cc834d 0xA55a74B9a0e9F3e091CF56aC7241eC58BB2a323e 0x16d9d13bFDee5012b5CE81a2e5E621a3362b94b9 19 1
2021/06/25 12:33:16 Multi 0x0C110D076E7f0CaEF33F1670945f4D8cA7D86793 16093662 0xF63FC5757cc8e2f290AfA0c8386c800dc7cc834d 0xA55a74B9a0e9F3e091CF56aC7241eC58BB2a323e 0xDb89C1C66191E6B3Af2A299fbfF2E22EB1Fe1AE0 47 1
2021/06/25 13:13:29 BlockNumber Post "https://polygon-mainnet.infura.io/v3/a1a92273c03b4c9b83c5b2470058464f": read tcp 192.168.0.179:49403->52.201.209.81:443: read: connection reset by peer
2021/06/25 13:13:29 UniqueFilterNext Post "https://polygon-mainnet.infura.io/v3/a1a92273c03b4c9b83c5b2470058464f": read tcp 192.168.0.179:49403->52.201.209.81:443: read: connection reset by peer
2021/06/25 13:15:16 Get Clientwebsocket: bad handshake (HTTP status 404 Not Found)
2021/06/25 13:26:37 Multi 0x0C110D076E7f0CaEF33F1670945f4D8cA7D86793 16027352 0xdf4837218075c62e1B631BEE0a3c6e8df66cF8C8 0x0000000000000000000000000000000000000000 0xA55a74B9a0e9F3e091CF56aC7241eC58BB2a323e 1 10
2021/06/25 13:26:37 Multi 0x0C110D076E7f0CaEF33F1670945f4D8cA7D86793 16027608 0xdf4837218075c62e1B631BEE0a3c6e8df66cF8C8 0x0000000000000000000000000000000000000000 0xA55a74B9a0e9F3e091CF56aC7241eC58BB2a323e 10 50
2021/06/25 13:26:37 Multi 0x0C110D076E7f0CaEF33F1670945f4D8cA7D86793 16028069 0xdf4837218075c62e1B631BEE0a3c6e8df66cF8C8 0x0000000000000000000000000000000000000000 0xA55a74B9a0e9F3e091CF56aC7241eC58BB2a323e 9 10
2021/06/25 13:26:37 Multi 0x0C110D076E7f0CaEF33F1670945f4D8cA7D86793 16028260 0xdf4837218075c62e1B631BEE0a3c6e8df66cF8C8 0x0000000000000000000000000000000000000000 0xA55a74B9a0e9F3e091CF56aC7241eC58BB2a323e 45 25
2021/06/25 13:26:37 Multi 0x0C110D076E7f0CaEF33F1670945f4D8cA7D86793 16028495 0xdf4837218075c62e1B631BEE0a3c6e8df66cF8C8 0x0000000000000000000000000000000000000000 0xA55a74B9a0e9F3e091CF56aC7241eC58BB2a323e 44 1
2021/06/25 13:26:37 Multi 0x0C110D076E7f0CaEF33F1670945f4D8cA7D86793 16028553 0xdf4837218075c62e1B631BEE0a3c6e8df66cF8C8 0x0000000000000000000000000000000000000000 0xA55a74B9a0e9F3e091CF56aC7241eC58BB2a323e 43 1
2021/06/25 13:26:53 Multi 0x0C110D076E7f0CaEF33F1670945f4D8cA7D86793 16049080 0xF63FC5757cc8e2f290AfA0c8386c800dc7cc834d 0xA55a74B9a0e9F3e091CF56aC7241eC58BB2a323e 0xDb89C1C66191E6B3Af2A299fbfF2E22EB1Fe1AE0 1 1
2021/06/25 13:26:53 Multi 0x0C110D076E7f0CaEF33F1670945f4D8cA7D86793 16056973 0xF63FC5757cc8e2f290AfA0c8386c800dc7cc834d 0x0000000000000000000000000000000000000000 0xA55a74B9a0e9F3e091CF56aC7241eC58BB2a323e 12 1
2021/06/25 13:26:53 Multi 0x0C110D076E7f0CaEF33F1670945f4D8cA7D86793 16057424 0xF63FC5757cc8e2f290AfA0c8386c800dc7cc834d 0x0000000000000000000000000000000000000000 0xA55a74B9a0e9F3e091CF56aC7241eC58BB2a323e 13 1
2021/06/25 13:26:53 Multi 0x0C110D076E7f0CaEF33F1670945f4D8cA7D86793 16057855 0xF63FC5757cc8e2f290AfA0c8386c800dc7cc834d 0x0000000000000000000000000000000000000000 0xA55a74B9a0e9F3e091CF56aC7241eC58BB2a323e 14 1
2021/06/25 13:26:53 Multi 0x0C110D076E7f0CaEF33F1670945f4D8cA7D86793 16058163 0xF63FC5757cc8e2f290AfA0c8386c800dc7cc834d 0xA55a74B9a0e9F3e091CF56aC7241eC58BB2a323e 0xa1EFF0887B93e18bB0f59334a0CB57148BC2086f 45 1
2021/06/25 13:26:53 Multi 0x0C110D076E7f0CaEF33F1670945f4D8cA7D86793 16058173 0xF63FC5757cc8e2f290AfA0c8386c800dc7cc834d 0x0000000000000000000000000000000000000000 0xA55a74B9a0e9F3e091CF56aC7241eC58BB2a323e 15 1
2021/06/25 13:26:53 Multi 0x0C110D076E7f0CaEF33F1670945f4D8cA7D86793 16058294 0xF63FC5757cc8e2f290AfA0c8386c800dc7cc834d 0x0000000000000000000000000000000000000000 0xA55a74B9a0e9F3e091CF56aC7241eC58BB2a323e 16 1
2021/06/25 13:26:53 Multi 0x0C110D076E7f0CaEF33F1670945f4D8cA7D86793 16058384 0xF63FC5757cc8e2f290AfA0c8386c800dc7cc834d 0x0000000000000000000000000000000000000000 0xA55a74B9a0e9F3e091CF56aC7241eC58BB2a323e 17 1
2021/06/25 13:26:53 Multi 0x0C110D076E7f0CaEF33F1670945f4D8cA7D86793 16058532 0xF63FC5757cc8e2f290AfA0c8386c800dc7cc834d 0x0000000000000000000000000000000000000000 0xA55a74B9a0e9F3e091CF56aC7241eC58BB2a323e 18 1
2021/06/25 13:26:53 Multi 0x0C110D076E7f0CaEF33F1670945f4D8cA7D86793 16061564 0xF63FC5757cc8e2f290AfA0c8386c800dc7cc834d 0x0000000000000000000000000000000000000000 0xA55a74B9a0e9F3e091CF56aC7241eC58BB2a323e 19 1
2021/06/25 13:26:53 Multi 0x0C110D076E7f0CaEF33F1670945f4D8cA7D86793 16061766 0xA55a74B9a0e9F3e091CF56aC7241eC58BB2a323e 0xA55a74B9a0e9F3e091CF56aC7241eC58BB2a323e 0x99cCdB3B9b96f8045939842FBA85a47ced5e61bB 13 1
2021/06/25 13:26:53 Multi 0x0C110D076E7f0CaEF33F1670945f4D8cA7D86793 16062310 0xA55a74B9a0e9F3e091CF56aC7241eC58BB2a323e 0xA55a74B9a0e9F3e091CF56aC7241eC58BB2a323e 0x99cCdB3B9b96f8045939842FBA85a47ced5e61bB 14 1
2021/06/25 13:26:53 Multi 0x0C110D076E7f0CaEF33F1670945f4D8cA7D86793 16062326 0xA55a74B9a0e9F3e091CF56aC7241eC58BB2a323e 0xA55a74B9a0e9F3e091CF56aC7241eC58BB2a323e 0x99cCdB3B9b96f8045939842FBA85a47ced5e61bB 15 1
2021/06/25 13:26:53 Multi 0x0C110D076E7f0CaEF33F1670945f4D8cA7D86793 16063416 0xF63FC5757cc8e2f290AfA0c8386c800dc7cc834d 0x0000000000000000000000000000000000000000 0xA55a74B9a0e9F3e091CF56aC7241eC58BB2a323e 20 1
2021/06/25 13:26:53 Multi 0x0C110D076E7f0CaEF33F1670945f4D8cA7D86793 16063472 0xA55a74B9a0e9F3e091CF56aC7241eC58BB2a323e 0xA55a74B9a0e9F3e091CF56aC7241eC58BB2a323e 0xa1EFF0887B93e18bB0f59334a0CB57148BC2086f 20 1
2021/06/25 13:26:53 Multi 0x0C110D076E7f0CaEF33F1670945f4D8cA7D86793 16063759 0xF63FC5757cc8e2f290AfA0c8386c800dc7cc834d 0x0000000000000000000000000000000000000000 0xA55a74B9a0e9F3e091CF56aC7241eC58BB2a323e 21 1
2021/06/25 13:26:53 Multi 0x0C110D076E7f0CaEF33F1670945f4D8cA7D86793 16063970 0xF63FC5757cc8e2f290AfA0c8386c800dc7cc834d 0x0000000000000000000000000000000000000000 0xA55a74B9a0e9F3e091CF56aC7241eC58BB2a323e 22 1
2021/06/25 13:26:53 Multi 0x0C110D076E7f0CaEF33F1670945f4D8cA7D86793 16064034 0xA55a74B9a0e9F3e091CF56aC7241eC58BB2a323e 0xA55a74B9a0e9F3e091CF56aC7241eC58BB2a323e 0xa1EFF0887B93e18bB0f59334a0CB57148BC2086f 22 1
2021/06/25 13:26:53 Multi 0x0C110D076E7f0CaEF33F1670945f4D8cA7D86793 16064119 0xF63FC5757cc8e2f290AfA0c8386c800dc7cc834d 0x0000000000000000000000000000000000000000 0xA55a74B9a0e9F3e091CF56aC7241eC58BB2a323e 23 1
2021/06/25 13:26:53 Multi 0x0C110D076E7f0CaEF33F1670945f4D8cA7D86793 16064437 0xF63FC5757cc8e2f290AfA0c8386c800dc7cc834d 0x0000000000000000000000000000000000000000 0xA55a74B9a0e9F3e091CF56aC7241eC58BB2a323e 24 1
2021/06/25 13:26:53 Multi 0x0C110D076E7f0CaEF33F1670945f4D8cA7D86793 16064485 0xA55a74B9a0e9F3e091CF56aC7241eC58BB2a323e 0xA55a74B9a0e9F3e091CF56aC7241eC58BB2a323e 0xa1EFF0887B93e18bB0f59334a0CB57148BC2086f 24 1
2021/06/25 13:26:53 Multi 0x0C110D076E7f0CaEF33F1670945f4D8cA7D86793 16064564 0xF63FC5757cc8e2f290AfA0c8386c800dc7cc834d 0x0000000000000000000000000000000000000000 0xA55a74B9a0e9F3e091CF56aC7241eC58BB2a323e 25 1
2021/06/25 13:26:53 Multi 0x0C110D076E7f0CaEF33F1670945f4D8cA7D86793 16064684 0xA55a74B9a0e9F3e091CF56aC7241eC58BB2a323e 0xA55a74B9a0e9F3e091CF56aC7241eC58BB2a323e 0xa1EFF0887B93e18bB0f59334a0CB57148BC2086f 25 1
2021/06/25 13:26:53 Multi 0x0C110D076E7f0CaEF33F1670945f4D8cA7D86793 16064758 0xF63FC5757cc8e2f290AfA0c8386c800dc7cc834d 0x0000000000000000000000000000000000000000 0xA55a74B9a0e9F3e091CF56aC7241eC58BB2a323e 26 1
2021/06/25 13:26:53 Multi 0x0C110D076E7f0CaEF33F1670945f4D8cA7D86793 16064937 0xF63FC5757cc8e2f290AfA0c8386c800dc7cc834d 0x0000000000000000000000000000000000000000 0xA55a74B9a0e9F3e091CF56aC7241eC58BB2a323e 27 1
2021/06/25 13:26:53 Multi 0x0C110D076E7f0CaEF33F1670945f4D8cA7D86793 16065054 0xF63FC5757cc8e2f290AfA0c8386c800dc7cc834d 0x0000000000000000000000000000000000000000 0xA55a74B9a0e9F3e091CF56aC7241eC58BB2a323e 28 1
2021/06/25 13:26:53 Multi 0x0C110D076E7f0CaEF33F1670945f4D8cA7D86793 16065291 0xF63FC5757cc8e2f290AfA0c8386c800dc7cc834d 0x0000000000000000000000000000000000000000 0xA55a74B9a0e9F3e091CF56aC7241eC58BB2a323e 29 1
2021/06/25 13:26:53 Multi 0x0C110D076E7f0CaEF33F1670945f4D8cA7D86793 16065355 0xA55a74B9a0e9F3e091CF56aC7241eC58BB2a323e 0xA55a74B9a0e9F3e091CF56aC7241eC58BB2a323e 0xa1EFF0887B93e18bB0f59334a0CB57148BC2086f 29 1
2021/06/25 13:26:53 Multi 0x0C110D076E7f0CaEF33F1670945f4D8cA7D86793 16065865 0xF63FC5757cc8e2f290AfA0c8386c800dc7cc834d 0x0000000000000000000000000000000000000000 0xA55a74B9a0e9F3e091CF56aC7241eC58BB2a323e 30 1
2021/06/25 13:26:53 Multi 0x0C110D076E7f0CaEF33F1670945f4D8cA7D86793 16065966 0xA55a74B9a0e9F3e091CF56aC7241eC58BB2a323e 0xA55a74B9a0e9F3e091CF56aC7241eC58BB2a323e 0xa1EFF0887B93e18bB0f59334a0CB57148BC2086f 30 1
2021/06/25 13:26:53 Multi 0x0C110D076E7f0CaEF33F1670945f4D8cA7D86793 16066001 0xF63FC5757cc8e2f290AfA0c8386c800dc7cc834d 0x0000000000000000000000000000000000000000 0xA55a74B9a0e9F3e091CF56aC7241eC58BB2a323e 31 1
2021/06/25 13:26:53 Multi 0x0C110D076E7f0CaEF33F1670945f4D8cA7D86793 16066074 0xF63FC5757cc8e2f290AfA0c8386c800dc7cc834d 0x0000000000000000000000000000000000000000 0xA55a74B9a0e9F3e091CF56aC7241eC58BB2a323e 32 1
2021/06/25 13:26:53 Multi 0x0C110D076E7f0CaEF33F1670945f4D8cA7D86793 16068912 0xF63FC5757cc8e2f290AfA0c8386c800dc7cc834d 0x0000000000000000000000000000000000000000 0xA55a74B9a0e9F3e091CF56aC7241eC58BB2a323e 33 1
2021/06/25 13:26:53 Multi 0x0C110D076E7f0CaEF33F1670945f4D8cA7D86793 16068963 0xA55a74B9a0e9F3e091CF56aC7241eC58BB2a323e 0xA55a74B9a0e9F3e091CF56aC7241eC58BB2a323e 0xa1EFF0887B93e18bB0f59334a0CB57148BC2086f 33 1
2021/06/25 13:26:53 Multi 0x0C110D076E7f0CaEF33F1670945f4D8cA7D86793 16069028 0xF63FC5757cc8e2f290AfA0c8386c800dc7cc834d 0x0000000000000000000000000000000000000000 0xA55a74B9a0e9F3e091CF56aC7241eC58BB2a323e 34 1
2021/06/25 13:26:53 Multi 0x0C110D076E7f0CaEF33F1670945f4D8cA7D86793 16069069 0xF63FC5757cc8e2f290AfA0c8386c800dc7cc834d 0x0000000000000000000000000000000000000000 0xA55a74B9a0e9F3e091CF56aC7241eC58BB2a323e 35 1
2021/06/25 13:26:53 Multi 0x0C110D076E7f0CaEF33F1670945f4D8cA7D86793 16069242 0xF63FC5757cc8e2f290AfA0c8386c800dc7cc834d 0x0000000000000000000000000000000000000000 0xA55a74B9a0e9F3e091CF56aC7241eC58BB2a323e 36 1
2021/06/25 13:26:53 Multi 0x0C110D076E7f0CaEF33F1670945f4D8cA7D86793 16069267 0xF63FC5757cc8e2f290AfA0c8386c800dc7cc834d 0x0000000000000000000000000000000000000000 0xA55a74B9a0e9F3e091CF56aC7241eC58BB2a323e 37 1
2021/06/25 13:26:53 Multi 0x0C110D076E7f0CaEF33F1670945f4D8cA7D86793 16069302 0xF63FC5757cc8e2f290AfA0c8386c800dc7cc834d 0x0000000000000000000000000000000000000000 0xA55a74B9a0e9F3e091CF56aC7241eC58BB2a323e 38 1
2021/06/25 13:26:53 Multi 0x0C110D076E7f0CaEF33F1670945f4D8cA7D86793 16069324 0xF63FC5757cc8e2f290AfA0c8386c800dc7cc834d 0x0000000000000000000000000000000000000000 0xA55a74B9a0e9F3e091CF56aC7241eC58BB2a323e 39 1
2021/06/25 13:26:53 Multi 0x0C110D076E7f0CaEF33F1670945f4D8cA7D86793 16069344 0xF63FC5757cc8e2f290AfA0c8386c800dc7cc834d 0x0000000000000000000000000000000000000000 0xA55a74B9a0e9F3e091CF56aC7241eC58BB2a323e 41 1
2021/06/25 13:26:53 Multi 0x0C110D076E7f0CaEF33F1670945f4D8cA7D86793 16069359 0xF63FC5757cc8e2f290AfA0c8386c800dc7cc834d 0x0000000000000000000000000000000000000000 0xA55a74B9a0e9F3e091CF56aC7241eC58BB2a323e 42 1
2021/06/25 13:26:53 Multi 0x0C110D076E7f0CaEF33F1670945f4D8cA7D86793 16069404 0xF63FC5757cc8e2f290AfA0c8386c800dc7cc834d 0x0000000000000000000000000000000000000000 0xA55a74B9a0e9F3e091CF56aC7241eC58BB2a323e 46 1
2021/06/25 13:26:53 Multi 0x0C110D076E7f0CaEF33F1670945f4D8cA7D86793 16069440 0xF63FC5757cc8e2f290AfA0c8386c800dc7cc834d 0x0000000000000000000000000000000000000000 0xA55a74B9a0e9F3e091CF56aC7241eC58BB2a323e 47 1
2021/06/25 13:26:53 Multi 0x0C110D076E7f0CaEF33F1670945f4D8cA7D86793 16069483 0xF63FC5757cc8e2f290AfA0c8386c800dc7cc834d 0x0000000000000000000000000000000000000000 0xA55a74B9a0e9F3e091CF56aC7241eC58BB2a323e 48 1
2021/06/25 13:26:53 Multi 0x0C110D076E7f0CaEF33F1670945f4D8cA7D86793 16069545 0xF63FC5757cc8e2f290AfA0c8386c800dc7cc834d 0x0000000000000000000000000000000000000000 0xA55a74B9a0e9F3e091CF56aC7241eC58BB2a323e 49 1
2021/06/25 13:26:53 Multi 0x0C110D076E7f0CaEF33F1670945f4D8cA7D86793 16069565 0xF63FC5757cc8e2f290AfA0c8386c800dc7cc834d 0x0000000000000000000000000000000000000000 0xA55a74B9a0e9F3e091CF56aC7241eC58BB2a323e 50 1
2021/06/25 13:26:53 Multi 0x0C110D076E7f0CaEF33F1670945f4D8cA7D86793 16069889 0xA55a74B9a0e9F3e091CF56aC7241eC58BB2a323e 0xA55a74B9a0e9F3e091CF56aC7241eC58BB2a323e 0xa1EFF0887B93e18bB0f59334a0CB57148BC2086f 48 1
2021/06/25 13:26:53 Multi 0x0C110D076E7f0CaEF33F1670945f4D8cA7D86793 16069912 0xA55a74B9a0e9F3e091CF56aC7241eC58BB2a323e 0xA55a74B9a0e9F3e091CF56aC7241eC58BB2a323e 0x99cCdB3B9b96f8045939842FBA85a47ced5e61bB 49 1
2021/06/25 13:26:53 Multi 0x0C110D076E7f0CaEF33F1670945f4D8cA7D86793 16072846 0xF63FC5757cc8e2f290AfA0c8386c800dc7cc834d 0xA55a74B9a0e9F3e091CF56aC7241eC58BB2a323e 0x16d9d13bFDee5012b5CE81a2e5E621a3362b94b9 41 1
2021/06/25 13:26:53 Multi 0x0C110D076E7f0CaEF33F1670945f4D8cA7D86793 16072936 0xF63FC5757cc8e2f290AfA0c8386c800dc7cc834d 0xA55a74B9a0e9F3e091CF56aC7241eC58BB2a323e 0x16d9d13bFDee5012b5CE81a2e5E621a3362b94b9 39 1
2021/06/25 13:26:53 Multi 0x0C110D076E7f0CaEF33F1670945f4D8cA7D86793 16073092 0xF63FC5757cc8e2f290AfA0c8386c800dc7cc834d 0xA55a74B9a0e9F3e091CF56aC7241eC58BB2a323e 0x16d9d13bFDee5012b5CE81a2e5E621a3362b94b9 19 1
2021/06/25 13:27:01 Multi 0x0C110D076E7f0CaEF33F1670945f4D8cA7D86793 16093662 0xF63FC5757cc8e2f290AfA0c8386c800dc7cc834d 0xA55a74B9a0e9F3e091CF56aC7241eC58BB2a323e 0xDb89C1C66191E6B3Af2A299fbfF2E22EB1Fe1AE0 47 1
2021/06/25 13:37:57 Multi 0x0C110D076E7f0CaEF33F1670945f4D8cA7D86793 0x980346287de09db852d5c97edbcd462e294d7f014bc3ec81af9c2dd5c09e9510 0xdf4837218075c62e1B631BEE0a3c6e8df66cF8C8 0x0000000000000000000000000000000000000000 0xA55a74B9a0e9F3e091CF56aC7241eC58BB2a323e 1 10
2021/06/25 13:37:57 Multi 0x0C110D076E7f0CaEF33F1670945f4D8cA7D86793 0x8f2ab0a8f95e7dd0c89859bb2c072f3de6dd26b15a303b9be401c872b75f4ac3 0xdf4837218075c62e1B631BEE0a3c6e8df66cF8C8 0x0000000000000000000000000000000000000000 0xA55a74B9a0e9F3e091CF56aC7241eC58BB2a323e 10 50
2021/06/25 13:37:57 Multi 0x0C110D076E7f0CaEF33F1670945f4D8cA7D86793 0xef838204bc223bb6acf0129fffde1eca36a908d55b766d3f66c66e186bf7f5f3 0xdf4837218075c62e1B631BEE0a3c6e8df66cF8C8 0x0000000000000000000000000000000000000000 0xA55a74B9a0e9F3e091CF56aC7241eC58BB2a323e 9 10
2021/06/25 13:37:57 Multi 0x0C110D076E7f0CaEF33F1670945f4D8cA7D86793 0xc5bdc447f3b678e15fe2fd1d130639afd6e66cd295de8ab00c08b02a5578465e 0xdf4837218075c62e1B631BEE0a3c6e8df66cF8C8 0x0000000000000000000000000000000000000000 0xA55a74B9a0e9F3e091CF56aC7241eC58BB2a323e 45 25
2021/06/25 13:37:57 Multi 0x0C110D076E7f0CaEF33F1670945f4D8cA7D86793 0xcd19e59f2f9c56cb2eb10255dd5c0cbc2b9352b7af56498b00e3a94ff8fbd76f 0xdf4837218075c62e1B631BEE0a3c6e8df66cF8C8 0x0000000000000000000000000000000000000000 0xA55a74B9a0e9F3e091CF56aC7241eC58BB2a323e 44 1
2021/06/25 13:37:57 Multi 0x0C110D076E7f0CaEF33F1670945f4D8cA7D86793 0xadd0a0cdd4d987c341b6f006c62c1ed01b1e90e801e43c13d6e6f85fd057d704 0xdf4837218075c62e1B631BEE0a3c6e8df66cF8C8 0x0000000000000000000000000000000000000000 0xA55a74B9a0e9F3e091CF56aC7241eC58BB2a323e 43 1
2021/06/25 13:38:15 Multi 0x0C110D076E7f0CaEF33F1670945f4D8cA7D86793 0xde8957e950ca812dc82c2af56763a6c50fa759c9810ba1109f71cf0cc7cd2521 0xF63FC5757cc8e2f290AfA0c8386c800dc7cc834d 0xA55a74B9a0e9F3e091CF56aC7241eC58BB2a323e 0xDb89C1C66191E6B3Af2A299fbfF2E22EB1Fe1AE0 1 1
2021/06/25 13:38:15 Multi 0x0C110D076E7f0CaEF33F1670945f4D8cA7D86793 0x7da671800f742095e8d686edd2fca555f5aae9db3aec9724ff6f2a9b623551e1 0xF63FC5757cc8e2f290AfA0c8386c800dc7cc834d 0x0000000000000000000000000000000000000000 0xA55a74B9a0e9F3e091CF56aC7241eC58BB2a323e 12 1
2021/06/25 13:38:15 Multi 0x0C110D076E7f0CaEF33F1670945f4D8cA7D86793 0xf667190a83026d8be7a559f9d2ee5e10aa91ef65169829bdf573dfdd73ec5731 0xF63FC5757cc8e2f290AfA0c8386c800dc7cc834d 0x0000000000000000000000000000000000000000 0xA55a74B9a0e9F3e091CF56aC7241eC58BB2a323e 13 1
2021/06/25 13:38:15 Multi 0x0C110D076E7f0CaEF33F1670945f4D8cA7D86793 0xabd328f3afe24020c845265e2e0c9f7f62c60e1273ef11f51d3980900cbefb43 0xF63FC5757cc8e2f290AfA0c8386c800dc7cc834d 0x0000000000000000000000000000000000000000 0xA55a74B9a0e9F3e091CF56aC7241eC58BB2a323e 14 1
2021/06/25 13:38:15 Multi 0x0C110D076E7f0CaEF33F1670945f4D8cA7D86793 0xcfc1146c098fe6606896c6cf2d38e01f5e84e2e63041df39a5f2c4b5d8c9383a 0xF63FC5757cc8e2f290AfA0c8386c800dc7cc834d 0xA55a74B9a0e9F3e091CF56aC7241eC58BB2a323e 0xa1EFF0887B93e18bB0f59334a0CB57148BC2086f 45 1
2021/06/25 13:38:15 Multi 0x0C110D076E7f0CaEF33F1670945f4D8cA7D86793 0x5e719895600fef70b4447d94a44ec5b6aa127e919d90b4545cc2ea39088f3910 0xF63FC5757cc8e2f290AfA0c8386c800dc7cc834d 0x0000000000000000000000000000000000000000 0xA55a74B9a0e9F3e091CF56aC7241eC58BB2a323e 15 1
2021/06/25 13:38:15 Multi 0x0C110D076E7f0CaEF33F1670945f4D8cA7D86793 0x56e4f3c9677a814dfea233e88a0ba5de997c8d0c62fb89a1d9ec89aeafe1f3ec 0xF63FC5757cc8e2f290AfA0c8386c800dc7cc834d 0x0000000000000000000000000000000000000000 0xA55a74B9a0e9F3e091CF56aC7241eC58BB2a323e 16 1
2021/06/25 13:38:15 Multi 0x0C110D076E7f0CaEF33F1670945f4D8cA7D86793 0xc3130b09933ca2f860f1a7b1f11adc1e54cc49d4ba2f09ffb907b8b30a05bd6c 0xF63FC5757cc8e2f290AfA0c8386c800dc7cc834d 0x0000000000000000000000000000000000000000 0xA55a74B9a0e9F3e091CF56aC7241eC58BB2a323e 17 1
2021/06/25 13:38:15 Multi 0x0C110D076E7f0CaEF33F1670945f4D8cA7D86793 0x45f6b123a11ea5230665bb26198ce7e12ef319256d3e7b47411e1ee98ed24a62 0xF63FC5757cc8e2f290AfA0c8386c800dc7cc834d 0x0000000000000000000000000000000000000000 0xA55a74B9a0e9F3e091CF56aC7241eC58BB2a323e 18 1
2021/06/25 13:38:15 Multi 0x0C110D076E7f0CaEF33F1670945f4D8cA7D86793 0x77880f1f32452e176e6541e37cbf9f24d1c69118308401aba7783afbb6db293d 0xF63FC5757cc8e2f290AfA0c8386c800dc7cc834d 0x0000000000000000000000000000000000000000 0xA55a74B9a0e9F3e091CF56aC7241eC58BB2a323e 19 1
2021/06/25 13:38:15 Multi 0x0C110D076E7f0CaEF33F1670945f4D8cA7D86793 0x905202c872c90ed8864b60fa550d7502bc761ba4514258d3d8fedb056f38e531 0xA55a74B9a0e9F3e091CF56aC7241eC58BB2a323e 0xA55a74B9a0e9F3e091CF56aC7241eC58BB2a323e 0x99cCdB3B9b96f8045939842FBA85a47ced5e61bB 13 1
2021/06/25 13:38:15 Multi 0x0C110D076E7f0CaEF33F1670945f4D8cA7D86793 0x18daa51d17f54a446347300f29a493064ed470d42104bd7d70553da4401fe6d7 0xA55a74B9a0e9F3e091CF56aC7241eC58BB2a323e 0xA55a74B9a0e9F3e091CF56aC7241eC58BB2a323e 0x99cCdB3B9b96f8045939842FBA85a47ced5e61bB 14 1
2021/06/25 13:38:15 Multi 0x0C110D076E7f0CaEF33F1670945f4D8cA7D86793 0x523aa6474e128569e1db912ca22ce9892cbb8ff6a183f2fbc74cc16630296ca4 0xA55a74B9a0e9F3e091CF56aC7241eC58BB2a323e 0xA55a74B9a0e9F3e091CF56aC7241eC58BB2a323e 0x99cCdB3B9b96f8045939842FBA85a47ced5e61bB 15 1
2021/06/25 13:38:15 Multi 0x0C110D076E7f0CaEF33F1670945f4D8cA7D86793 0x30de58976d713afcc0ebc710397dc3b9ebf3185a23beb98a69ddd0bfed2dda5f 0xF63FC5757cc8e2f290AfA0c8386c800dc7cc834d 0x0000000000000000000000000000000000000000 0xA55a74B9a0e9F3e091CF56aC7241eC58BB2a323e 20 1
2021/06/25 13:38:15 Multi 0x0C110D076E7f0CaEF33F1670945f4D8cA7D86793 0x68df226a8cdcf451eb202942e7cbae4b594f156ed3363480a59eb45fb0e3680e 0xA55a74B9a0e9F3e091CF56aC7241eC58BB2a323e 0xA55a74B9a0e9F3e091CF56aC7241eC58BB2a323e 0xa1EFF0887B93e18bB0f59334a0CB57148BC2086f 20 1
2021/06/25 13:38:15 Multi 0x0C110D076E7f0CaEF33F1670945f4D8cA7D86793 0xfac8398eec6b7914ec5c597e4ff22a23b792ca16d40e97817a9834070cf0491e 0xF63FC5757cc8e2f290AfA0c8386c800dc7cc834d 0x0000000000000000000000000000000000000000 0xA55a74B9a0e9F3e091CF56aC7241eC58BB2a323e 21 1
2021/06/25 13:38:15 Multi 0x0C110D076E7f0CaEF33F1670945f4D8cA7D86793 0xc7484b34f9cd4a0355650ce101a40accd52c666b0781193698ea3056921e5aa8 0xF63FC5757cc8e2f290AfA0c8386c800dc7cc834d 0x0000000000000000000000000000000000000000 0xA55a74B9a0e9F3e091CF56aC7241eC58BB2a323e 22 1
2021/06/25 13:38:15 Multi 0x0C110D076E7f0CaEF33F1670945f4D8cA7D86793 0xb90b48de331969fea84635d9e629d88cf6766189d129c3d5f98b69fe7359f57b 0xA55a74B9a0e9F3e091CF56aC7241eC58BB2a323e 0xA55a74B9a0e9F3e091CF56aC7241eC58BB2a323e 0xa1EFF0887B93e18bB0f59334a0CB57148BC2086f 22 1
2021/06/25 13:38:15 Multi 0x0C110D076E7f0CaEF33F1670945f4D8cA7D86793 0x799eb43a8cf7ba47b8d32add3f42bbd94706af149fef63c45e8a51cbb1d24252 0xF63FC5757cc8e2f290AfA0c8386c800dc7cc834d 0x0000000000000000000000000000000000000000 0xA55a74B9a0e9F3e091CF56aC7241eC58BB2a323e 23 1
2021/06/25 13:38:15 Multi 0x0C110D076E7f0CaEF33F1670945f4D8cA7D86793 0xdc2c4a777a32db48755caf1c4ac167bd59e215a47b620d1b9be3ce515337874e 0xF63FC5757cc8e2f290AfA0c8386c800dc7cc834d 0x0000000000000000000000000000000000000000 0xA55a74B9a0e9F3e091CF56aC7241eC58BB2a323e 24 1
2021/06/25 13:38:15 Multi 0x0C110D076E7f0CaEF33F1670945f4D8cA7D86793 0x23915b99c436b0cddee05c5456759d2cb5cb792c8a6518a71f9e31e2151503ad 0xA55a74B9a0e9F3e091CF56aC7241eC58BB2a323e 0xA55a74B9a0e9F3e091CF56aC7241eC58BB2a323e 0xa1EFF0887B93e18bB0f59334a0CB57148BC2086f 24 1
2021/06/25 13:38:15 Multi 0x0C110D076E7f0CaEF33F1670945f4D8cA7D86793 0x497c6333eee3f1c723c4678b64283bddeaf16d642f09ce60eab80f59e29cf169 0xF63FC5757cc8e2f290AfA0c8386c800dc7cc834d 0x0000000000000000000000000000000000000000 0xA55a74B9a0e9F3e091CF56aC7241eC58BB2a323e 25 1
2021/06/25 13:38:15 Multi 0x0C110D076E7f0CaEF33F1670945f4D8cA7D86793 0xeba46a00728cf3658c5d568a4c05b7ccae909e2febe9e07e4ae4b81da9dab5e7 0xA55a74B9a0e9F3e091CF56aC7241eC58BB2a323e 0xA55a74B9a0e9F3e091CF56aC7241eC58BB2a323e 0xa1EFF0887B93e18bB0f59334a0CB57148BC2086f 25 1
2021/06/25 13:38:15 Multi 0x0C110D076E7f0CaEF33F1670945f4D8cA7D86793 0x504f4f95d914543abf800889fdbed7fccb110173cb5086ff49af8307a71f8d76 0xF63FC5757cc8e2f290AfA0c8386c800dc7cc834d 0x0000000000000000000000000000000000000000 0xA55a74B9a0e9F3e091CF56aC7241eC58BB2a323e 26 1
2021/06/25 13:38:15 Multi 0x0C110D076E7f0CaEF33F1670945f4D8cA7D86793 0x99226c98e2a5992560d4f42fdbb16460b1469ab8a501105f2182fb18f95b789d 0xF63FC5757cc8e2f290AfA0c8386c800dc7cc834d 0x0000000000000000000000000000000000000000 0xA55a74B9a0e9F3e091CF56aC7241eC58BB2a323e 27 1
2021/06/25 13:38:15 Multi 0x0C110D076E7f0CaEF33F1670945f4D8cA7D86793 0x04d7fbc322aaaf38988be7eba0e0b847ce2892b313faadc9e632bced776f8c5f 0xF63FC5757cc8e2f290AfA0c8386c800dc7cc834d 0x0000000000000000000000000000000000000000 0xA55a74B9a0e9F3e091CF56aC7241eC58BB2a323e 28 1
2021/06/25 13:38:15 Multi 0x0C110D076E7f0CaEF33F1670945f4D8cA7D86793 0x9f619e712682992975cffdc90b286e40ff4111550da5091bf37d3b46c08b5ead 0xF63FC5757cc8e2f290AfA0c8386c800dc7cc834d 0x0000000000000000000000000000000000000000 0xA55a74B9a0e9F3e091CF56aC7241eC58BB2a323e 29 1
2021/06/25 13:38:15 Multi 0x0C110D076E7f0CaEF33F1670945f4D8cA7D86793 0x7ae231f85bb78dabc37f4551f4e34aabb1e0408da5e90cfceaa3f8b67b09fb76 0xA55a74B9a0e9F3e091CF56aC7241eC58BB2a323e 0xA55a74B9a0e9F3e091CF56aC7241eC58BB2a323e 0xa1EFF0887B93e18bB0f59334a0CB57148BC2086f 29 1
2021/06/25 13:38:15 Multi 0x0C110D076E7f0CaEF33F1670945f4D8cA7D86793 0x0a02504fcc506bca967d5066a4b0fe82b74701022e3acc4e21bbf4572d5ce34d 0xF63FC5757cc8e2f290AfA0c8386c800dc7cc834d 0x0000000000000000000000000000000000000000 0xA55a74B9a0e9F3e091CF56aC7241eC58BB2a323e 30 1
2021/06/25 13:38:15 Multi 0x0C110D076E7f0CaEF33F1670945f4D8cA7D86793 0x330e098c3aa3ff159d0a8821ed90e8637b0daafdc67251702aed821c0ea8776f 0xA55a74B9a0e9F3e091CF56aC7241eC58BB2a323e 0xA55a74B9a0e9F3e091CF56aC7241eC58BB2a323e 0xa1EFF0887B93e18bB0f59334a0CB57148BC2086f 30 1
2021/06/25 13:38:15 Multi 0x0C110D076E7f0CaEF33F1670945f4D8cA7D86793 0x820eee812d160b466454eed462273169f669794044298812db4e85cd8f17531d 0xF63FC5757cc8e2f290AfA0c8386c800dc7cc834d 0x0000000000000000000000000000000000000000 0xA55a74B9a0e9F3e091CF56aC7241eC58BB2a323e 31 1
2021/06/25 13:38:15 Multi 0x0C110D076E7f0CaEF33F1670945f4D8cA7D86793 0x435baac6e5f58c5f00f3d4112485b359950485b7d3942f20d24714515367188d 0xF63FC5757cc8e2f290AfA0c8386c800dc7cc834d 0x0000000000000000000000000000000000000000 0xA55a74B9a0e9F3e091CF56aC7241eC58BB2a323e 32 1
2021/06/25 13:38:15 Multi 0x0C110D076E7f0CaEF33F1670945f4D8cA7D86793 0x6a4665764f92fdfcc88f6b8c3a0a0e44a5c5a3b9a0e938125cb72f14691d4974 0xF63FC5757cc8e2f290AfA0c8386c800dc7cc834d 0x0000000000000000000000000000000000000000 0xA55a74B9a0e9F3e091CF56aC7241eC58BB2a323e 33 1
2021/06/25 13:38:15 Multi 0x0C110D076E7f0CaEF33F1670945f4D8cA7D86793 0x36d321c7644bd242b01b4d5c932d0e32e6b6c2a3c8570e2b7daa743f89dc5fe9 0xA55a74B9a0e9F3e091CF56aC7241eC58BB2a323e 0xA55a74B9a0e9F3e091CF56aC7241eC58BB2a323e 0xa1EFF0887B93e18bB0f59334a0CB57148BC2086f 33 1
2021/06/25 13:38:15 Multi 0x0C110D076E7f0CaEF33F1670945f4D8cA7D86793 0x2355014365a4379c6e966398cc71efcfdf0b8f6c830cd95fbc975e1c04604f99 0xF63FC5757cc8e2f290AfA0c8386c800dc7cc834d 0x0000000000000000000000000000000000000000 0xA55a74B9a0e9F3e091CF56aC7241eC58BB2a323e 34 1
2021/06/25 13:38:15 Multi 0x0C110D076E7f0CaEF33F1670945f4D8cA7D86793 0xa5aac718384a37a75ca6c52ee7047c9cf03970ec9b2c68ed1704d6d2ce21cb14 0xF63FC5757cc8e2f290AfA0c8386c800dc7cc834d 0x0000000000000000000000000000000000000000 0xA55a74B9a0e9F3e091CF56aC7241eC58BB2a323e 35 1
2021/06/25 13:38:15 Multi 0x0C110D076E7f0CaEF33F1670945f4D8cA7D86793 0x43983c584365408e228efe178a7c03d1a4503e981cf2b88719418e24124a02aa 0xF63FC5757cc8e2f290AfA0c8386c800dc7cc834d 0x0000000000000000000000000000000000000000 0xA55a74B9a0e9F3e091CF56aC7241eC58BB2a323e 36 1
2021/06/25 13:38:15 Multi 0x0C110D076E7f0CaEF33F1670945f4D8cA7D86793 0x4479f747b56e50efccde0a7bc6ba9a1d4d3a511d495bd988d082de6ab04bf88f 0xF63FC5757cc8e2f290AfA0c8386c800dc7cc834d 0x0000000000000000000000000000000000000000 0xA55a74B9a0e9F3e091CF56aC7241eC58BB2a323e 37 1
2021/06/25 13:38:15 Multi 0x0C110D076E7f0CaEF33F1670945f4D8cA7D86793 0x1ad96d4328ab77319e7854c354e6627b940897084e214890a12450bd5d7fd17e 0xF63FC5757cc8e2f290AfA0c8386c800dc7cc834d 0x0000000000000000000000000000000000000000 0xA55a74B9a0e9F3e091CF56aC7241eC58BB2a323e 38 1
2021/06/25 13:38:15 Multi 0x0C110D076E7f0CaEF33F1670945f4D8cA7D86793 0xfc0594be19f39f0db22e36f441903b05613a72c09ce0da6e44fd29de5ba86275 0xF63FC5757cc8e2f290AfA0c8386c800dc7cc834d 0x0000000000000000000000000000000000000000 0xA55a74B9a0e9F3e091CF56aC7241eC58BB2a323e 39 1
2021/06/25 13:38:15 Multi 0x0C110D076E7f0CaEF33F1670945f4D8cA7D86793 0xc63bfa277744bc38c9da3336782fc84b37a95c63f795c68e9bd02a75b28fc33c 0xF63FC5757cc8e2f290AfA0c8386c800dc7cc834d 0x0000000000000000000000000000000000000000 0xA55a74B9a0e9F3e091CF56aC7241eC58BB2a323e 41 1
2021/06/25 13:38:15 Multi 0x0C110D076E7f0CaEF33F1670945f4D8cA7D86793 0xf008fb1713dea46c5e152aac03d5d3ca53150a99b2deb4df261d4513ddc92d70 0xF63FC5757cc8e2f290AfA0c8386c800dc7cc834d 0x0000000000000000000000000000000000000000 0xA55a74B9a0e9F3e091CF56aC7241eC58BB2a323e 42 1
2021/06/25 13:38:15 Multi 0x0C110D076E7f0CaEF33F1670945f4D8cA7D86793 0x35531770311f5fbf98921030b7fd12b8d049733bc0c074c435e11c41946ad0da 0xF63FC5757cc8e2f290AfA0c8386c800dc7cc834d 0x0000000000000000000000000000000000000000 0xA55a74B9a0e9F3e091CF56aC7241eC58BB2a323e 46 1
2021/06/25 13:38:15 Multi 0x0C110D076E7f0CaEF33F1670945f4D8cA7D86793 0x175803e263c9e3517b3209ba4fea9edc27aee39238fe644dcf903cc63b83ca62 0xF63FC5757cc8e2f290AfA0c8386c800dc7cc834d 0x0000000000000000000000000000000000000000 0xA55a74B9a0e9F3e091CF56aC7241eC58BB2a323e 47 1
2021/06/25 13:38:15 Multi 0x0C110D076E7f0CaEF33F1670945f4D8cA7D86793 0xf4bf6004ac810f177d3d6d02ef225b36a08864c5c8d7b63fd95d766679324df9 0xF63FC5757cc8e2f290AfA0c8386c800dc7cc834d 0x0000000000000000000000000000000000000000 0xA55a74B9a0e9F3e091CF56aC7241eC58BB2a323e 48 1
2021/06/25 13:38:15 Multi 0x0C110D076E7f0CaEF33F1670945f4D8cA7D86793 0xc407ae4bdf41c371f62dccba879b517170690ce75f7f762648195d86b8a500ce 0xF63FC5757cc8e2f290AfA0c8386c800dc7cc834d 0x0000000000000000000000000000000000000000 0xA55a74B9a0e9F3e091CF56aC7241eC58BB2a323e 49 1
2021/06/25 13:38:15 Multi 0x0C110D076E7f0CaEF33F1670945f4D8cA7D86793 0x2fdedb33db713d452fb3e91a347843cabe29f107d3f979ec31a365c3ba2c8062 0xF63FC5757cc8e2f290AfA0c8386c800dc7cc834d 0x0000000000000000000000000000000000000000 0xA55a74B9a0e9F3e091CF56aC7241eC58BB2a323e 50 1
2021/06/25 13:38:15 Multi 0x0C110D076E7f0CaEF33F1670945f4D8cA7D86793 0x3c8a6e643dd70f569bbf64f335c595f71b682833f1b7bf4510414669f5fba967 0xA55a74B9a0e9F3e091CF56aC7241eC58BB2a323e 0xA55a74B9a0e9F3e091CF56aC7241eC58BB2a323e 0xa1EFF0887B93e18bB0f59334a0CB57148BC2086f 48 1
2021/06/25 13:38:15 Multi 0x0C110D076E7f0CaEF33F1670945f4D8cA7D86793 0x17dce2953a6b5358111ee4b9495a72176d3f5b68e67623bc2641b85726f2d92c 0xA55a74B9a0e9F3e091CF56aC7241eC58BB2a323e 0xA55a74B9a0e9F3e091CF56aC7241eC58BB2a323e 0x99cCdB3B9b96f8045939842FBA85a47ced5e61bB 49 1
2021/06/25 13:38:15 Multi 0x0C110D076E7f0CaEF33F1670945f4D8cA7D86793 0x98a9c4cabb472122c5d5be910a158d146e0cf60dbbb0dcd4c0897b51d054086c 0xF63FC5757cc8e2f290AfA0c8386c800dc7cc834d 0xA55a74B9a0e9F3e091CF56aC7241eC58BB2a323e 0x16d9d13bFDee5012b5CE81a2e5E621a3362b94b9 41 1
2021/06/25 13:38:15 Multi 0x0C110D076E7f0CaEF33F1670945f4D8cA7D86793 0x84a1bbe6aab669733bcd60467698daa757421e8069a35a1fd5674a76796aaeaa 0xF63FC5757cc8e2f290AfA0c8386c800dc7cc834d 0xA55a74B9a0e9F3e091CF56aC7241eC58BB2a323e 0x16d9d13bFDee5012b5CE81a2e5E621a3362b94b9 39 1
2021/06/25 13:38:15 Multi 0x0C110D076E7f0CaEF33F1670945f4D8cA7D86793 0x0f477929896293be40c794ae79d3aa795b1489856bd6a75d3407d6c093ef1817 0xF63FC5757cc8e2f290AfA0c8386c800dc7cc834d 0xA55a74B9a0e9F3e091CF56aC7241eC58BB2a323e 0x16d9d13bFDee5012b5CE81a2e5E621a3362b94b9 19 1
2021/06/25 13:38:20 Multi 0x0C110D076E7f0CaEF33F1670945f4D8cA7D86793 0xadbf91e08136365a1f82da0c9b04887aa438479fe66a8a1ae114c04e8745b531 0xF63FC5757cc8e2f290AfA0c8386c800dc7cc834d 0xA55a74B9a0e9F3e091CF56aC7241eC58BB2a323e 0xDb89C1C66191E6B3Af2A299fbfF2E22EB1Fe1AE0 47 1
