2021/06/10 14:37:01 database :  dial tcp [::1]:5432: connect: connection refused
2021/06/10 14:37:01 
2021/06/10 14:37:01 dial tcp [::1]:5432: connect: connection refused
2021/06/10 17:47:00 database :  pq: password authentication failed for user "ubuntu"
2021/06/10 17:47:00 host=localhost user=ubuntu port=5432 sslmode=disable dbname=minty connect_timeout=10
2021/06/10 17:47:00 pq: password authentication failed for user "ubuntu"
2021/06/10 22:48:43 database :  pq: password authentication failed for user "ubuntu"
2021/06/10 22:48:43 host=localhost user=ubuntu port=5432 sslmode=disable dbname=minty connect_timeout=10
2021/06/10 22:48:43 pq: password authentication failed for user "ubuntu"
2021/06/10 22:51:56 database :  pq: password authentication failed for user "postgres"
2021/06/10 22:51:56 host=localhost user=postgres port=5432 sslmode=disable dbname=minty connect_timeout=10
2021/06/10 22:51:56 pq: password authentication failed for user "postgres"
2021/06/10 22:56:09 pq: permission denied for table users
2021/06/10 23:00:48 sql: Scan error on column index 4, name "token_address": converting NULL to string is unsupported
2021/06/11 00:05:12 sql: expected 9 destination arguments in Scan, not 5
2021/06/11 04:41:32 database :  read tcp [::1]:51640->[::1]:5432: read: connection reset by peer
2021/06/11 04:41:32 host=localhost user=mintyadmin password=nimdaytnim port=5432 sslmode=disable dbname=minty connect_timeout=10
2021/06/11 04:41:32 read tcp [::1]:51640->[::1]:5432: read: connection reset by peer
2021/06/11 04:54:55 
2021/06/11 04:55:28 
2021/06/11 04:57:56 
2021/06/11 04:59:19 
2021/06/11 05:00:23 Project  LIFE MUST GO ON already has a token  0x65DCBeE2cd5Df261a4ed9a4F4ECF10193d063082

2021/06/11 05:07:13 Project  LIFE MUST GO ON already has a token  0x65DCBeE2cd5Df261a4ed9a4F4ECF10193d063082

2021/06/11 05:41:13 pq: column "address" of relation "project" does not exist
2021/06/11 06:26:17 failed to estimate gas needed: gas required exceeds allowance (170679)
2021/06/11 22:42:15 database :  dial tcp [::1]:5432: connect: connection refused
2021/06/11 22:42:15 host=localhost user=mintyadmin password=nimdaytnim port=5432 sslmode=disable dbname=minty connect_timeout=10
2021/06/11 22:42:15 dial tcp [::1]:5432: connect: connection refused
2021/06/11 22:42:34 Project  AE 1 already has a token  0xAbB92D336431b125d3C4b5C5F8800311Caf0a910

2021/06/13 05:38:43 Project  test prj updated already has a token  test address

2021/06/14 20:32:23 getArtistspq: syntax error at or near "from"
2021/06/14 20:33:02 getArtistspq: syntax error at or near "from"
2021/06/14 20:33:44 getArtistspq: syntax error at or near "from"
2021/06/14 20:34:00 getArtistspq: syntax error at or near "where"
2021/06/14 20:34:19 getArtistspq: function max() does not exist
2021/06/14 20:34:33 getArtistspq: LIMIT #,# syntax is not supported
2021/06/14 20:36:15 getArtistspq: invalid input syntax for integer: ""
2021/06/14 20:52:44 getArtistssql: Scan error on column index 7, name "facebook": converting NULL to string is unsupported
2021/06/14 20:53:27 getArtistssql: Scan error on column index 2, name "nickname": converting NULL to string is unsupported
2021/06/14 20:55:12 getArtistssql: Scan error on column index 3, name "avatar": converting NULL to string is unsupported
2021/06/15 15:22:02 504 Gateway Timeout: <!DOCTYPE html>
<!--[if lt IE 7]> <html class="no-js ie6 oldie" lang="en-US"> <![endif]-->
<!--[if IE 7]>    <html class="no-js ie7 oldie" lang="en-US"> <![endif]-->
<!--[if IE 8]>    <html class="no-js ie8 oldie" lang="en-US"> <![endif]-->
<!--[if gt IE 8]><!--> <html class="no-js" lang="en-US"> <!--<![endif]-->
<head>
<meta http-equiv="refresh" content="0">

<title>rpc-mumbai.maticvigil.com | 504: Gateway time-out</title>
<meta charset="UTF-8" />
<meta http-equiv="Content-Type" content="text/html; charset=UTF-8" />
<meta http-equiv="X-UA-Compatible" content="IE=Edge,chrome=1" />
<meta name="robots" content="noindex, nofollow" />
<meta name="viewport" content="width=device-width,initial-scale=1" />
<link rel="stylesheet" id="cf_styles-css" href="/cdn-cgi/styles/main.css" type="text/css" media="screen,projection" />


</head>
<body>
<div id="cf-wrapper">

    

    <div id="cf-error-details" class="p-0">
        <header class="mx-auto pt-10 lg:pt-6 lg:px-8 w-240 lg:w-full mb-8">
            <h1 class="inline-block sm:block sm:mb-2 font-light text-60 lg:text-4xl text-black-dark leading-tight mr-2">
              
              <span class="cf-error-type">Error</span>
              <span class="cf-error-code">504</span>
            </h1>
            <span class="inline-block sm:block font-mono text-15 lg:text-sm lg:leading-relaxed">Ray ID: 65fa0b082eff1426 &bull;</span>
            <span class="inline-block sm:block font-mono text-15 lg:text-sm lg:leading-relaxed">2021-06-15 07:22:02 UTC</span>
            <h2 class="text-gray-600 leading-1.3 text-3xl font-light">Gateway time-out</h2>
        </header>
        
        <div class="my-8 bg-gradient-gray">
            <div class="w-240 lg:w-full mx-auto">
                <div class="clearfix md:px-8">
                  
<div id="cf-browser-status" class=" relative w-1/3 md:w-full py-15 md:p-0 md:py-8 md:text-left md:border-solid md:border-0 md:border-b md:border-gray-400 overflow-hidden float-left md:float-none text-center">
  <div class="relative mb-10 md:m-0">
    <span class="cf-icon-browser block md:hidden h-20 bg-center bg-no-repeat"></span>
    <span class="cf-icon-ok w-12 h-12 absolute left-1/2 md:left-auto md:right-0 md:top-0 -ml-6 -bottom-4"></span>
  </div>
  <span class="md:block w-full truncate">You</span>
  <h3 class="md:inline-block mt-3 md:mt-0 text-2xl text-gray-600 font-light leading-1.3">Browser</h3>
  <span class="leading-1.3 text-2xl text-green-success">Working</span>
</div>

<div id="cf-cloudflare-status" class=" relative w-1/3 md:w-full py-15 md:p-0 md:py-8 md:text-left md:border-solid md:border-0 md:border-b md:border-gray-400 overflow-hidden float-left md:float-none text-center">
  <div class="relative mb-10 md:m-0">
    <span class="cf-icon-cloud block md:hidden h-20 bg-center bg-no-repeat"></span>
    <span class="cf-icon-ok w-12 h-12 absolute left-1/2 md:left-auto md:right-0 md:top-0 -ml-6 -bottom-4"></span>
  </div>
  <span class="md:block w-full truncate">Johor Bahru</span>
  <h3 class="md:inline-block mt-3 md:mt-0 text-2xl text-gray-600 font-light leading-1.3">Cloudflare</h3>
  <span class="leading-1.3 text-2xl text-green-success">Working</span>
</div>

<div id="cf-host-status" class="cf-error-source relative w-1/3 md:w-full py-15 md:p-0 md:py-8 md:text-left md:border-solid md:border-0 md:border-b md:border-gray-400 overflow-hidden float-left md:float-none text-center">
  <div class="relative mb-10 md:m-0">
    <span class="cf-icon-server block md:hidden h-20 bg-center bg-no-repeat"></span>
    <span class="cf-icon-error w-12 h-12 absolute left-1/2 md:left-auto md:right-0 md:top-0 -ml-6 -bottom-4"></span>
  </div>
  <span class="md:block w-full truncate">rpc-mumbai.maticvigil.com</span>
  <h3 class="md:inline-block mt-3 md:mt-0 text-2xl text-gray-600 font-light leading-1.3">Host</h3>
  <span class="leading-1.3 text-2xl text-red-error">Error</span>
</div>

                </div>
              
            </div>
        </div>

        <div class="w-240 lg:w-full mx-auto mb-8 lg:px-8">
            <div class="clearfix">
                <div class="w-1/2 md:w-full float-left pr-6 md:pb-10 md:pr-0 leading-relaxed">
                    <h2 class="text-3xl font-normal leading-1.3 mb-4">What happened?</h2>
                    <p>The web server reported a gateway time-out error.</p>
                </div>
              
                <div class="w-1/2 md:w-full float-left leading-relaxed">
                    <h2 class="text-3xl font-normal leading-1.3 mb-4">What can I do?</h2>
                    <p class="mb-6">Please try again in a few minutes.</p>
                </div>
            </div>
              
        </div>

        <div class="cf-error-footer cf-wrapper w-240 lg:w-full py-10 sm:py-4 sm:px-8 mx-auto text-center sm:text-left border-solid border-0 border-t border-gray-300">
  <p class="text-13">
    <span class="cf-footer-item sm:block sm:mb-1">Cloudflare Ray ID: <strong class="font-semibold">65fa0b082eff1426</strong></span>
    <span class="cf-footer-separator sm:hidden">&bull;</span>
    <span class="cf-footer-item sm:block sm:mb-1"><span>Your IP</span>: 118.101.126.74</span>
    <span class="cf-footer-separator sm:hidden">&bull;</span>
    <span class="cf-footer-item sm:block sm:mb-1"><span>Performance &amp; security by</span> <a rel="noopener noreferrer" href="https://www.cloudflare.com/5xx-error-landing" id="brand_link" target="_blank">Cloudflare</a></span>
    
  </p>
</div><!-- /.error-footer -->


    </div>
</div>
</body>
</html>

2021/06/15 15:23:12 failed to suggest gas price: 504 Gateway Timeout: <!DOCTYPE html>
<!--[if lt IE 7]> <html class="no-js ie6 oldie" lang="en-US"> <![endif]-->
<!--[if IE 7]>    <html class="no-js ie7 oldie" lang="en-US"> <![endif]-->
<!--[if IE 8]>    <html class="no-js ie8 oldie" lang="en-US"> <![endif]-->
<!--[if gt IE 8]><!--> <html class="no-js" lang="en-US"> <!--<![endif]-->
<head>
<meta http-equiv="refresh" content="0">

<title>rpc-mumbai.maticvigil.com | 504: Gateway time-out</title>
<meta charset="UTF-8" />
<meta http-equiv="Content-Type" content="text/html; charset=UTF-8" />
<meta http-equiv="X-UA-Compatible" content="IE=Edge,chrome=1" />
<meta name="robots" content="noindex, nofollow" />
<meta name="viewport" content="width=device-width,initial-scale=1" />
<link rel="stylesheet" id="cf_styles-css" href="/cdn-cgi/styles/main.css" type="text/css" media="screen,projection" />


</head>
<body>
<div id="cf-wrapper">

    

    <div id="cf-error-details" class="p-0">
        <header class="mx-auto pt-10 lg:pt-6 lg:px-8 w-240 lg:w-full mb-8">
            <h1 class="inline-block sm:block sm:mb-2 font-light text-60 lg:text-4xl text-black-dark leading-tight mr-2">
              
              <span class="cf-error-type">Error</span>
              <span class="cf-error-code">504</span>
            </h1>
            <span class="inline-block sm:block font-mono text-15 lg:text-sm lg:leading-relaxed">Ray ID: 65fa0cba9b861408 &bull;</span>
            <span class="inline-block sm:block font-mono text-15 lg:text-sm lg:leading-relaxed">2021-06-15 07:23:12 UTC</span>
            <h2 class="text-gray-600 leading-1.3 text-3xl font-light">Gateway time-out</h2>
        </header>
        
        <div class="my-8 bg-gradient-gray">
            <div class="w-240 lg:w-full mx-auto">
                <div class="clearfix md:px-8">
                  
<div id="cf-browser-status" class=" relative w-1/3 md:w-full py-15 md:p-0 md:py-8 md:text-left md:border-solid md:border-0 md:border-b md:border-gray-400 overflow-hidden float-left md:float-none text-center">
  <div class="relative mb-10 md:m-0">
    <span class="cf-icon-browser block md:hidden h-20 bg-center bg-no-repeat"></span>
    <span class="cf-icon-ok w-12 h-12 absolute left-1/2 md:left-auto md:right-0 md:top-0 -ml-6 -bottom-4"></span>
  </div>
  <span class="md:block w-full truncate">You</span>
  <h3 class="md:inline-block mt-3 md:mt-0 text-2xl text-gray-600 font-light leading-1.3">Browser</h3>
  <span class="leading-1.3 text-2xl text-green-success">Working</span>
</div>

<div id="cf-cloudflare-status" class=" relative w-1/3 md:w-full py-15 md:p-0 md:py-8 md:text-left md:border-solid md:border-0 md:border-b md:border-gray-400 overflow-hidden float-left md:float-none text-center">
  <div class="relative mb-10 md:m-0">
    <span class="cf-icon-cloud block md:hidden h-20 bg-center bg-no-repeat"></span>
    <span class="cf-icon-ok w-12 h-12 absolute left-1/2 md:left-auto md:right-0 md:top-0 -ml-6 -bottom-4"></span>
  </div>
  <span class="md:block w-full truncate">Johor Bahru</span>
  <h3 class="md:inline-block mt-3 md:mt-0 text-2xl text-gray-600 font-light leading-1.3">Cloudflare</h3>
  <span class="leading-1.3 text-2xl text-green-success">Working</span>
</div>

<div id="cf-host-status" class="cf-error-source relative w-1/3 md:w-full py-15 md:p-0 md:py-8 md:text-left md:border-solid md:border-0 md:border-b md:border-gray-400 overflow-hidden float-left md:float-none text-center">
  <div class="relative mb-10 md:m-0">
    <span class="cf-icon-server block md:hidden h-20 bg-center bg-no-repeat"></span>
    <span class="cf-icon-error w-12 h-12 absolute left-1/2 md:left-auto md:right-0 md:top-0 -ml-6 -bottom-4"></span>
  </div>
  <span class="md:block w-full truncate">rpc-mumbai.maticvigil.com</span>
  <h3 class="md:inline-block mt-3 md:mt-0 text-2xl text-gray-600 font-light leading-1.3">Host</h3>
  <span class="leading-1.3 text-2xl text-red-error">Error</span>
</div>

                </div>
              
            </div>
        </div>

        <div class="w-240 lg:w-full mx-auto mb-8 lg:px-8">
            <div class="clearfix">
                <div class="w-1/2 md:w-full float-left pr-6 md:pb-10 md:pr-0 leading-relaxed">
                    <h2 class="text-3xl font-normal leading-1.3 mb-4">What happened?</h2>
                    <p>The web server reported a gateway time-out error.</p>
                </div>
              
                <div class="w-1/2 md:w-full float-left leading-relaxed">
                    <h2 class="text-3xl font-normal leading-1.3 mb-4">What can I do?</h2>
                    <p class="mb-6">Please try again in a few minutes.</p>
                </div>
            </div>
              
        </div>

        <div class="cf-error-footer cf-wrapper w-240 lg:w-full py-10 sm:py-4 sm:px-8 mx-auto text-center sm:text-left border-solid border-0 border-t border-gray-300">
  <p class="text-13">
    <span class="cf-footer-item sm:block sm:mb-1">Cloudflare Ray ID: <strong class="font-semibold">65fa0cba9b861408</strong></span>
    <span class="cf-footer-separator sm:hidden">&bull;</span>
    <span class="cf-footer-item sm:block sm:mb-1"><span>Your IP</span>: 118.101.126.74</span>
    <span class="cf-footer-separator sm:hidden">&bull;</span>
    <span class="cf-footer-item sm:block sm:mb-1"><span>Performance &amp; security by</span> <a rel="noopener noreferrer" href="https://www.cloudflare.com/5xx-error-landing" id="brand_link" target="_blank">Cloudflare</a></span>
    
  </p>
</div><!-- /.error-footer -->


    </div>
</div>
</body>
</html>

2021/06/15 15:40:43 chain IDPost "https://rpc-mumbai.maticvigil.com/v1/e46cca76910d825dbf7dd4b813700395c49b4baf": context deadline exceeded
2021/06/15 15:41:38 chain IDPost "https://rpc-mumbai.maticvigil.com/v1/e46cca76910d825dbf7dd4b813700395c49b4baf": context deadline exceeded
2021/06/16 06:38:53 chain ID429 Too Many Requests: {"error":{"details":"Rate limit exceeded: 150000 per 1 day. Check response body for more details on backoff.","code":-32005,"data":{"rate_violated":"150000 per 1 day","next_reset_epoch":"1623801673","violating_domain":["80001","e46cca76910d825dbf7dd4b813700395c49b4baf","appID:e46cca76910d825dbf7dd4b813700395c49b4baf"]}},"jsonrpc":"2.0","id":1}
2021/06/16 07:17:22 database :  dial tcp [::1]:5432: connect: connection refused
2021/06/16 07:17:22 host=localhost user=mintyadmin password=nimdaytnim port=5432 sslmode=disable dbname=minty connect_timeout=10
2021/06/17 07:20:03 failed to estimate gas needed: insufficient funds for transfer
2021/06/17 12:50:50 failed to estimate gas needed: insufficient funds for transfer
2021/06/17 12:54:57 failed to estimate gas needed: insufficient funds for transfer
